/bin/umount
/bin/fusermount
/bin/su
/bin/mount
/bin/ping
/bin/ping6
/sbin/mount.nfs
/lib/dhcp3-client/call-dhclient-script
/usr/bin/sudoedit
/usr/bin/X
/usr/bin/netkit-rsh
/usr/bin/gpasswd
/usr/bin/traceroute6.iputils
/usr/bin/sudo
/usr/bin/netkit-rlogin
/usr/bin/arping
/usr/bin/at
/usr/bin/newgrp
/usr/bin/chfn
/usr/bin/nmap
/usr/bin/chsh
/usr/bin/netkit-rcp
/usr/bin/passwd
/usr/bin/mtr
/usr/sbin/uuidd
/usr/sbin/pppd
/usr/lib/telnetlogin
/usr/lib/apache2/suexec
/usr/lib/eject/dmcrypt-get-device
/usr/lib/openssh/ssh-keysign
/usr/lib/pt_chown
/usr/lib/vmware-tools/bin64/vmware-user-suid-wrapper
/usr/lib/vmware-tools/bin32/vmware-user-suid-wrapper
