- Nikto v2.1.5
---------------------------------------------------------------------------
+ Target IP:          10.10.10.191
+ Target Hostname:    10.10.10.191
+ Target Port:        80
+ Start Time:         2021-04-01 02:18:20 (GMT3)
---------------------------------------------------------------------------
+ Server: Apache/2.4.41 (Ubuntu)
+ Retrieved x-powered-by header: Bludit
+ The anti-clickjacking X-Frame-Options header is not present.
+ All CGI directories 'found', use '-C none' to test none
+ File/dir '/' in robots.txt returned a non-forbidden or redirect HTTP code (200)
+ "robots.txt" contains 1 entry which should be manually viewed.
+ DEBUG HTTP verb may show server debugging information. See http://msdn.microsoft.com/en-us/library/e8z01xdh%28VS.80%29.aspx for details.
+ Cookie BLUDIT-KEY created without the httponly flag
+ /admin/config.php: PHP Config file may contain database IDs and passwords.
+ /admin/cplogfile.log: DevBB 1.0 final (http://www.mybboard.com) log file is readable remotely. Upgrade to the latest version.
+ /admin/system_footer.php: myphpnuke version 1.8.8_final_7 reveals detailed system information.
+ OSVDB-3233: /admin/admin_phpinfo.php4: Mon Album from http://www.3dsrc.com version 0.6.2d allows remote admin access. This should be protected.
+ OSVDB-5034: /admin/login.php?action=insert&username=test&password=test: phpAuction may allow user admin accounts to be inserted without proper authentication. Attempt to log in with user 'test' password 'test' to verify.
+ OSVDB-376: /admin/contextAdmin/contextAdmin.html: Tomcat may be configured to let attackers read arbitrary files. Restrict access to /admin.
+ OSVDB-2813: /admin/database/wwForum.mdb: Web Wiz Forums pre 7.5 is vulnerable to Cross-Site Scripting attacks. Default login/pass is Administrator/letmein
+ OSVDB-2922: /admin/wg_user-info.ml: WebGate Web Eye exposes user names and passwords.
+ OSVDB-3092: /admin/: This might be interesting...
+ OSVDB-3093: /admin/auth.php: This might be interesting... has been seen in web logs from an unknown scanner.
+ OSVDB-3093: /admin/cfg/configscreen.inc.php+: This might be interesting... has been seen in web logs from an unknown scanner.
+ OSVDB-3093: /admin/cfg/configsite.inc.php+: This might be interesting... has been seen in web logs from an unknown scanner.
+ OSVDB-3093: /admin/cfg/configsql.inc.php+: This might be interesting... has been seen in web logs from an unknown scanner.
+ OSVDB-3093: /admin/cfg/configtache.inc.php+: This might be interesting... has been seen in web logs from an unknown scanner.
+ OSVDB-3093: /admin/cms/htmltags.php: This might be interesting... has been seen in web logs from an unknown scanner.
+ OSVDB-3093: /admin/credit_card_info.php: This might be interesting... has been seen in web logs from an unknown scanner.
+ OSVDB-3093: /admin/exec.php3: This might be interesting... has been seen in web logs from an unknown scanner.
+ OSVDB-3093: /admin/index.php: This might be interesting... has been seen in web logs from an unknown scanner.
+ OSVDB-3093: /admin/modules/cache.php+: This might be interesting... has been seen in web logs from an unknown scanner.
+ OSVDB-3093: /admin/objects.inc.php4: This might be interesting... has been seen in web logs from an unknown scanner.
+ OSVDB-3093: /admin/script.php: This might be interesting... has been seen in web logs from an unknown scanner.
+ OSVDB-3093: /admin/settings.inc.php+: This might be interesting... has been seen in web logs from an unknown scanner.
+ OSVDB-3093: /admin/templates/header.php: This might be interesting... has been seen in web logs from an unknown scanner.
+ OSVDB-3093: /admin/upload.php: This might be interesting... has been seen in web logs from an unknown scanner.
+ OSVDB-4238: /admin/adminproc.asp: Xpede administration page may be available. The /admin directory should be protected.
+ OSVDB-4239: /admin/datasource.asp: Xpede page reveals SQL account name. The /admin directory should be protected.
+ OSVDB-9624: /admin/admin.php?adminpy=1: PY-Membres 4.2 may allow administrator access.
+ OSVDB-3092: /install.php: Drupal install.php file found.
+ OSVDB-3092: /install.php: install.php file found.
+ /admin/account.asp: Admin login page/section found.
+ /admin/account.html: Admin login page/section found.
+ /admin/account.php: Admin login page/section found.
+ /admin/controlpanel.asp: Admin login page/section found.
+ /admin/controlpanel.html: Admin login page/section found.
+ /admin/controlpanel.php: Admin login page/section found.
+ /admin/cp.asp: Admin login page/section found.
+ /admin/cp.html: Admin login page/section found.
+ /admin/cp.php: Admin login page/section found.
+ /admin/home.asp: Admin login page/section found.
+ /admin/home.php: Admin login page/section found.
+ /admin/index.asp: Admin login page/section found.
+ /admin/index.html: Admin login page/section found.
+ /admin/login.asp: Admin login page/section found.
+ /admin/login.html: Admin login page/section found.
+ /admin/login.php: Admin login page/section found.
+ 6544 items checked: 0 error(s) and 51 item(s) reported on remote host
+ End Time:           2021-04-01 02:57:04 (GMT3) (2324 seconds)
---------------------------------------------------------------------------
+ 1 host(s) tested
