

                     [48;2;194;194;194m[38;2;26;43;21mâ–„[48;2;159;158;159m[38;2;58;91;50mâ–„[48;2;130;130;130m[38;2;68;119;56mâ–„[48;2;116;117;116m[38;2;86;143;70mâ–„[48;2;98;98;98m[38;2;100;153;87mâ–„[48;2;63;65;63m[38;2;102;164;86mâ–„[48;2;46;49;44m[38;2;98;168;79mâ–„[48;2;43;45;43m[38;2;91;155;75mâ–„[48;2;61;62;61m[38;2;78;137;63mâ–„[48;2;102;101;102m[38;2;64;112;52mâ–„[48;2;134;134;134m[38;2;38;67;32mâ–„[48;2;164;164;164m[38;2;20;35;16mâ–„[48;2;188;187;188m[38;2;10;20;8mâ–„[48;2;223;223;223m[38;2;15;21;13mâ–„[0m
             [48;2;230;230;230m[38;2;49;80;41mâ–„[48;2;132;132;133m[38;2;73;133;59mâ–„[48;2;20;21;20m[38;2;91;163;72mâ–„[48;2;14;27;12m[38;2;96;174;76mâ–„[48;2;51;92;41m[38;2;98;177;78mâ–„[48;2;86;155;68m[38;2;98;177;78mâ–„[48;2;96;173;77m[38;2;98;177;78mâ–„[48;2;98;177;78m [48;2;98;177;78m [48;2;98;177;78m [48;2;98;177;78m [48;2;98;177;78m [48;2;98;177;78m [48;2;98;177;78m [48;2;98;177;78m [48;2;98;177;78m [48;2;98;177;78m [48;2;98;177;78m [48;2;98;177;78m [48;2;98;177;78m [48;2;98;178;78m[38;2;98;177;78mâ–„[48;2;97;175;76m[38;2;98;177;78mâ–„[48;2;93;168;74m[38;2;98;177;78mâ–„[48;2;99;163;83m[38;2;97;177;77mâ–„[48;2;99;151;86m[38;2;98;177;78mâ–„[48;2;35;57;29m[38;2;98;176;78mâ–„[48;2;19;21;19m[38;2;94;169;75mâ–„[48;2;118;118;118m[38;2;70;125;56mâ–„[48;2;234;234;234m[38;2;30;45;26mâ–„[0m
      [48;2;216;216;216m[38;2;42;65;36mâ–„[48;2;159;159;159m[38;2;62;106;52mâ–„[48;2;94;95;94m[38;2;86;152;70mâ–„[48;2;57;72;53m[38;2;96;174;77mâ–„[48;2;57;96;47m[38;2;98;177;78mâ–„[48;2;78;136;62m[38;2;98;177;78mâ–„[48;2;95;167;76m[38;2;98;177;78mâ–„[48;2;98;177;78m [48;2;98;177;78m [48;2;98;177;78m [48;2;98;177;78m [48;2;98;177;78m [48;2;98;177;78m [48;2;98;177;78m[38;2;98;176;77mâ–„[48;2;98;177;78m[38;2;91;165;72mâ–„[48;2;98;177;78m[38;2;76;137;60mâ–„[48;2;98;177;78m[38;2;54;97;42mâ–„[48;2;99;179;79m[38;2;39;71;30mâ–„[48;2;100;181;79m[38;2;35;60;30mâ–„[48;2;101;181;81m[38;2;42;66;37mâ–„[48;2;100;177;80m[38;2;52;73;45mâ–„[48;2;95;175;76m[38;2;47;75;40mâ–„[48;2;94;178;73m[38;2;41;75;33mâ–„[48;2;98;179;78m[38;2;42;73;34mâ–„[48;2;99;180;79m[38;2;40;70;33mâ–„[48;2;99;179;78m[38;2;44;75;36mâ–„[48;2;97;177;77m[38;2;55;93;46mâ–„[48;2;97;176;77m[38;2;65;113;52mâ–„[48;2;98;177;78m[38;2;79;141;63mâ–„[48;2;98;177;78m[38;2;93;166;75mâ–„[48;2;98;177;78m[38;2;99;177;79mâ–„[48;2;98;177;78m[38;2;97;177;78mâ–„[48;2;98;177;78m[38;2;97;177;78mâ–„[48;2;98;177;78m [48;2;98;177;78m [48;2;94;170;75m[38;2;98;177;78mâ–„[48;2;71;128;56m[38;2;98;177;78mâ–„[48;2;34;56;28m[38;2;97;175;77mâ–„[48;2;64;66;64m[38;2;78;140;62mâ–„[48;2;161;161;161m[38;2;48;84;39mâ–„[0m
  [48;2;66;112;54m[38;2;98;177;78mâ–„[48;2;80;133;66m[38;2;98;177;78mâ–„[48;2;95;162;76m[38;2;98;177;78mâ–„[48;2;96;171;76m[38;2;98;177;78mâ–„[48;2;98;177;78m [48;2;98;177;78m [48;2;98;177;78m [48;2;98;177;78m [48;2;98;177;78m [48;2;98;177;78m[38;2;98;176;78mâ–„[48;2;98;177;78m [48;2;98;177;78m[38;2;97;176;77mâ–„[48;2;98;177;78m[38;2;96;174;76mâ–„[48;2;98;177;78m[38;2;74;130;59mâ–„[48;2;98;176;78m[38;2;32;49;27mâ–„[48;2;95;166;76m[38;2;18;29;15mâ–„[48;2;73;126;59m[38;2;65;113;53mâ–„[48;2;40;62;34m[38;2;107;209;83mâ–„[48;2;23;43;19m[38;2;77;220;42mâ–„[48;2;32;72;22m[38;2;72;218;36mâ–„[48;2;55;155;30m[38;2;73;217;37mâ–„[48;2;71;203;38m[38;2;73;217;37mâ–„[48;2;79;212;46m[38;2;73;218;37mâ–„[48;2;81;216;48m[38;2;73;218;37mâ–„[48;2;82;220;48m[38;2;73;218;37mâ–„[48;2;79;221;44m[38;2;73;218;37mâ–„[48;2;76;219;40m[38;2;73;218;37mâ–„[48;2;76;218;40m[38;2;73;218;37mâ–„[48;2;75;213;41m[38;2;73;218;37mâ–„[48;2;79;203;48m[38;2;73;218;37mâ–„[48;2;76;175;52m[38;2;73;218;37mâ–„[48;2;52;127;33m[38;2;73;218;37mâ–„[48;2;29;75;18m[38;2;73;217;37mâ–„[48;2;19;45;12m[38;2;73;218;36mâ–„[48;2;45;74;38m[38;2;65;196;33mâ–„[48;2;76;127;62m[38;2;44;132;24mâ–„[48;2;90;158;72m[38;2;16;45;10mâ–„[48;2;97;175;77m[38;2;28;50;22mâ–„[48;2;98;177;78m[38;2;80;145;64mâ–„[48;2;98;177;78m[38;2;97;175;77mâ–„[48;2;98;177;78m[38;2;97;176;77mâ–„[48;2;98;177;78m [48;2;98;177;78m[38;2;98;176;78mâ–„[48;2;98;177;78m[38;2;98;177;77mâ–„[48;2;97;173;78m[38;2;98;177;78mâ–„[48;2;69;114;56m[38;2;98;177;78mâ–„[48;2;30;38;28m[38;2;103;179;83mâ–„[48;2;91;91;91m[38;2;99;149;87mâ–„[48;2;188;188;188m[38;2;39;53;36mâ–„[0m
  [48;2;98;177;78m[38;2;98;177;77mâ–„[48;2;98;177;78m [48;2;98;177;78m [48;2;98;177;78m [48;2;98;177;78m [48;2;98;177;78m[38;2;98;178;78mâ–„[48;2;98;177;78m[38;2;98;178;78mâ–„[48;2;98;177;78m[38;2;83;150;66mâ–„[48;2;98;177;78m[38;2;44;80;34mâ–„[48;2;99;179;78m[38;2;33;49;28mâ–„[48;2;87;159;69m[38;2;68;97;61mâ–„[48;2;46;84;37m[38;2;87;165;68mâ–„[48;2;25;37;21m[38;2;83;208;52mâ–„[48;2;59;131;42m[38;2;73;219;37mâ–„[48;2;74;199;43m[38;2;74;223;37mâ–„[48;2;72;213;38m[38;2;67;204;35mâ–„[48;2;73;218;37m[38;2;55;171;29mâ–„[48;2;72;218;36m[38;2;59;136;22mâ–„[48;2;72;218;36m[38;2;103;132;15mâ–„[48;2;73;219;37m[38;2;149;133;9mâ–„[48;2;72;220;37m[38;2;168;130;7mâ–„[48;2;73;220;37m[38;2;167;118;5mâ–„[48;2;72;218;37m[38;2;106;78;4mâ–„[48;2;69;210;36m[38;2;93;69;4mâ–„[48;2;66;199;34m[38;2;173;117;4mâ–„[48;2;63;192;32m[38;2;177;119;4mâ–„[48;2;62;186;32m[38;2;173;116;4mâ–„[48;2;61;186;31m[38;2;176;115;4mâ–„[48;2;63;191;32m[38;2;174;115;4mâ–„[48;2;67;202;34m[38;2;170;113;4mâ–„[48;2;70;213;36m[38;2;180;118;3mâ–„[48;2;72;219;37m[38;2;175;117;4mâ–„[48;2;73;220;37m[38;2;154;120;7mâ–„[48;2;73;220;37m[38;2;80;94;11mâ–„[48;2;73;219;37m[38;2;48;93;15mâ–„[48;2;73;218;37m[38;2;41;112;19mâ–„[48;2;72;215;36m[38;2;45;144;25mâ–„[48;2;64;192;32m[38;2;63;191;32mâ–„[48;2;32;99;16m[38;2;73;218;37mâ–„[48;2;21;41;16m[38;2;72;210;38mâ–„[48;2;38;66;30m[38;2;67;177;41mâ–„[48;2;79;141;63m[38;2;53;123;36mâ–„[48;2;98;178;78m[38;2;32;57;25mâ–„[48;2;98;179;77m[38;2;25;46;20mâ–„[48;2;97;177;77m[38;2;56;100;46mâ–„[48;2;98;177;78m[38;2;93;165;75mâ–„[48;2;97;176;77m[38;2;100;181;80mâ–„[48;2;98;177;77m[38;2;97;176;76mâ–„[48;2;97;176;78m[38;2;98;177;78mâ–„[48;2;99;174;79m[38;2;98;177;78mâ–„[0m
  [48;2;98;178;78m[38;2;46;76;38mâ–„[48;2;100;178;80m[38;2;50;69;45mâ–„[48;2;99;176;80m[38;2;35;46;33mâ–„[48;2;82;148;65m[38;2;7;9;6mâ–„[48;2;64;117;50m[38;2;35;54;30mâ–„[48;2;42;77;34m[38;2;52;107;39mâ–„[48;2;26;46;21m[38;2;80;194;52mâ–„[48;2;34;71;26m[38;2;73;216;38mâ–„[48;2;54;133;35m[38;2;67;192;32mâ–„[48;2;81;199;52m[38;2;81;158;23mâ–„[48;2;80;218;46m[38;2;100;110;11mâ–„[48;2;66;199;33m[38;2;152;98;2mâ–„[48;2;60;157;26m[38;2;220;129;1mâ–„[48;2;80;128;18m[38;2;251;145;0mâ–„[48;2;120;110;9m[38;2;255;147;0mâ–„[48;2;154;106;4m[38;2;255;147;0mâ–„[48;2;181;114;2m[38;2;255;147;0mâ–„[48;2;230;134;0m[38;2;255;147;0mâ–„[48;2;251;144;0m[38;2;255;147;0mâ–„[48;2;254;146;0m[38;2;255;147;0mâ–„[48;2;255;147;0m [48;2;163;94;0m[38;2;134;78;0mâ–„[48;2;2;1;0m[38;2;58;33;0mâ–„[48;2;13;7;0m[38;2;133;76;0mâ–„[48;2;64;38;0m[38;2;12;7;0mâ–„[48;2;250;144;0m[38;2;234;135;0mâ–„[48;2;255;147;0m [48;2;255;147;0m [48;2;255;147;0m [48;2;255;147;0m [48;2;255;147;0m [48;2;255;147;0m [48;2;255;147;0m [48;2;249;146;0m[38;2;255;147;0mâ–„[48;2;239;143;2m[38;2;255;147;0mâ–„[48;2;223;131;1m[38;2;255;147;0mâ–„[48;2;192;120;2m[38;2;255;147;0mâ–„[48;2;130;96;5m[38;2;255;147;0mâ–„[48;2;82;88;9m[38;2;255;148;0mâ–„[48;2;62;104;15m[38;2;247;147;1mâ–„[48;2;49;132;22m[38;2;212;134;3mâ–„[48;2;57;165;32m[38;2;144;95;3mâ–„[48;2;53;117;38m[38;2;74;61;8mâ–„[48;2;50;97;39m[38;2;47;60;21mâ–„[48;2;35;56;29m[38;2;47;81;33mâ–„[48;2;17;22;15m[38;2;20;34;19mâ–„[48;2;31;50;26m[38;2;48;73;42mâ–„[48;2;55;90;47m[38;2;37;56;33mâ–„[48;2;78;132;64m[38;2;21;31;18mâ–„[48;2;95;167;78m[38;2;18;26;16mâ–„[0m
  [48;2;48;74;43m[38;2;51;78;45mâ–„[48;2;48;74;43m[38;2;50;76;44mâ–„[48;2;46;71;42m[38;2;12;17;11mâ–„[48;2;32;54;28m[38;2;45;93;35mâ–„[48;2;58;112;46m[38;2;26;45;17mâ–„[48;2;55;130;37m[38;2;121;83;5mâ–„[48;2;57;133;27m[38;2;232;138;0mâ–„[48;2;101;96;8m[38;2;253;146;0mâ–„[48;2;200;118;1m[38;2;254;147;0mâ–„[48;2;248;144;0m[38;2;255;147;0mâ–„[48;2;254;147;0m[38;2;255;147;0mâ–„[48;2;255;147;0m [48;2;255;147;0m [48;2;255;147;0m [48;2;255;147;0m [48;2;255;147;0m [48;2;255;147;0m [48;2;255;147;0m [48;2;255;147;0m [48;2;255;147;0m [48;2;255;147;0m [48;2;173;100;0m[38;2;210;122;0mâ–„[48;2;172;100;0m[38;2;76;44;0mâ–„[48;2;214;123;0m[38;2;153;88;0mâ–„[48;2;36;21;0m[38;2;162;94;0mâ–„[48;2;201;116;0m[38;2;20;12;0mâ–„[48;2;254;147;0m[38;2;238;137;0mâ–„[48;2;255;147;0m [48;2;255;147;0m [48;2;255;147;0m [48;2;255;147;0m [48;2;255;147;0m [48;2;255;147;0m [48;2;255;147;0m [48;2;255;147;0m [48;2;255;147;0m [48;2;255;147;0m [48;2;255;147;0m [48;2;255;147;0m [48;2;255;147;0m [48;2;255;147;0m [48;2;255;147;0m [48;2;254;147;0m[38;2;255;147;0mâ–„[48;2;241;143;1m[38;2;255;147;0mâ–„[48;2;213;125;0m[38;2;255;147;0mâ–„[48;2;117;73;3m[38;2;252;147;1mâ–„[48;2;25;36;21m[38;2;94;69;18mâ–„[48;2;50;77;44m[38;2;39;59;33mâ–„[48;2;51;78;45m [48;2;51;78;44m[38;2;51;78;45mâ–„[0m
  [48;2;51;78;45m[38;2;50;76;44mâ–„[48;2;40;58;34m[38;2;43;36;13mâ–„[48;2;38;37;6m[38;2;240;143;2mâ–„[48;2;149;95;6m[38;2;254;147;0mâ–„[48;2;226;134;1m[38;2;255;147;0mâ–„[48;2;253;146;0m[38;2;255;147;0mâ–„[48;2;255;147;0m [48;2;255;147;0m [48;2;255;147;0m [48;2;255;147;0m [48;2;255;147;0m [48;2;255;147;0m [48;2;255;147;0m [48;2;255;147;0m [48;2;255;147;0m [48;2;255;147;0m [48;2;255;147;0m [48;2;255;147;0m [48;2;255;147;0m [48;2;255;147;0m [48;2;255;147;0m[38;2;243;140;0mâ–„[48;2;116;67;0m[38;2;90;52;0mâ–„[48;2;237;137;0m[38;2;254;147;0mâ–„[48;2;248;143;0m[38;2;255;147;0mâ–„[48;2;250;144;0m[38;2;255;147;0mâ–„[48;2;45;25;0m[38;2;191;110;0mâ–„[48;2;64;36;0m[38;2;32;18;0mâ–„[48;2;245;141;0m[38;2;152;87;0mâ–„[48;2;255;147;0m [48;2;255;147;0m [48;2;255;147;0m [48;2;255;147;0m [48;2;255;147;0m [48;2;255;147;0m [48;2;255;147;0m [48;2;255;147;0m [48;2;255;147;0m [48;2;255;147;0m [48;2;255;147;0m [48;2;255;147;0m [48;2;255;147;0m [48;2;255;147;0m [48;2;255;147;0m [48;2;255;147;0m [48;2;255;147;0m [48;2;254;147;0m[38;2;255;147;0mâ–„[48;2;230;140;6m[38;2;254;147;0mâ–„[48;2;25;21;7m[38;2;143;86;2mâ–„[48;2;48;74;42m[38;2;39;60;34mâ–„[48;2;51;78;45m [0m
  [48;2;41;63;37m[38;2;40;47;23mâ–„[48;2;119;70;1m[38;2;230;135;0mâ–„[48;2;255;147;0m [48;2;255;147;0m [48;2;255;147;0m [48;2;255;147;0m [48;2;255;147;0m [48;2;255;147;0m [48;2;255;147;0m [48;2;255;147;0m [48;2;255;147;0m [48;2;255;147;0m [48;2;255;147;0m [48;2;255;147;0m [48;2;255;147;0m [48;2;255;147;0m [48;2;255;147;0m [48;2;255;147;0m [48;2;255;147;0m [48;2;255;147;0m [48;2;180;104;0m[38;2;120;68;0mâ–„[48;2;135;78;0m[38;2;158;91;0mâ–„[48;2;255;147;0m[38;2;250;145;0mâ–„[48;2;255;147;0m [48;2;255;147;0m[38;2;254;146;0mâ–„[48;2;252;145;0m[38;2;209;120;0mâ–„[48;2;54;31;0m[38;2;61;35;0mâ–„[48;2;94;54;0m[38;2;159;91;0mâ–„[48;2;254;146;0m[38;2;244;140;0mâ–„[48;2;255;147;0m [48;2;255;147;0m [48;2;255;147;0m [48;2;255;147;0m [48;2;255;147;0m [48;2;255;147;0m [48;2;255;147;0m [48;2;255;147;0m [48;2;255;147;0m [48;2;255;147;0m [48;2;255;147;0m [48;2;255;147;0m [48;2;255;147;0m [48;2;255;147;0m [48;2;255;147;0m [48;2;255;147;0m [48;2;255;147;0m [48;2;255;147;0m [48;2;240;144;1m[38;2;255;147;0mâ–„[48;2;36;40;18m[38;2;70;49;6mâ–„[48;2;50;78;45m[38;2;45;69;40mâ–„[0m
  [48;2;65;48;9m[38;2;98;64;6mâ–„[48;2;255;149;0m[38;2;255;147;0mâ–„[48;2;255;147;0m [48;2;255;147;0m [48;2;255;147;0m [48;2;255;147;0m [48;2;255;147;0m [48;2;255;147;0m [48;2;255;147;0m [48;2;255;147;0m [48;2;255;147;0m [48;2;255;147;0m [48;2;255;147;0m [48;2;255;147;0m [48;2;255;147;0m [48;2;255;147;0m [48;2;255;147;0m [48;2;255;147;0m [48;2;254;147;0m[38;2;254;146;0mâ–„[48;2;225;130;0m[38;2;175;100;0mâ–„[48;2;210;120;0m[38;2;253;146;0mâ–„[48;2;209;121;0m[38;2;254;147;0mâ–„[48;2;86;49;0m[38;2;189;109;0mâ–„[48;2;254;146;0m[38;2;142;81;0mâ–„[48;2;255;147;0m[38;2;102;59;0mâ–„[48;2;199;115;0m[38;2;69;40;0mâ–„[48;2;244;141;0m[38;2;238;138;0mâ–„[48;2;253;146;0m[38;2;184;105;0mâ–„[48;2;200;115;0m[38;2;231;134;0mâ–„[48;2;253;147;0m[38;2;254;146;0mâ–„[48;2;255;147;0m [48;2;255;147;0m [48;2;255;147;0m [48;2;255;147;0m [48;2;255;147;0m [48;2;255;147;0m [48;2;255;147;0m [48;2;255;147;0m [48;2;255;147;0m [48;2;255;147;0m [48;2;255;147;0m [48;2;255;147;0m [48;2;255;147;0m [48;2;255;147;0m [48;2;255;147;0m [48;2;255;147;0m [48;2;255;147;0m [48;2;255;147;0m [48;2;149;98;7m[38;2;215;132;5mâ–„[48;2;35;54;32m[38;2;31;42;22mâ–„[0m
  [48;2;133;82;3m[38;2;153;89;0mâ–„[48;2;255;147;0m [48;2;255;147;0m [48;2;255;147;0m [48;2;255;147;0m [48;2;255;147;0m [48;2;255;147;0m [48;2;255;147;0m [48;2;255;147;0m [48;2;255;147;0m [48;2;255;147;0m [48;2;255;147;0m [48;2;255;147;0m [48;2;255;147;0m[38;2;255;146;0mâ–„[48;2;255;147;0m[38;2;255;146;0mâ–„[48;2;255;147;0m [48;2;255;147;0m[38;2;254;148;0mâ–„[48;2;255;147;0m[38;2;248;147;0mâ–„[48;2;254;147;0m[38;2;242;142;0mâ–„[48;2;204;116;0m[38;2;224;131;0mâ–„[48;2;200;115;0m[38;2;205;124;1mâ–„[48;2;199;115;0m[38;2;175;109;2mâ–„[48;2;172;100;0m[38;2;157;102;2mâ–„[48;2;168;97;0m[38;2;172;114;3mâ–„[48;2;206;119;0m[38;2;156;115;5mâ–„[48;2;215;125;0m[38;2;138;111;7mâ–„[48;2;180;105;0m[38;2;121;105;8mâ–„[48;2;233;136;0m[38;2;120;109;8mâ–„[48;2;254;148;0m[38;2;116;111;9mâ–„[48;2;254;148;0m[38;2;112;111;10mâ–„[48;2;255;148;0m[38;2;130;121;10mâ–„[48;2;254;148;0m[38;2;103;105;10mâ–„[48;2;254;148;0m[38;2;99;99;9mâ–„[48;2;254;148;0m[38;2;106;98;8mâ–„[48;2;254;148;0m[38;2;106;96;8mâ–„[48;2;255;148;0m[38;2;118;98;7mâ–„[48;2;255;147;0m[38;2;123;101;7mâ–„[48;2;255;147;0m[38;2;129;99;6mâ–„[48;2;255;147;0m[38;2;141;100;5mâ–„[48;2;255;147;0m[38;2;166;111;4mâ–„[48;2;255;147;0m[38;2;189;122;4mâ–„[48;2;255;147;0m[38;2;217;131;1mâ–„[48;2;255;147;0m[38;2;248;145;0mâ–„[48;2;255;147;0m[38;2;250;148;0mâ–„[48;2;255;147;0m[38;2;254;149;0mâ–„[48;2;255;147;0m [48;2;255;147;0m [48;2;255;147;0m [48;2;249;147;1m[38;2;254;147;0mâ–„[48;2;47;44;15m[38;2;81;54;7mâ–„[0m
  [48;2;163;95;0m[38;2;176;103;0mâ–„[48;2;255;147;0m [48;2;255;147;0m [48;2;255;147;0m [48;2;255;147;0m [48;2;255;147;0m [48;2;255;147;0m [48;2;255;147;0m[38;2;254;147;0mâ–„[48;2;255;147;0m[38;2;250;144;0mâ–„[48;2;255;147;0m[38;2;238;146;1mâ–„[48;2;254;147;0m[38;2;170;117;4mâ–„[48;2;252;147;0m[38;2;78;65;5mâ–„[48;2;239;144;1m[38;2;36;71;11mâ–„[48;2;220;136;2m[38;2;41;122;21mâ–„[48;2;193;124;2m[38;2;59;179;31mâ–„[48;2;178;119;4m[38;2;69;210;35mâ–„[48;2;129;104;6m[38;2;73;219;37mâ–„[48;2;67;87;10m[38;2;73;219;37mâ–„[48;2;61;106;15m[38;2;73;218;37mâ–„[48;2;52;126;21m[38;2;73;218;37mâ–„[48;2;52;150;25m[38;2;73;218;37mâ–„[48;2;58;177;30m[38;2;73;218;37mâ–„[48;2;63;194;33m[38;2;73;218;37mâ–„[48;2;66;204;34m[38;2;73;218;37mâ–„[48;2;69;212;36m[38;2;73;218;37mâ–„[48;2;72;217;36m[38;2;73;218;37mâ–„[48;2;72;219;37m[38;2;73;218;37mâ–„[48;2;73;220;37m[38;2;73;218;37mâ–„[48;2;73;220;37m[38;2;73;218;37mâ–„[48;2;73;220;37m[38;2;73;218;37mâ–„[48;2;73;220;37m[38;2;73;218;37mâ–„[48;2;73;220;37m[38;2;73;218;37mâ–„[48;2;74;220;37m[38;2;73;218;37mâ–„[48;2;73;220;37m[38;2;73;218;37mâ–„[48;2;73;219;37m[38;2;73;218;37mâ–„[48;2;72;214;36m[38;2;73;218;37mâ–„[48;2;68;207;35m[38;2;73;218;37mâ–„[48;2;65;197;34m[38;2;73;218;37mâ–„[48;2;61;185;32m[38;2;73;218;37mâ–„[48;2;51;157;27m[38;2;73;218;37mâ–„[48;2;41;125;21m[38;2;73;218;37mâ–„[48;2;40;106;18m[38;2;73;218;37mâ–„[48;2;75;92;10m[38;2;73;218;37mâ–„[48;2;76;85;10m[38;2;73;219;37mâ–„[48;2;112;94;7m[38;2;72;216;36mâ–„[48;2;162;113;5m[38;2;64;194;33mâ–„[48;2;219;131;0m[38;2;50;152;26mâ–„[48;2;231;138;1m[38;2;30;65;14mâ–„[48;2;252;147;0m[38;2;106;71;5mâ–„[48;2;97;61;4m[38;2;30;31;7mâ–„[0m
  [48;2;186;108;0m[38;2;185;108;0mâ–„[48;2;255;147;0m[38;2;254;148;0mâ–„[48;2;255;147;0m[38;2;247;144;0mâ–„[48;2;255;147;0m[38;2;188;113;1mâ–„[48;2;255;147;0m[38;2;110;100;8mâ–„[48;2;248;147;0m[38;2;72;136;20mâ–„[48;2;206;124;1m[38;2;62;175;29mâ–„[48;2;115;81;4m[38;2;67;204;34mâ–„[48;2;55;92;13m[38;2;72;217;36mâ–„[48;2;60;157;26m[38;2;73;218;37mâ–„[48;2;66;195;32m[38;2;73;218;37mâ–„[48;2;70;212;35m[38;2;73;218;37mâ–„[48;2;72;215;36m[38;2;73;218;37mâ–„[48;2;73;217;36m[38;2;73;218;37mâ–„[48;2;73;218;37m [48;2;73;218;37m [48;2;73;218;37m [48;2;73;218;37m [48;2;73;218;37m [48;2;73;218;37m [48;2;73;218;37m [48;2;73;218;37m [48;2;73;218;37m [48;2;73;218;37m [48;2;73;218;37m [48;2;73;218;37m [48;2;73;218;37m [48;2;73;218;37m [48;2;73;218;37m [48;2;73;218;37m [48;2;73;218;37m [48;2;73;218;37m [48;2;73;218;37m [48;2;73;218;37m [48;2;73;218;37m [48;2;73;218;37m [48;2;73;218;37m [48;2;73;218;37m [48;2;73;218;37m [48;2;73;218;37m [48;2;73;218;37m [48;2;73;218;37m [48;2;73;218;37m [48;2;73;218;37m [48;2;73;218;37m [48;2;73;218;37m [48;2;71;210;37m[38;2;71;214;37mâ–„[48;2;58;142;37m[38;2;57;136;37mâ–„[48;2;51;109;39m[38;2;54;109;40mâ–„[48;2;36;76;26m[38;2;38;71;31mâ–„[0m
  [48;2;73;63;12m[38;2;24;46;20mâ–„[48;2;89;67;7m[38;2;54;120;38mâ–„[48;2;67;119;19m[38;2;66;192;35mâ–„[48;2;61;177;29m[38;2;73;217;37mâ–„[48;2;71;213;36m[38;2;73;218;37mâ–„[48;2;73;218;37m [48;2;73;218;37m [48;2;71;214;35m[38;2;42;129;21mâ–„[48;2;43;131;22m[38;2;4;10;2mâ–„[48;2;37;111;19m[38;2;4;10;2mâ–„[48;2;60;180;30m[38;2;7;22;3mâ–„[48;2;73;218;37m[38;2;62;187;31mâ–„[48;2;73;218;37m [48;2;73;218;37m [48;2;73;218;37m [48;2;73;218;37m [48;2;73;218;37m [48;2;73;218;37m [48;2;73;218;37m [48;2;73;218;37m [48;2;73;218;37m [48;2;73;218;37m [48;2;73;218;37m [48;2;73;218;37m [48;2;73;218;37m [48;2;73;218;37m [48;2;73;218;37m [48;2;73;218;37m [48;2;73;218;37m [48;2;73;218;37m [48;2;73;218;37m [48;2;73;218;37m [48;2;73;218;37m [48;2;73;218;37m [48;2;73;218;37m [48;2;73;218;37m[38;2;72;217;36mâ–„[48;2;69;208;35m[38;2;20;61;10mâ–„[48;2;43;129;22m[38;2;4;11;2mâ–„[48;2;38;116;19m[38;2;3;8;1mâ–„[48;2;64;192;32m[38;2;19;57;10mâ–„[48;2;73;218;37m[38;2;73;219;37mâ–„[48;2;73;218;37m [48;2;73;218;37m [48;2;73;218;37m [48;2;73;218;37m [48;2;73;218;37m [48;2;72;214;36m[38;2;71;213;36mâ–„[48;2;55;130;37m[38;2;55;123;38mâ–„[48;2;54;108;41m[38;2;56;110;44mâ–„[48;2;35;60;30m[38;2;35;57;30mâ–„[0m
  [48;2;37;68;29m[38;2;38;61;33mâ–„[48;2;58;132;39m[38;2;62;134;45mâ–„[48;2;64;179;36m[38;2;55;129;37mâ–„[48;2;72;217;36m[38;2;71;210;36mâ–„[48;2;73;218;37m [48;2;73;218;37m [48;2;73;218;37m [48;2;27;82;14m[38;2;59;178;30mâ–„[48;2;4;11;3m[38;2;3;9;1mâ–„[48;2;0;0;0m[38;2;8;18;4mâ–„[48;2;1;3;1m[38;2;4;12;2mâ–„[48;2;36;112;19m[38;2;54;163;27mâ–„[48;2;73;218;37m [48;2;73;218;37m [48;2;73;218;37m [48;2;73;218;37m [48;2;73;218;37m [48;2;73;218;37m [48;2;73;218;37m [48;2;73;218;37m [48;2;73;218;37m [48;2;73;218;37m [48;2;73;218;37m [48;2;73;218;37m [48;2;73;218;37m [48;2;73;218;37m [48;2;73;218;37m [48;2;73;218;37m [48;2;73;218;37m [48;2;73;218;37m [48;2;73;218;37m [48;2;73;218;37m [48;2;73;218;37m [48;2;73;218;37m [48;2;73;218;37m [48;2;70;210;36m[38;2;72;217;36mâ–„[48;2;4;11;1m[38;2;9;28;4mâ–„[48;2;0;0;0m[38;2;6;16;3mâ–„[48;2;1;3;1m[38;2;6;15;3mâ–„[48;2;13;39;6m[38;2;32;94;15mâ–„[48;2;73;218;37m [48;2;73;218;37m [48;2;73;218;37m [48;2;73;218;37m [48;2;73;218;37m [48;2;73;218;37m [48;2;70;207;36m[38;2;67;196;36mâ–„[48;2;52;110;38m [48;2;57;101;47m[38;2;56;90;47mâ–„[48;2;36;55;31m[38;2;38;58;33mâ–„[0m
  [48;2;40;63;35m[38;2;43;67;38mâ–„[48;2;61;117;48m[38;2;45;80;38mâ–„[48;2;54;114;39m[38;2;52;110;38mâ–„[48;2;64;177;36m[38;2;59;150;37mâ–„[48;2;72;217;36m[38;2;72;214;36mâ–„[48;2;73;218;37m [48;2;73;218;37m [48;2;72;217;36m[38;2;73;218;37mâ–„[48;2;61;182;30m[38;2;73;218;37mâ–„[48;2;45;135;22m[38;2;73;218;37mâ–„[48;2;58;174;29m[38;2;73;218;37mâ–„[48;2;72;217;36m[38;2;73;218;37mâ–„[48;2;73;218;37m [48;2;73;218;37m [48;2;73;218;37m [48;2;73;218;37m [48;2;73;218;37m [48;2;73;218;37m [48;2;73;218;37m [48;2;73;218;37m [48;2;71;212;35m[38;2;72;216;36mâ–„[48;2;34;101;17m[38;2;11;32;5mâ–„[48;2;34;101;17m[38;2;1;2;1mâ–„[48;2;34;98;18m[38;2;1;3;1mâ–„[48;2;35;101;18m[38;2;1;1;1mâ–„[48;2;35;100;17m[38;2;1;3;1mâ–„[48;2;57;170;29m[38;2;56;168;28mâ–„[48;2;73;218;37m [48;2;73;218;37m [48;2;73;218;37m [48;2;73;218;37m [48;2;73;218;37m [48;2;73;218;37m [48;2;73;218;37m [48;2;73;218;37m [48;2;72;217;36m[38;2;72;218;36mâ–„[48;2;66;197;33m[38;2;72;217;36mâ–„[48;2;46;139;23m[38;2;73;217;37mâ–„[48;2;54;163;27m[38;2;72;217;37mâ–„[48;2;71;212;36m[38;2;72;217;36mâ–„[48;2;73;218;37m [48;2;73;218;37m [48;2;73;218;37m [48;2;73;218;37m [48;2;73;218;37m [48;2;72;217;37m[38;2;70;204;36mâ–„[48;2;60;158;37m[38;2;53;122;37mâ–„[48;2;52;103;38m[38;2;52;104;40mâ–„[48;2;33;54;28m[38;2;21;34;18mâ–„[48;2;46;70;41m[38;2;49;76;44mâ–„[0m
  [48;2;49;76;44m[38;2;51;78;45mâ–„[48;2;32;51;28m[38;2;43;65;37mâ–„[48;2;61;125;45m[38;2;81;124;71mâ–„[48;2;54;124;38m[38;2;53;113;40mâ–„[48;2;68;202;36m[38;2;60;156;37mâ–„[48;2;73;218;37m[38;2;72;215;36mâ–„[48;2;73;218;37m [48;2;73;218;37m [48;2;73;218;37m[38;2;73;216;37mâ–„[48;2;73;217;37m[38;2;93;205;61mâ–„[48;2;79;213;44m[38;2;121;189;95mâ–„[48;2;85;210;51m[38;2;132;184;108mâ–„[48;2;82;211;47m[38;2;121;191;93mâ–„[48;2;73;217;37m[38;2;85;210;52mâ–„[48;2;73;218;37m[38;2;73;217;37mâ–„[48;2;73;218;37m [48;2;73;218;37m [48;2;73;218;37m [48;2;73;218;37m [48;2;73;218;37m [48;2;73;218;37m [48;2;37;111;20m[38;2;71;214;36mâ–„[48;2;1;2;0m[38;2;44;128;22mâ–„[48;2;2;4;2m[38;2;15;39;8mâ–„[48;2;1;1;1m[38;2;29;82;14mâ–„[48;2;13;37;7m[38;2;68;204;34mâ–„[48;2;70;210;35m[38;2;73;218;37mâ–„[48;2;73;217;37m[38;2;73;218;37mâ–„[48;2;73;218;37m [48;2;73;218;37m [48;2;73;218;37m [48;2;73;218;37m [48;2;73;218;37m [48;2;73;218;37m [48;2;73;217;37m[38;2;74;216;38mâ–„[48;2;82;211;47m[38;2;118;191;90mâ–„[48;2;100;200;70m[38;2;132;185;108mâ–„[48;2;103;201;72m[38;2;127;187;101mâ–„[48;2;98;203;67m[38;2;125;189;100mâ–„[48;2;85;209;52m[38;2;116;192;88mâ–„[48;2;73;217;37m[38;2;80;211;44mâ–„[48;2;73;218;37m [48;2;73;218;37m [48;2;73;218;37m [48;2;72;217;36m[38;2;68;200;35mâ–„[48;2;63;170;35m[38;2;54;125;36mâ–„[48;2;51;103;38m[38;2;51;99;38mâ–„[48;2;49;101;36m[38;2;22;45;17mâ–„[48;2;30;47;26m[38;2;45;69;39mâ–„[48;2;51;78;45m [0m
  [48;2;51;78;45m [48;2;49;75;43m[38;2;51;78;45mâ–„[48;2;30;38;27m[38;2;39;59;35mâ–„[48;2;63;123;49m[38;2;71;110;62mâ–„[48;2;54;121;37m[38;2;56;119;40mâ–„[48;2;68;198;37m[38;2;60;158;37mâ–„[48;2;73;218;37m[38;2;71;216;36mâ–„[48;2;73;217;37m[38;2;73;216;38mâ–„[48;2;91;206;58m[38;2;110;196;81mâ–„[48;2;122;191;95m[38;2;126;188;100mâ–„[48;2;128;186;102m[38;2;130;187;104mâ–„[48;2;140;180;116m[38;2;128;187;103mâ–„[48;2;126;188;100m[38;2;106;197;76mâ–„[48;2;96;202;64m[38;2;75;215;39mâ–„[48;2;73;217;37m[38;2;72;218;36mâ–„[48;2;73;218;37m [48;2;73;218;37m [48;2;73;218;37m [48;2;73;218;37m [48;2;73;218;37m [48;2;73;218;37m [48;2;73;218;37m [48;2;73;218;37m [48;2;74;220;37m[38;2;73;218;37mâ–„[48;2;73;218;37m [48;2;73;218;37m [48;2;73;218;37m [48;2;73;218;37m [48;2;73;218;37m [48;2;73;218;37m [48;2;73;218;37m [48;2;73;218;37m [48;2;73;218;37m [48;2;73;218;37m [48;2;74;217;38m[38;2;73;217;37mâ–„[48;2;114;194;86m[38;2;76;215;40mâ–„[48;2;142;178;121m[38;2;94;205;62mâ–„[48;2;150;176;129m[38;2;109;196;81mâ–„[48;2;142;180;120m[38;2;95;203;63mâ–„[48;2;116;193;88m[38;2;76;214;41mâ–„[48;2;78;213;44m[38;2;73;217;37mâ–„[48;2;73;218;37m[38;2;73;217;37mâ–„[48;2;73;218;37m[38;2;67;196;36mâ–„[48;2;71;209;37m[38;2;60;154;36mâ–„[48;2;59;152;36m[38;2;57;138;37mâ–„[48;2;52;110;38m[38;2;56;130;37mâ–„[48;2;51;104;38m[38;2;30;71;21mâ–„[48;2;20;31;17m[38;2;45;69;39mâ–„[48;2;50;78;44m[38;2;51;78;45mâ–„[48;2;51;78;45m [0m
  [48;2;51;78;45m[38;2;28;43;24mâ–„[48;2;51;78;45m[38;2;43;64;38mâ–„[48;2;51;78;45m[38;2;52;79;46mâ–„[48;2;34;53;30m[38;2;46;71;41mâ–„[48;2;64;124;48m[38;2;49;106;36mâ–„[48;2;53;115;38m[38;2;57;124;40mâ–„[48;2;63;175;36m[38;2;55;126;38mâ–„[48;2;73;217;37m[38;2;66;186;36mâ–„[48;2;89;208;56m[38;2;73;217;37mâ–„[48;2;111;195;82m[38;2;75;215;40mâ–„[48;2;109;197;80m[38;2;74;216;38mâ–„[48;2;85;209;52m[38;2;73;218;36mâ–„[48;2;73;216;37m[38;2;73;218;37mâ–„[48;2;73;218;37m [48;2;73;218;37m [48;2;73;218;37m [48;2;73;218;37m [48;2;73;218;37m [48;2;73;218;37m [48;2;73;218;37m [48;2;73;218;37m [48;2;73;218;37m [48;2;73;218;37m [48;2;73;218;37m [48;2;73;218;37m [48;2;73;218;37m [48;2;73;218;37m [48;2;73;218;37m [48;2;73;218;37m [48;2;73;218;37m [48;2;73;218;37m [48;2;73;218;37m [48;2;73;218;37m [48;2;73;218;37m [48;2;73;218;37m [48;2;73;218;37m [48;2;73;217;37m[38;2;73;218;37mâ–„[48;2;73;217;37m[38;2;73;218;37mâ–„[48;2;73;217;36m[38;2;73;218;37mâ–„[48;2;73;218;37m[38;2;71;214;36mâ–„[48;2;71;212;36m[38;2;63;172;36mâ–„[48;2;63;174;35m[38;2;57;138;37mâ–„[48;2;58;146;36m[38;2;57;137;38mâ–„[48;2;58;139;37m[38;2;57;138;37mâ–„[48;2;58;138;37m[38;2;54;128;35mâ–„[48;2;50;117;34m[38;2;20;44;14mâ–„[48;2;20;32;17m[38;2;39;61;34mâ–„[48;2;51;77;44m[38;2;45;69;40mâ–„[48;2;51;78;45m[38;2;45;69;40mâ–„[48;2;51;78;45m[38;2;49;75;43mâ–„[0m
  [48;2;84;151;67m[38;2;98;177;78mâ–„[48;2;43;80;34m[38;2;98;177;78mâ–„[48;2;22;39;19m[38;2;98;178;78mâ–„[48;2;43;67;38m[38;2;81;148;64mâ–„[48;2;40;70;33m[38;2;44;78;36mâ–„[48;2;54;127;36m[38;2;21;47;15mâ–„[48;2;55;120;39m[38;2;54;117;39mâ–„[48;2;56;133;37m[38;2;59;133;40mâ–„[48;2;71;211;36m[38;2;61;164;37mâ–„[48;2;73;217;36m[38;2;71;211;36mâ–„[48;2;73;218;37m[38;2;72;218;36mâ–„[48;2;73;218;37m [48;2;73;218;37m [48;2;73;218;37m [48;2;73;218;37m [48;2;73;218;37m [48;2;73;218;37m [48;2;73;218;37m [48;2;73;218;37m [48;2;73;218;37m [48;2;73;218;37m [48;2;73;218;37m [48;2;73;218;37m [48;2;73;218;37m [48;2;73;218;37m [48;2;73;218;37m [48;2;73;218;37m [48;2;73;218;37m [48;2;73;218;37m [48;2;73;218;37m [48;2;73;218;37m [48;2;73;218;37m [48;2;73;218;37m [48;2;73;218;37m [48;2;73;218;37m [48;2;73;218;37m [48;2;73;218;37m[38;2;73;217;37mâ–„[48;2;73;218;37m[38;2;72;217;36mâ–„[48;2;73;218;37m[38;2;67;203;34mâ–„[48;2;68;194;37m[38;2;40;116;21mâ–„[48;2;58;142;36m[38;2;8;21;5mâ–„[48;2;49;120;31m[38;2;6;10;5mâ–„[48;2;25;59;16m[38;2;73;108;65mâ–„[48;2;15;33;11m[38;2;95;157;79mâ–„[48;2;12;25;9m[38;2;97;175;77mâ–„[48;2;21;32;19m[38;2;99;179;79mâ–„[48;2;23;35;19m[38;2;98;178;78mâ–„[48;2;20;34;17m[38;2;98;178;78mâ–„[48;2;13;24;11m[38;2;98;178;78mâ–„[48;2;16;26;14m[38;2;98;177;78mâ–„[0m
  [48;2;97;176;77m[38;2;58;103;46mâ–„[48;2;98;177;78m[38;2;94;170;75mâ–„[48;2;98;177;78m[38;2;99;179;79mâ–„[48;2;98;177;78m[38;2;97;176;77mâ–„[48;2;97;176;77m[38;2;98;177;78mâ–„[48;2;91;165;72m[38;2;98;177;78mâ–„[48;2;55;100;44m[38;2;98;177;78mâ–„[48;2;15;27;10m[38;2;92;168;73mâ–„[48;2;24;46;18m[38;2;76;138;61mâ–„[48;2;73;154;53m[38;2;54;96;43mâ–„[48;2;74;213;39m[38;2;24;48;18mâ–„[48;2;74;222;37m[38;2;20;55;11mâ–„[48;2;73;217;37m[38;2;31;91;16mâ–„[48;2;73;218;37m[38;2;49;145;24mâ–„[48;2;73;218;37m[38;2;68;201;35mâ–„[48;2;73;218;37m[38;2;73;217;37mâ–„[48;2;73;218;37m[38;2;74;220;37mâ–„[48;2;73;218;37m[38;2;73;219;37mâ–„[48;2;73;218;37m [48;2;73;218;37m [48;2;73;218;37m [48;2;73;218;37m [48;2;73;218;37m [48;2;73;218;37m [48;2;73;218;37m [48;2;73;218;37m [48;2;73;218;37m [48;2;73;218;37m [48;2;73;218;37m [48;2;73;218;37m [48;2;73;218;37m[38;2;73;220;37mâ–„[48;2;73;218;37m[38;2;72;214;37mâ–„[48;2;73;218;37m[38;2;63;187;32mâ–„[48;2;72;217;36m[38;2;41;120;22mâ–„[48;2;74;222;36m[38;2;21;52;13mâ–„[48;2;67;203;34m[38;2;39;62;34mâ–„[48;2;40;117;21m[38;2;64;103;54mâ–„[48;2;14;43;7m[38;2;72;126;57mâ–„[48;2;4;12;2m[38;2;87;156;69mâ–„[48;2;25;45;21m[38;2;97;174;78mâ–„[48;2;71;124;57m[38;2;99;177;80mâ–„[48;2;97;168;78m[38;2;94;170;75mâ–„[48;2;96;175;77m[38;2;103;177;84mâ–„[48;2;98;176;79m[38;2;109;183;90mâ–„[48;2;100;178;80m[38;2;112;185;94mâ–„[48;2;100;177;80m[38;2;111;184;92mâ–„[48;2;99;177;80m[38;2;107;182;89mâ–„[48;2;98;177;78m[38;2;105;182;85mâ–„[48;2;98;177;78m[38;2;103;180;83mâ–„[48;2;98;177;78m[38;2;99;177;79mâ–„[0m
   [48;2;99;106;96m[38;2;254;254;254mâ–„[48;2;54;79;47m[38;2;236;236;236mâ–„[48;2;72;123;60m[38;2;134;134;134mâ–„[48;2;97;176;78m[38;2;65;87;60mâ–„[48;2;98;177;78m[38;2;73;130;59mâ–„[48;2;98;177;78m[38;2;91;165;72mâ–„[48;2;98;177;78m [48;2;98;177;78m [48;2;98;177;78m [48;2;96;172;77m[38;2;98;177;78mâ–„[48;2;82;147;65m[38;2;98;177;78mâ–„[48;2;66;116;52m[38;2;98;177;78mâ–„[48;2;46;78;38m[38;2;98;177;78mâ–„[48;2;27;51;20m[38;2;98;177;78mâ–„[48;2;28;60;20m[38;2;94;169;74mâ–„[48;2;28;67;19m[38;2;86;155;69mâ–„[48;2;34;96;19m[38;2;69;123;54mâ–„[48;2;42;126;21m[38;2;48;86;39mâ–„[48;2;51;148;27m[38;2;36;64;28mâ–„[48;2;55;164;28m[38;2;26;46;20mâ–„[48;2;60;180;30m[38;2;23;39;18mâ–„[48;2;62;186;31m[38;2;21;40;17mâ–„[48;2;61;181;31m[38;2;19;36;16mâ–„[48;2;67;176;40m[38;2;18;32;14mâ–„[48;2;63;173;35m[38;2;23;36;19mâ–„[48;2;56;168;29m[38;2;27;42;23mâ–„[48;2;53;160;27m[38;2;29;45;24mâ–„[48;2;44;133;22m[38;2;30;53;25mâ–„[48;2;34;102;17m[38;2;52;89;43mâ–„[48;2;20;60;10m[38;2;88;148;71mâ–„[48;2;24;47;19m[38;2;97;171;78mâ–„[48;2;34;62;27m[38;2;98;177;78mâ–„[48;2;55;99;44m[38;2;98;177;78mâ–„[48;2;80;144;64m[38;2;98;177;78mâ–„[48;2;99;176;79m[38;2;98;177;78mâ–„[48;2;98;177;78m [48;2;98;177;78m[38;2;99;177;79mâ–„[48;2;99;177;79m[38;2;96;172;76mâ–„[48;2;99;175;79m[38;2;85;151;68mâ–„[48;2;95;169;76m[38;2;72;121;60mâ–„[48;2;109;180;92m[38;2;37;57;32mâ–„[48;2;100;159;85m[38;2;38;41;36mâ–„[48;2;72;107;62m[38;2;74;74;74mâ–„[48;2;44;65;38m[38;2;134;134;134mâ–„[48;2;31;48;27m[38;2;200;200;200mâ–„[48;2;31;48;26m[38;2;226;226;226mâ–„[48;2;31;52;25m[38;2;205;205;205mâ–„[48;2;41;71;34m[38;2;170;170;170mâ–„[48;2;59;97;50m[38;2;142;142;142mâ–„[0m
        [48;2;95;106;94m[38;2;253;253;253mâ–„[48;2;81;137;65m[38;2;243;243;243mâ–„[48;2;91;166;73m[38;2;182;185;181mâ–„[48;2;95;174;76m[38;2;61;73;59mâ–„[48;2;98;177;78m[38;2;33;66;26mâ–„[48;2;98;177;78m[38;2;81;143;65mâ–„[48;2;98;177;78m[38;2;102;182;81mâ–„[48;2;98;177;78m[38;2;97;176;77mâ–„[48;2;98;177;78m [48;2;98;177;78m [48;2;98;177;78m [48;2;98;177;78m [48;2;98;177;78m [48;2;98;177;78m [48;2;98;178;78m[38;2;98;177;78mâ–„[48;2;98;179;78m[38;2;98;177;78mâ–„[48;2;98;179;78m[38;2;98;177;78mâ–„[48;2;99;179;78m[38;2;98;177;78mâ–„[48;2;98;179;78m[38;2;98;177;78mâ–„[48;2;98;178;78m[38;2;98;177;78mâ–„[48;2;98;178;78m[38;2;98;177;78mâ–„[48;2;98;178;78m[38;2;98;177;78mâ–„[48;2;98;179;78m[38;2;98;177;78mâ–„[48;2;97;177;77m[38;2;98;177;78mâ–„[48;2;98;177;78m [48;2;98;177;78m [48;2;98;177;78m[38;2;98;176;78mâ–„[48;2;98;177;78m[38;2;99;179;78mâ–„[48;2;98;177;78m[38;2;93;169;74mâ–„[48;2;98;177;78m[38;2;56;106;44mâ–„[48;2;96;174;77m[38;2;16;31;13mâ–„[48;2;68;126;54m[38;2;58;58;58mâ–„[48;2;28;50;23m[38;2;180;180;180mâ–„[48;2;20;22;20m[38;2;240;240;240mâ–„[48;2;86;85;86m[38;2;253;253;253mâ–„[48;2;199;199;199m[38;2;255;255;255mâ–„ [0m
             [48;2;146;147;145m[38;2;254;254;254mâ–„[48;2;41;52;39m[38;2;242;242;242mâ–„[48;2;39;76;30m[38;2;192;192;192mâ–„[48;2;73;136;57m[38;2;132;134;132mâ–„[48;2;90;162;72m[38;2;96;100;95mâ–„[48;2;99;175;79m[38;2;60;69;58mâ–„[48;2;98;177;78m[38;2;46;59;43mâ–„[48;2;98;177;78m[38;2;32;51;27mâ–„[48;2;98;178;78m[38;2;28;50;23mâ–„[48;2;98;178;78m[38;2;28;55;22mâ–„[48;2;98;178;78m[38;2;35;64;28mâ–„[48;2;98;177;78m[38;2;41;75;33mâ–„[48;2;98;177;78m[38;2;50;89;41mâ–„[48;2;98;177;77m[38;2;54;89;45mâ–„[48;2;98;177;77m[38;2;53;89;44mâ–„[48;2;98;177;78m[38;2;49;86;39mâ–„[48;2;98;177;78m[38;2;45;83;36mâ–„[48;2;98;177;78m[38;2;40;74;32mâ–„[48;2;98;177;78m[38;2;35;64;28mâ–„[48;2;98;178;78m[38;2;39;60;33mâ–„[48;2;90;163;71m[38;2;55;61;53mâ–„[48;2;53;97;41m[38;2;111;111;111mâ–„[48;2;24;44;19m[38;2;186;186;186mâ–„[48;2;36;41;35m[38;2;242;242;242mâ–„[48;2;132;131;132m[38;2;255;255;255mâ–„[0m
  [1;34m  linpeas v3.1.1 [1;33mby carlospolop
[0m
[1;33mADVISORY: [1;34mThis script should be used for authorized penetration testing and/or educational purposes only. Any misuse of this software will not be the responsibility of the author or of any other collaborator. Use it at your own networks and/or with the network owner's permission.
[0m
[1;34mLinux Privesc Checklist: [1;33mhttps://book.hacktricks.xyz/linux-unix/linux-privilege-escalation-checklist
[0m [1;4mLEGEND[0m:
  [1;31;103mRED/YELLOW[0m: 95% a PE vector
  [1;31mRED[0m: You must take a look at it
  [1;96mLightCyan[0m: Users with console
  [1;34mBlue[0m: Users without console & mounted devs
  [1;32mGreen[0m: Common things (users, groups, SUID/SGID, mounts, .sh scripts, cronjobs) 
  LightMangeta: Your username

 [1;90mStarting linpeas. Caching Writable Folders...[0m

[1;34mâ•â•â•â•â•â•â•â•â•â•â•â•â•â•â•â•â•â•â•â•â•â•â•â•â•â•â•â•â•â•â•â•â•â•â•â•â•£ [1;32mBasic information[1;34m â• â•â•â•â•â•â•â•â•â•â•â•â•â•â•â•â•â•â•â•â•â•â•â•â•â•â•â•â•â•â•â•â•â•â•â•â•
[0m[1;37mOS: [0mLinux version[1;31m 4.4.0[0m-62-generic (buildd@lcy01-30) (gcc version 5.4.0 20160609 (Ubuntu 5.4.0-6ubuntu1~16.04.4) ) #83-Ubuntu SMP Wed Jan 18 14:10:15 UTC 2017
[1;37mUser & Groups: [0muid=33([1;34m[1;32m[1;95mwww-data[0m[0m[0m) gid=33([1;34m[1;32m[1;95mwww-data[0m[0m[0m) groups=33([1;34m[1;32m[1;95mwww-data[0m[0m[0m)
[1;37mHostname: [0mbashed
[1;37mWritable folder: [0m/dev/shm
[1;33m[+] [1;32m/bin/ping[1;34m is available for network discovery[1;37m (linpeas can discover hosts, learn more with -h)
[0m[1;33m[+] [1;32m/bin/nc[1;34m is available for network discover & port scanning[1;37m (linpeas can discover hosts and scan ports, learn more with -h)
[0m

[1;32mCaching directories using[1;33m 1[1;32m threads [0m[1;33mDONE
[0m
[1;34mâ•â•â•â•â•â•â•â•â•â•â•â•â•â•â•â•â•â•â•â•â•â•â•â•â•â•â•â•â•â•â•â•â•â•â•â•â•£ [1;32mSystem Information[1;34m â• â•â•â•â•â•â•â•â•â•â•â•â•â•â•â•â•â•â•â•â•â•â•â•â•â•â•â•â•â•â•â•â•â•â•â•â•
[0m[1;33m[+] [1;32mOperative system
[0m[1;34m[i] [1;33mhttps://book.hacktricks.xyz/linux-unix/privilege-escalation#kernel-exploits
[0mLinux version[1;31m 4.4.0[0m-62-generic (buildd@lcy01-30) (gcc version 5.4.0 20160609 (Ubuntu 5.4.0-6ubuntu1~16.04.4) ) #83-Ubuntu SMP Wed Jan 18 14:10:15 UTC 2017
Distributor ID:	Ubuntu
Description:	Ubuntu 16.04.2 LTS
Release:	16.04
Codename:	xenial

[1;33m[+] [1;32mSudo version
[0m[1;34m[i] [1;33mhttps://book.hacktricks.xyz/linux-unix/privilege-escalation#sudo-version
[0mSudo version [1;31m1.8.16[0m

[1;33m[+] [1;32mUSBCreator
[0m[1;34m[i] [1;33mhttps://book.hacktricks.xyz/linux-unix/privilege-escalation/d-bus-enumeration-and-command-injection-privilege-escalation
[0m
[1;33m[+] [1;32mPATH
[0m[1;34m[i] [1;33mhttps://book.hacktricks.xyz/linux-unix/privilege-escalation#writable-path-abuses
[0m/usr/local/sbin:/usr/local/bin:/usr/sbin:/usr/bin:/sbin:/bin
New path exported: /usr/local/sbin:/usr/local/bin:/usr/sbin:/usr/bin:/sbin:/bin

[1;33m[+] [1;32mDate
[0mSat Mar 27 11:43:33 PDT 2021

[1;33m[+] [1;32mSystem stats
[0mFilesystem      Size  Used Avail Use% Mounted on
udev            470M     0  470M   0% /dev
tmpfs            98M  4.5M   94M   5% /run
/dev/sda1       8.8G  1.4G  7.0G  17% /
tmpfs           488M  356K  488M   1% /dev/shm
tmpfs           5.0M     0  5.0M   0% /run/lock
tmpfs           488M     0  488M   0% /sys/fs/cgroup
              total        used        free      shared  buff/cache   available
Mem:         998308       82916      505336       13916      410056      690696
Swap:       1046524           0     1046524

[1;33m[+] [1;32mCPU info
[0mArchitecture:          x86_64
CPU op-mode(s):        32-bit, 64-bit
Byte Order:            Little Endian
CPU(s):                1
On-line CPU(s) list:   0
Thread(s) per core:    1
Core(s) per socket:    1
Socket(s):             1
NUMA node(s):          1
Vendor ID:             AuthenticAMD
CPU family:            23
Model:                 49
Model name:            AMD EPYC 7302P 16-Core Processor
Stepping:              0
CPU MHz:               2994.375
BogoMIPS:              5988.75
Hypervisor vendor:     VMware
Virtualization type:   full
L1d cache:             32K
L1i cache:             32K
L2 cache:              512K
L3 cache:              131072K
NUMA node0 CPU(s):     0
Flags:                 fpu vme de pse tsc msr pae mce cx8 apic sep mtrr pge mca cmov pat pse36 clflush mmx fxsr sse sse2 syscall nx mmxext fxsr_opt pdpe1gb rdtscp lm constant_tsc rep_good nopl tsc_reliable nonstop_tsc extd_apicid eagerfpu pni pclmulqdq ssse3 fma cx16 sse4_1 sse4_2 x2apic movbe popcnt aes xsave avx f16c rdrand hypervisor lahf_lm extapic cr8_legacy abm sse4a misalignsse 3dnowprefetch osvw vmmcall fsgsbase bmi1 avx2 smep bmi2 rdseed adx smap xsaveopt arat

[1;33m[+] [1;32mEnvironment
[0m[1;34m[i] [1;33mAny private information inside environment variables?
[0mHISTFILESIZE=0
PS1=$(command printf "\[\033[01;31m\](remote)\[\033[0m\] \[\033[01;33m\]$(whoami)@$(hostname)\[\033[0m\]:\[\033[1;36m\]$[1;31mPWD[0m\[\033[0m\]$ ")
APACHE_RUN_DIR=/var/run/apache2
APACHE_PID_FILE=/var/run/apache2/apache2.pid
TERM=xterm
HISTCONTROL=ignorespace
PATH=/usr/local/sbin:/usr/local/bin:/usr/sbin:/usr/bin:/sbin:/bin
APACHE_LOCK_DIR=/var/lock/apache2
LANG=C
HISTSIZE=0
APACHE_RUN_USER=www-data
APACHE_RUN_GROUP=www-data
APACHE_LOG_DIR=/var/log/apache2
HISTFILE=/dev/null

[1;33m[+] [1;32mSearching Signature verification failed in dmseg
[0m[1;34m[i] [1;33mhttps://book.hacktricks.xyz/linux-unix/privilege-escalation#dmesg-signature-verification-failed
[0m[1;90m Not Found
[0m
[1;33m[+] [1;32mAppArmor enabled? .............. [0mYou do not have enough privilege to read the profile set.
apparmor module is loaded.
[1;33m[+] [1;32mgrsecurity present? ............ [0m[1;90mgrsecurity Not Found
[0m[1;33m[+] [1;32mPaX bins present? .............. [0m[1;90mPaX Not Found
[0m[1;33m[+] [1;32mExecshield enabled? ............ [0m[1;90mExecshield Not Found
[0m[1;33m[+] [1;32mSELinux enabled? ............... [0m[1;90msestatus Not Found
[0m[1;33m[+] [1;32mIs ASLR enabled? ............... [0m[1;32mYes[0m
[1;33m[+] [1;32mPrinter? ....................... [0m[1;90mlpstat Not Found
[0m[1;33m[+] [1;32mIs this a virtual machine? ..... [0m[1;31mYes (vmware)[0m
[1;33m[+] [1;32mIs this a container? ........... [0m[1;90mNo
[0m[1;33m[+] [1;32mAny running containers? ........ [0m[1;90mNo
[0m

[1;34mâ•â•â•â•â•â•â•â•â•â•â•â•â•â•â•â•â•â•â•â•â•â•â•â•â•â•â•â•â•â•â•â•â•â•â•â•â•â•â•â•â•â•£ [1;32mDevices[1;34m â• â•â•â•â•â•â•â•â•â•â•â•â•â•â•â•â•â•â•â•â•â•â•â•â•â•â•â•â•â•â•â•â•â•â•â•â•â•â•â•â•â•â•
[0m[1;33m[+] [1;32mAny sd*/disk* disk in /dev? (limit 20)
[0mdisk
sda
sda1
sda2
sda5

[1;33m[+] [1;32mUnmounted file-system?
[0m[1;34m[i] [1;33mCheck if you can mount umounted devices
[0m[1;34mUUID=3e4c92bc-8e6f-4a49-90e7-89274a4755c3[0m /               ext4    errors=remount-ro 0       1
UUID=84ec3632-89e9-4e4d-88b4-afcbbc06a03b none            [1;32mswap[0m    sw              0       0
/dev/fd0        /media[1;32m/floppy[0m0  auto    rw[1;31m,user[0m,noauto[1;31m,exec[0m,utf8 0       0


[1;34mâ•â•â•â•â•â•â•â•â•â•â•â•â•â•â•â•â•â•â•â•â•â•â•â•â•â•â•â•â•â•â•â•â•â•â•â•â•£ [1;32mAvailable Software[1;34m â• â•â•â•â•â•â•â•â•â•â•â•â•â•â•â•â•â•â•â•â•â•â•â•â•â•â•â•â•â•â•â•â•â•â•â•â•
[0m[1;33m[+] [1;32mUseful software
[0m/bin/nc
/bin/netcat
/usr/bin/wget
/bin/ping
/usr/bin/base64
/usr/bin/python
/usr/bin/python2
/usr/bin/python3
/usr/bin/python2.7
/usr/bin/perl
/usr/bin/php
/usr/bin/sudo

[1;33m[+] [1;32mInstalled Compiler
[0m/usr/share/gcc-5


[1;34mâ•â•â•â•â•â•â•â•â•â•â•â•â•â•â•â•â•â•â•â•â•â•â•â•â•â•â•â•â•â•â•£ [1;32mProcesses, Cron, Services, Timers & Sockets[1;34m â• â•â•â•â•â•â•â•â•â•â•â•â•â•â•â•â•â•â•â•â•â•â•â•â•â•â•â•â•â•â•â•â•
[0m[1;33m[+] [1;32mCleaned processes
[0m[1;34m[i] [1;33mCheck weird & unexpected proceses run by root: https://book.hacktricks.xyz/linux-unix/privilege-escalation#processes
[0m[1;31mroot[0m          1  0.1  0.5  37564  5708 ?        Ss   11:13   0:01 /sbin/init noprompt
[1;31mroot[0m        232  0.0  0.2  28332  2688 ?        Ss   11:13   0:00 /lib/[1;34msys[0mtemd/systemd-journald
[1;31mroot[0m        262  0.0  0.0 158624   280 ?        Ssl  11:13   0:00 vmware-vmblock-fuse /run/vmblock-fuse -o rw,subtype=vmware-vmblock,default_permissions,allow_other,dev,suid
[1;31mroot[0m        286  0.0  0.3  44256  3728 ?        Ss   11:13   0:00 /lib/[1;34msys[0mtemd/systemd-[1;32mudev[0md
[1;34msys[0mtemd+    406  0.0  0.2 100324  2436 ?        Ssl  11:13   0:00 /lib/systemd/systemd-timesyncd
  â””â”€([1;90mCaps[0m) 0x0000000002000000=cap_sys_time
[1;31mroot[0m        522  0.0  0.1  20100  1220 ?        Ss   11:13   0:00 /lib/[1;34msys[0mtemd/systemd-logind
[1;31mroot[0m        523  0.0  0.9 111868  9784 ?        Ss   11:13   0:01 /usr/bin[1;32m/vmtoolsd[0m
[1;31mroot[0m        524  0.0  0.6 275864  6344 ?        Ssl  11:13   0:00 /usr/lib/accountsservice/accounts-[1;34m[1;32mdaemon[0m[0m
[1;34m[1;32msyslog[0m[0m      538  0.0  0.3 256396  3420 ?        Ssl  11:13   0:00 /usr/sbin/rsyslogd -n
[1;32mmessage+[0m    553  0.0  0.3  42900  3784 ?        Ss   11:13   0:00 /usr/bin/dbus-[1;34mdaemon[0m --system --address=systemd: --nofork --nopidfile --systemd-activation
  â””â”€([1;90mCaps[0m) 0x0000000020000000=cap_audit_write
[1;31mroot[0m        560  0.0  0.3  29008  3104 ?        Ss   11:13   0:00 /usr/sbin/[1;32mcron[0m -f
[1;31mroot[0m        593  0.0  0.1  15940  1896 tty1     Ss+  11:13   0:00 /sbin/agetty --noclear tty1 linux
[1;31mroot[0m        759  0.0  2.4 255896 24940 ?        Ss   11:13   0:00 /usr/sbin/[1;32m[1;31mapache2[0m[0m -k start
[1;34m[1;32m[1;95mwww-data[0m[0m[0m    799  0.0  1.2 256372 12272 ?        S    11:16   0:00  _ /usr/sbin/[1;32m[1;31mapache2[0m[0m -k start
[1;34m[1;32m[1;95mwww-data[0m[0m[0m    803  0.0  1.1 256372 11928 ?        S    11:16   0:00  _ /usr/sbin/[1;32m[1;31mapache2[0m[0m -k start
[1;34m[1;32m[1;95mwww-data[0m[0m[0m    824  0.0  1.2 256404 12128 ?        S    11:16   0:00  _ /usr/sbin/[1;32m[1;31mapache2[0m[0m -k start
[1;34m[1;32m[1;95mwww-data[0m[0m[0m    831  0.0  1.2 256372 11984 ?        S    11:16   0:00  _ /usr/sbin/[1;32m[1;31mapache2[0m[0m -k start
[1;34m[1;32m[1;95mwww-data[0m[0m[0m    863  0.0  1.1 256372 11916 ?        S    11:16   0:00  _ /usr/sbin/[1;32m[1;31mapache2[0m[0m -k start
[1;34m[1;32m[1;95mwww-data[0m[0m[0m    916  0.0  1.2 256372 12072 ?        S    11:16   0:00  _ /usr/sbin/[1;32m[1;31mapache2[0m[0m -k start
[1;34m[1;32m[1;95mwww-data[0m[0m[0m    932  0.0  1.3 256372 13136 ?        S    11:16   0:00  _ /usr/sbin/[1;32m[1;31mapache2[0m[0m -k start
[1;34m[1;32m[1;95mwww-data[0m[0m[0m    949  0.0  1.2 256372 11980 ?        S    11:16   0:00  _ /usr/sbin/[1;32m[1;31mapache2[0m[0m -k start
[1;34m[1;32m[1;95mwww-data[0m[0m[0m    965  0.0  1.1 256372 11928 ?        S    11:17   0:00  _ /usr/sbin/[1;32m[1;31mapache2[0m[0m -k start
[1;34m[1;32m[1;95mwww-data[0m[0m[0m    968  0.0  1.1 256372 11916 ?        S    11:17   0:00  _ /usr/sbin/[1;32m[1;31mapache2[0m[0m -k start
[1;34m[1;32m[1;95mwww-data[0m[0m[0m   1224  0.0  0.0   4508   716 ?        S    11:37   0:00      _ sh -c uname -a; w; id; /bin/sh -i
[1;34m[1;32m[1;95mwww-data[0m[0m[0m   1228  0.0  0.6  32168  6812 ?        S    11:37   0:00          _ /usr/bin/python -c import pty; pty.spawn('/bin/sh')
[1;34m[1;32m[1;95mwww-data[0m[0m[0m   1309  0.0  0.1   4508  1780 pts/0    Ss   11:37   0:00              _ /bin/sh
[1;34m[1;32m[1;95mwww-data[0m[0m[0m   1620  0.3  0.2   4852  2016 pts/0    S+   11:43   0:00                  _ /bin/sh ./linpeas.sh
[1;34m[1;32m[1;95mwww-data[0m[0m[0m   2248  0.0  0.0   4852   456 pts/0    S+   11:43   0:00                  |   _ /bin/sh ./linpeas.sh
[1;34m[1;32m[1;95mwww-data[0m[0m[0m   2252  0.0  0.3  34556  3000 pts/0    R+   11:43   0:00                  |   |   _ ps fauxwww
[1;34m[1;32m[1;95mwww-data[0m[0m[0m   2251  0.0  0.0   4852   456 pts/0    S+   11:43   0:00                  |   _ /bin/sh ./linpeas.sh
[1;34m[1;32m[1;95mwww-data[0m[0m[0m   1621  0.0  0.0   4384   712 pts/0    S+   11:43   0:00                  _ tee linpeas.out

[1;33m[+] [1;32mBinary processes permissions
[0m[1;34m[i] [1;33mhttps://book.hacktricks.xyz/linux-unix/privilege-escalation#processes
[0mlrwxrwxrwx 1 [1;32mroot[0m root      4 Dec  4  2017 /bin/sh -> dash
-rwxr-xr-x 1 [1;32mroot[0m root 326224 Jan 18  2017 /lib/[1;34msys[0mtemd/systemd-journald
-rwxr-xr-x 1 [1;32mroot[0m root 618520 Jan 18  2017 /lib/[1;34msys[0mtemd/systemd-logind
-rwxr-xr-x 1 [1;32mroot[0m root 141904 Jan 18  2017 /lib/[1;34msys[0mtemd/systemd-timesyncd
-rwxr-xr-x 1 [1;32mroot[0m root 453240 Jan 18  2017 /lib/[1;34msys[0mtemd/systemd-udevd
-rwxr-xr-x 1 [1;32mroot[0m root  44104 Dec 16  2016 /sbin/agetty
lrwxrwxrwx 1 [1;32mroot[0m root     20 Dec  4  2017 /sbin/init -> /lib/[1;34msys[0mtemd/systemd
-rwxr-xr-x 1 [1;32mroot[0m root 224208 Jan 12  2017 /usr/bin/dbus-[1;34m[1;32mdaemon[0m[0m
lrwxrwxrwx 1 [1;32mroot[0m root      9 Dec  9  2015 /usr/bin/python -> python2.7
-rwxr-xr-x 1 [1;32mroot[0m root  44528 Feb  9  2017 /usr/bin/vmtoolsd
-rwxr-xr-x 1 [1;32mroot[0m root 164928 Nov  3  2016 /usr/lib/accountsservice/accounts-[1;34m[1;32mdaemon[0m[0m
-rwxr-xr-x 1 [1;32mroot[0m root 662496 Sep 18  2017 /usr/sbin/apache2
-rwxr-xr-x 1 [1;32mroot[0m root  44472 Apr  5  2016 /usr/sbin/cron
-rwxr-xr-x 1 [1;32mroot[0m root 599328 Apr  5  2016 /usr/sbin/r[1;34m[1;32msyslog[0m[0md

[1;33m[+] [1;32mFiles opened by processes belonging to other users
[0m[1;34m[i] [1;33mThis is usually empty because of the lack of privileges to read other user processes information
[0mCOMMAND    PID TID             USER   FD      TYPE DEVICE SIZE/OFF   NODE NAME

[1;33m[+] [1;32mProcesses with credentials in memory (root req)
[0m[1;34m[i] [1;33mhttps://book.hacktricks.xyz/linux-unix/privilege-escalation#credentials-from-process-memory
[0m[1;90mgdm-password Not Found
[0m[1;90mgnome-keyring-daemon Not Found
[0m[1;90mlightdm Not Found
[0m[1;90mvsftpd Not Found
[0m[1;31mapache2[0m process found (dump creds from memory as root)
[1;90msshd Not Found
[0m
[1;33m[+] [1;32mCron jobs
[0m[1;34m[i] [1;33mhttps://book.hacktricks.xyz/linux-unix/privilege-escalation#scheduled-cron-jobs
[0m/usr/bin/crontab
[1;90mincrontab Not Found
[0m-rw-r--r-- 1 root root  722 Apr  5  2016 /etc/crontab

/etc/cron.d:
total 20
drwxr-xr-x  2 root root 4096 Dec  4  2017 .
drwxr-xr-x 89 root root 4096 Dec  4  2017 ..
-rw-r--r--  1 root root  102 Apr  5  2016 [1;32m.placeholder[0m
-rw-r--r--  1 root root  670 Mar  1  2016 [1;32mphp[0m
-rw-r--r--  1 root root  191 Dec  4  2017 [1;32mpopularity-contest[0m

/etc/cron.daily:
total 48
drwxr-xr-x  2 root root 4096 Dec  4  2017 .
drwxr-xr-x 89 root root 4096 Dec  4  2017 ..
-rw-r--r--  1 root root  102 Apr  5  2016 [1;32m.placeholder[0m
-rwxr-xr-x  1 root root  539 Apr  5  2016 [1;32mapache2[0m
-rwxr-xr-x  1 root root 1474 Jan 17  2017 [1;32mapt-compat[0m
-rwxr-xr-x  1 root root  355 May 22  2012 [1;32mbsdmainutils[0m
-rwxr-xr-x  1 root root 1597 Nov 26  2015 [1;32mdpkg[0m
-rwxr-xr-x  1 root root  372 May  5  2015 [1;32mlogrotate[0m
-rwxr-xr-x  1 root root 1293 Nov  6  2015 [1;32mman-db[0m
-rwxr-xr-x  1 root root  435 Nov 17  2014 [1;32mmlocate[0m
-rwxr-xr-x  1 root root  249 Nov 12  2015 [1;32mpasswd[0m
-rwxr-xr-x  1 root root 3449 Feb 26  2016 [1;32mpopularity-contest[0m

/etc/cron.hourly:
total 12
drwxr-xr-x  2 root root 4096 Dec  4  2017 .
drwxr-xr-x 89 root root 4096 Dec  4  2017 ..
-rw-r--r--  1 root root  102 Apr  5  2016 [1;32m.placeholder[0m

/etc/cron.monthly:
total 12
drwxr-xr-x  2 root root 4096 Dec  4  2017 .
drwxr-xr-x 89 root root 4096 Dec  4  2017 ..
-rw-r--r--  1 root root  102 Apr  5  2016 [1;32m.placeholder[0m

/etc/cron.weekly:
total 20
drwxr-xr-x  2 root root 4096 Dec  4  2017 .
drwxr-xr-x 89 root root 4096 Dec  4  2017 ..
-rw-r--r--  1 root root  102 Apr  5  2016 [1;32m.placeholder[0m
-rwxr-xr-x  1 root root   86 Apr 13  2016 [1;32mfstrim[0m
-rwxr-xr-x  1 root root  771 Nov  6  2015 [1;32mman-db[0m

SHELL=/bin/sh
PATH=/usr/local/s[1;34mbin:[0m/usr/local/bin:/sbin:/bin:/usr/sbin:/usr/bin


[1;33m[+] [1;32mServices
[0m[1;34m[i] [1;33mSearch for outdated versions
[0m [ + ]  apache-htcacheclean
 [ + ]  apache2
 [ + ]  apparmor
 [ - ]  bootmisc.sh
 [ - ]  checkfs.sh
 [ - ]  checkroot-bootclean.sh
 [ - ]  checkroot.sh
 [ + ]  console-setup
 [ + ]  cron
 [ + ]  dbus
 [ + ]  grub-common
 [ - ]  hostname.sh
 [ - ]  hwclock.sh
 [ + ]  irqbalance
 [ + ]  keyboard-setup
 [ - ]  killprocs
 [ + ]  kmod
 [ - ]  mountall-bootclean.sh
 [ - ]  mountall.sh
 [ - ]  mountdevsubfs.sh
 [ - ]  mountkernfs.sh
 [ - ]  mountnfs-bootclean.sh
 [ - ]  mountnfs.sh
 [ + ]  networking
 [ + ]  ondemand
 [ + ]  open-vm-tools
 [ - ]  plymouth
 [ - ]  plymouth-log
 [ + ]  procps
 [ - ]  rc.local
 [ + ]  resolvconf
 [ - ]  rsync
 [ + ]  rsyslog
 [ - ]  sendsigs
 [ + ]  udev
 [ + ]  ufw
 [ - ]  umountfs
 [ - ]  umountnfs.sh
 [ - ]  umountroot
 [ + ]  urandom
 [ - ]  uuidd
 [ - ]  x11-common

[1;33m[+] [1;32mSystemd PATH
[0m[1;34m[i] [1;33mhttps://book.hacktricks.xyz/linux-unix/privilege-escalation#systemd-path-relative-paths
[0mPATH=/usr/local/sbin:/usr/local/bin:/usr/sbin:/usr/bin:/sbin:/bin

[1;33m[+] [1;32mAnalyzing .service files
[0m[1;34m[i] [1;33mhttps://book.hacktricks.xyz/linux-unix/privilege-escalation#services
[0m/etc/systemd/system/multi-user.target.wants/networking.service is executing some relative path
/etc/systemd/system/network-online.target.wants/networking.service is executing some relative path
/lib/systemd/system/emergency.service is executing some relative path
/lib/systemd/system/networking.service is executing some relative path
/lib/systemd/system/rescue.service is executing some relative path
[1;32mYou can't write on systemd PATH[0m

[1;33m[+] [1;32mSystem timers
[0m[1;34m[i] [1;33mhttps://book.hacktricks.xyz/linux-unix/privilege-escalation#timers
[0mNEXT                         LEFT     LAST                         PASSED    UNIT                         ACTIVATES
Sat 2021-03-27 22:27:39 PDT  10h left Sat 2021-03-27 11:13:09 PDT  30min ago [1;32mapt-daily.timer[0m              apt-daily.service
Sun 2021-03-28 11:28:10 PDT  23h left Sat 2021-03-27 11:28:10 PDT  15min ago [1;32msystemd-tmpfiles-clean.timer[0m systemd-tmpfiles-clean.service
n/a                          n/a      n/a                          n/a       [1;32mureadahead-stop.timer[0m        ureadahead-stop.service

[1;33m[+] [1;32mAnalyzing .timer files
[0m[1;34m[i] [1;33mhttps://book.hacktricks.xyz/linux-unix/privilege-escalation#timers
[0m
[1;33m[+] [1;32mAnalyzing .socket files
[0m[1;34m[i] [1;33mhttps://book.hacktricks.xyz/linux-unix/privilege-escalation#sockets
[0m
[1;33m[+] [1;32mHTTP sockets
[0m[1;34m[i] [1;33mhttps://book.hacktricks.xyz/linux-unix/privilege-escalation#sockets
[0m
[1;33m[+] [1;32mD-Bus config files
[0m[1;34m[i] [1;33mhttps://book.hacktricks.xyz/linux-unix/privilege-escalation#d-bus
[0mPossible weak user policy found on /etc/dbus-1/[1;34msys[0mtem.d/org.freedesktop.network1.conf (        <policy user="[1;34msystemd-network[0m">)
Possible weak user policy found on /etc/dbus-1/[1;34msys[0mtem.d/org.freedesktop.resolve1.conf (        <policy user="[1;34msystemd-resolve[0m">)

[1;33m[+] [1;32mD-Bus Service Objects list
[0m[1;34m[i] [1;33mhttps://book.hacktricks.xyz/linux-unix/privilege-escalation#d-bus
[0m[1;32mNAME[0m                               PID PROCESS         USER             CONNECTION    UNIT                      SESSION    DESCRIPTION        
[1;32m:1.0[0m                               522 systemd-logind  root             :1.0          systemd-logind.service    -          -                  
[1;32m:1.1[0m                                 1 systemd         root             :1.1          init.scope                -          -                  
[1;32m:1.120[0m                            7320 busctl          www-data         :1.120        apache2.service           -          -                  
[1;32m:1.2[0m                               524 accounts-daemon root             :1.2          accounts-daemon.service   -          -                  
[1;32mcom.ubuntu.LanguageSelector[0m          - -               -                (activatable) -                         -         
[1;32morg.freedesktop.Accounts[0m           524 accounts-daemon root             :1.2          accounts-daemon.service   -          -                  
[1;32morg.freedesktop.DBus[0m               553 dbus-daemon     messagebus       [1;32morg.freedesktop.DBus[0m dbus.service              -          -                  
[1;32morg.freedesktop.hostname1[0m            - -               -                (activatable) -                         -         
[1;32morg.freedesktop.locale1[0m              - -               -                (activatable) -                         -         
[1;32morg.freedesktop.login1[0m             522 systemd-logind  root             :1.0          systemd-logind.service    -          -                  
[1;32morg.freedesktop.network1[0m             - -               -                (activatable) -                         -         
[1;32morg.freedesktop.resolve1[0m             - -               -                (activatable) -                         -         
[1;32morg.freedesktop.systemd1[0m             1 systemd         root             :1.1          init.scope                -          -                  
[1;32morg.freedesktop.timedate1[0m            - -               -                (activatable) -                         -         


[1;34mâ•â•â•â•â•â•â•â•â•â•â•â•â•â•â•â•â•â•â•â•â•â•â•â•â•â•â•â•â•â•â•â•â•â•â•â•£ [1;32mNetwork Information[1;34m â• â•â•â•â•â•â•â•â•â•â•â•â•â•â•â•â•â•â•â•â•â•â•â•â•â•â•â•â•â•â•â•â•â•â•â•â•
[0m[1;33m[+] [1;32mHostname, hosts and DNS
[0mbashed
127.0.0.1	localhost
127.0.1.1	bashed

::1     localhost ip6-localhost ip6-loopback
ff02::1 ip6-allnodes
ff02::2 ip6-allrouters

[1;33m[+] [1;32mContent of /etc/inetd.conf & /etc/xinetd.conf
[0m[1;90m/etc/inetd.conf Not Found
[0m
[1;33m[+] [1;32mInterfaces
[0m# symbolic names for networks, see networks(5) for more information
link-local 169.254.0.0
ens33     Link encap:Ethernet  HWaddr 00:50:56:b9:25:1f  
          inet addr:10.10.10.68  Bcast:10.10.10.255  Mask:255.255.255.255
          inet6 addr: dead:beef::250:56ff:feb9:251f/64 Scope:Global
          inet6 addr: fe80::250:56ff:feb9:251f/64 Scope:Link
          UP BROADCAST RUNNING MULTICAST  MTU:1500  Metric:1
          RX packets:306060 errors:0 dropped:0 overruns:0 frame:0
          TX packets:298853 errors:0 dropped:0 overruns:0 carrier:0
          collisions:0 txqueuelen:1000 
          RX bytes:44722157 (44.7 MB)  TX bytes:119157242 (119.1 MB)

lo        Link encap:Local Loopback  
          inet addr:127.0.0.1  Mask:255.0.0.0
          inet6 addr: ::1/128 Scope:Host
          UP LOOPBACK RUNNING  MTU:65536  Metric:1
          RX packets:11200 errors:0 dropped:0 overruns:0 frame:0
          TX packets:11200 errors:0 dropped:0 overruns:0 carrier:0
          collisions:0 txqueuelen:1 
          RX bytes:864460 (864.4 KB)  TX bytes:864460 (864.4 KB)


[1;33m[+] [1;32mNetworks and neighbours
[0mKernel IP routing table
Destination     Gateway         Genmask         Flags Metric Ref    Use Iface
default         10.10.10.2      0.0.0.0         UG    0      0        0 ens33
Address                  HWtype  HWaddress           Flags Mask            Iface
10.10.10.2               ether   00:50:56:b9:34:07   C                     ens33

[1;33m[+] [1;32mIptables rules
[0m[1;90miptables rules Not Found
[0m
[1;33m[+] [1;32mActive Ports
[0m[1;34m[i] [1;33mhttps://book.hacktricks.xyz/linux-unix/privilege-escalation#open-ports
[0mtcp6       0      0 :::80                   :::*                    LISTEN      -               

[1;33m[+] [1;32mCan I sniff with tcpdump?
[0m[1;90mNo
[0m

[1;34mâ•â•â•â•â•â•â•â•â•â•â•â•â•â•â•â•â•â•â•â•â•â•â•â•â•â•â•â•â•â•â•â•â•â•â•â•â•£ [1;32mUsers Information[1;34m â• â•â•â•â•â•â•â•â•â•â•â•â•â•â•â•â•â•â•â•â•â•â•â•â•â•â•â•â•â•â•â•â•â•â•â•â•
[0m[1;33m[+] [1;32mMy user
[0m[1;34m[i] [1;33mhttps://book.hacktricks.xyz/linux-unix/privilege-escalation#users
[0muid=33([1;95m[1;34m[1;32mwww-data[0m[0m[0m) gid=33([1;95m[1;34m[1;32mwww-data[0m[0m[0m) groups=33([1;95m[1;34m[1;32mwww-data[0m[0m[0m)

[1;33m[+] [1;32mDo I have PGP keys?
[0m/usr/bin/gpg
[1;90mnetpgpkeys Not Found
[0m[1;90mnetpgp Not Found
[0m
[1;33m[+] [1;32mClipboard or highlighted text?
[0m[1;90mxsel and xclip Not Found
[0m
[1;33m[+] [1;32mChecking 'sudo -l', /etc/sudoers, and /etc/sudoers.d
[0m[1;34m[i] [1;33mhttps://book.hacktricks.xyz/linux-unix/privilege-escalation#sudo-and-suid
[0mMatching Defaults entries for [1;31mwww-data[0m on bashed:
    env_reset, mail_badpass, secure_path=/usr/local/sbin\:/usr/local/bin\:/usr/sbin\:/usr/bin\:/sbin\:/bin\:/snap/bin

User [1;31mwww-data[0m may run the following commands on bashed:
    (scriptmanager : scriptmanager) [1;31mNOPASSWD[0m: [1;31mALL[0m

[1;33m[+] [1;32mChecking sudo tokens
[0m[1;34m[i] [1;33mhttps://book.hacktricks.xyz/linux-unix/privilege-escalation#sudo-and-suid
[0m/proc/sys/kernel/yama/ptrace_scope [1;32mis not enabled[0m (1)
[1;32mgdb[0m wasn't found in PATH

[1;33m[+] [1;32mChecking doas.conf
[0m[1;90m/etc/doas.conf Not Found
[0m
[1;33m[+] [1;32mChecking Pkexec policy
[0m[1;34m[i] [1;33mhttps://book.hacktricks.xyz/linux-unix/privilege-escalation/interesting-groups-linux-pe#pe-method-2
[0m
[1;33m[+] [1;32mSuperusers
[0m[1;31mroot[0m:x:0:0:root:/root:/bin/bash

[1;33m[+] [1;32mUsers with console
[0m[1;96marrexel[0m:x:1000:1000:arrexel,,,:/home/arrexel:/bin/bash
[1;31mroot[0m:x:0:0:root:/root:/bin/bash
[1;96mscriptmanager[0m:x:1001:1001:,,,:/home/scriptmanager:/bin/bash

[1;33m[+] [1;32mAll users & groups
[0muid=0[1;31m([1;31mroot[0m)[0m gid=0[1;31m(root)[0m groups=0[1;31m(root)[0m
uid=1([1;34m[1;32mdaemon[0m[0m) gid=1([1;34m[1;32mdaemon[0m[0m) groups=1([1;34m[1;32mdaemon[0m[0m)
uid=10([1;34muucp[0m) gid=10([1;34muucp[0m) groups=10([1;34muucp[0m)
uid=100([1;34msystemd-timesync[0m) gid=102([1;34msystemd-timesync[0m) groups=102([1;34msystemd-timesync[0m)
uid=1000([1;96marrexel[0m) gid=1000([1;96marrexel[0m) groups=1000([1;96marrexel[0m),4[1;31m(adm)[0m,24[1;32m(cdrom)[0m,27[1;31m(sudo)[0m,30(dip),46[1;32m(plugdev)[0m,114([1;34mlp[0madmin),115(sambashare)
uid=1001([1;96mscript[1;34mman[0mager[0m) gid=1001([1;96mscript[1;34mman[0mager[0m) groups=1001([1;96mscript[1;34mman[0mager[0m)
uid=101([1;34msystemd-network[0m) gid=103([1;34msystemd-network[0m) groups=103([1;34msystemd-network[0m)
uid=102([1;34msystemd-resolve[0m) gid=104([1;34msystemd-resolve[0m) groups=104([1;34msystemd-resolve[0m)
uid=103([1;34msystemd-bus-proxy[0m) gid=105([1;34msystemd-bus-proxy[0m) groups=105([1;34msystemd-bus-proxy[0m)
uid=104([1;34m[1;32msyslog[0m[0m) gid=108([1;34m[1;32msyslog[0m[0m) groups=108([1;34m[1;32msyslog[0m[0m),4[1;31m(adm)[0m
uid=105([1;34m_apt[0m) gid=65534[1;32m(nogroup)[0m groups=65534[1;32m(nogroup)[0m
uid=106([1;34mmessagebus[0m) gid=110([1;34mmessagebus[0m) groups=110([1;34mmessagebus[0m)
uid=107([1;34muuidd[0m) gid=111([1;34muuidd[0m) groups=111([1;34muuidd[0m)
uid=13([1;34mproxy[0m) gid=13([1;34mproxy[0m) groups=13([1;34mproxy[0m)
uid=2(bin) gid=2(bin) groups=2(bin)
uid=3([1;34msys[0m) gid=3([1;34msys[0m) groups=3([1;34msys[0m)
uid=33([1;95m[1;34m[1;32mwww-data[0m[0m[0m) gid=33([1;95m[1;34m[1;32mwww-data[0m[0m[0m) groups=33([1;95m[1;34m[1;32mwww-data[0m[0m[0m)
uid=34([1;34mbackup[0m) gid=34([1;34mbackup[0m) groups=34([1;34mbackup[0m)
uid=38([1;34mlist[0m) gid=38([1;34mlist[0m) groups=38([1;34mlist[0m)
uid=39([1;34mirc[0m) gid=39([1;34mirc[0m) groups=39([1;34mirc[0m)
uid=4([1;34msync[0m) gid=65534[1;32m(nogroup)[0m groups=65534[1;32m(nogroup)[0m
uid=41([1;34mgnats[0m) gid=41([1;34mgnats[0m) groups=41([1;34mgnats[0m)
uid=5([1;34mgames[0m) gid=60([1;34mgames[0m) groups=60([1;34mgames[0m)
uid=6([1;34mman[0m) gid=12([1;34mman[0m) groups=12([1;34mman[0m)
uid=65534([1;34mnobody[0m) gid=65534[1;32m(nogroup)[0m groups=65534[1;32m(nogroup)[0m
uid=7([1;34mlp[0m) gid=7([1;34mlp[0m) groups=7([1;34mlp[0m)
uid=8([1;34m[1;32mmail[0m[0m) gid=8([1;34m[1;32mmail[0m[0m) groups=8([1;34m[1;32mmail[0m[0m)
uid=9([1;34mnews[0m) gid=9([1;34mnews[0m) groups=9([1;34mnews[0m)

[1;33m[+] [1;32mLogin now
[0m 11:43:35 up 30 min,  0 users,  load average: 0.08, 0.05, 0.06
USER     TTY      FROM             LOGIN@   IDLE   JCPU   PCPU WHAT

[1;33m[+] [1;32mLast logons
[0m[1;96marrexel[0m  tty1         Mon Dec  4 14:01:56 2017 - down                      (00:00)     0.0.0.0
reboot   [1;31msys[0mtem boot  Mon Dec  4 14:01:10 2017 - Mon Dec  4 14:02:53 2017  (00:01)     0.0.0.0
[1;96marrexel[0m  tty1         Mon Dec  4 13:33:30 2017 - down                      (00:27)     0.0.0.0
reboot   [1;31msys[0mtem boot  Mon Dec  4 13:33:02 2017 - Mon Dec  4 14:01:02 2017  (00:28)     0.0.0.0
[1;96marrexel[0m  tty1         Mon Dec  4 12:53:09 2017 - crash                     (00:39)     0.0.0.0
reboot   [1;31msys[0mtem boot  Mon Dec  4 12:52:44 2017 - Mon Dec  4 14:01:02 2017  (01:08)     0.0.0.0
[1;96marrexel[0m  tty1         Mon Dec  4 11:19:34 2017 - crash                     (01:33)     0.0.0.0
reboot   [1;31msys[0mtem boot  Mon Dec  4 11:17:55 2017 - Mon Dec  4 14:01:02 2017  (02:43)     0.0.0.0

wtmp begins Mon Dec  4 11:17:55 2017

[1;33m[+] [1;32mLast time logon each user
[0mUsername         Port     From             Latest
[1;96marrexel[0m          tty1                      Sat Dec 23 20:20:46 -0800 2017

[1;33m[+] [1;32mPassword policy
[0mPASS_MAX_DAYS	99999
PASS_MIN_DAYS	0
PASS_WARN_AGE	7
ENCRYPT_METHOD SHA512

[1;33m[+] [1;32mDo not forget to test 'su' as any other user with shell: without password and with their names as password (I can't do it...)
[0m[1;33m[+] [1;32mDo not forget to execute 'sudo -l' without password or with valid password (if you know it)!!
[0m

[1;34mâ•â•â•â•â•â•â•â•â•â•â•â•â•â•â•â•â•â•â•â•â•â•â•â•â•â•â•â•â•â•â•â•â•â•â•â•£ [1;32mSoftware Information[1;34m â• â•â•â•â•â•â•â•â•â•â•â•â•â•â•â•â•â•â•â•â•â•â•â•â•â•â•â•â•â•â•â•â•â•â•â•
[0m[1;33m[+] [1;32mMySQL version
[0m[1;90mmysql Not Found
[0m
[1;33m[+] [1;32mMySQL connection using default root/root ........... [0m[1;90mNo
[0m[1;33m[+] [1;32mMySQL connection using root/toor ................... [0m[1;90mNo
[0m[1;33m[+] [1;32mMySQL connection using root/NOPASS ................. [0m[1;90mNo
[0m[1;33m[+] [1;32mSearching mysql credentials and exec
[0m
[1;33m[+] [1;32mPostgreSQL version and pgadmin credentials
[0m[1;90m Not Found
[0m
[1;33m[+] [1;32mPostgreSQL connection to template0 using postgres/NOPASS ........ [0m[1;90mNo
[0m[1;33m[+] [1;32mPostgreSQL connection to template1 using postgres/NOPASS ........ [0m[1;90mNo
[0m[1;33m[+] [1;32mPostgreSQL connection to template0 using pgsql/NOPASS ........... [0m[1;90mNo
[0m[1;33m[+] [1;32mPostgreSQL connection to template1 using pgsql/NOPASS ........... [0m[1;90mNo
[0m
[1;33m[+] [1;32mApache server info
[0mVersion: Server version: Apache/2.4.18 (Ubuntu)
Server built:   2017-09-18T15:09:02
PHP exec extensions
/etc/apache2/mods-available/php7.0.conf-<FilesMatch ".+\.ph(p[3457]?|t|tml)$">
/etc/apache2/mods-available/php7.0.conf:    SetHandler application/x-httpd-php
--
/etc/apache2/mods-available/php7.0.conf-<FilesMatch ".+\.phps$">
/etc/apache2/mods-available/php7.0.conf:    SetHandler application/x-httpd-php-source
--
/etc/apache2/mods-enabled/php7.0.conf-<FilesMatch ".+\.ph(p[3457]?|t|tml)$">
/etc/apache2/mods-enabled/php7.0.conf:    SetHandler application/x-httpd-php
--
/etc/apache2/mods-enabled/php7.0.conf-<FilesMatch ".+\.phps$">
/etc/apache2/mods-enabled/php7.0.conf:    SetHandler application/x-httpd-php-source

[1;33m[+] [1;32mSearching PHPCookies
[0m[1;90m Not Found
[0m
[1;33m[+] [1;32mSearching Wordpress wp-config.php files
[0m[1;90mwp-config.php Not Found
[0m
[1;33m[+] [1;32mSearching Drupal settings.php files
[0m[1;90m/default/settings.php Not Found
[0m
[1;33m[+] [1;32mSearching Tomcat users file
[0m[1;90mtomcat-users.xml Not Found
[0m
[1;33m[+] [1;32mMongo information
[0m[1;90mmongo binary Not Found
[0m
[1;33m[+] [1;32mSearching supervisord configuration file
[0m[1;90msupervisord.conf Not Found
[0m
[1;33m[+] [1;32mSearching cesi configuration file
[0m[1;90mcesi.conf Not Found
[0m
[1;33m[+] [1;32mSearching Rsyncd config file
[0m/usr/share/doc/rsync/examples/rsyncd.conf
[ftp]
	comment = public archive
	path = /var/www/pub
	use chroot = yes
	lock file = /var/lock/rsyncd
	read only = yes
	list = yes
	uid = nobody
	gid = nogroup
	strict modes = yes
	ignore errors = no
	ignore nonreadable = yes
	transfer logging = no
	timeout = 600
	refuse options = checksum dry-run
	dont compress = *.gz *.tgz *.zip *.z *.rpm *.deb *.iso *.bz2 *.tbz

[1;33m[+] [1;32mSearching Hostapd config file
[0m[1;90mhostapd.conf Not Found
[0m
[1;33m[+] [1;32mSearching wifi conns file
[0m[1;90m Not Found
[0m
[1;33m[+] [1;32mSearching Anaconda-ks config files
[0m[1;90manaconda-ks.cfg Not Found
[0m
[1;33m[+] [1;32mSearching .vnc directories and their passwd files
[0m[1;90m.vnc Not Found
[0m
[1;33m[+] [1;32mSearching ldap directories and their hashes
[0m/etc/ldap
The password hash is from the {SSHA} to 'structural'

[1;33m[+] [1;32mSearching .ovpn files and credentials
[0m[1;90m.ovpn Not Found
[0m
[1;33m[+] [1;32mSearching ssl/ssh files
[0m
Searching inside /etc/ssh/ssh_config for interesting info
[1;31mHost[0m *
    SendEnv LANG LC_*
    HashKnown[1;31mHost[0ms yes
    GSSAPIAuthentication yes
    GSSAPIDelegateCredentials no

[1;33m[+] [1;32mSearching unexpected auth lines in /etc/pam.d/sshd
[0m[1;90mNo
[0m
[1;33m[+] [1;32mSearching Cloud credentials (AWS, Azure, GC)
[0m
[1;33m[+] [1;32mNFS exports?
[0m[1;34m[i] [1;33mhttps://book.hacktricks.xyz/linux-unix/privilege-escalation/nfs-no_root_squash-misconfiguration-pe
[0m[1;90m/etc/exports Not Found
[0m
[1;33m[+] [1;32mSearching kerberos conf files and tickets
[0m[1;34m[i] [1;33mhttps://book.hacktricks.xyz/pentesting/pentesting-kerberos-88#pass-the-ticket-ptt
[0m[1;90mkrb5.conf Not Found
[0m[1;90mtickets kerberos Not Found
[0m[1;90mklist Not Found
[0m
[1;33m[+] [1;32mSearching Kibana yaml
[0m[1;90mkibana.yml Not Found
[0m
[1;33m[+] [1;32mSearching Knock configuration
[0m[1;90mKnock.config Not Found
[0m
[1;33m[+] [1;32mSearching logstash files
[0m[1;90m Not Found
[0m
[1;33m[+] [1;32mSearching elasticsearch files
[0m[1;90m Not Found
[0m
[1;33m[+] [1;32mSearching Vault-ssh files
[0m[1;90mvault-ssh-helper.hcl Not Found
[0m
[1;33m[+] [1;32mSearching AD cached hashes
[0m[1;90mcached hashes Not Found
[0m
[1;33m[+] [1;32mSearching screen sessions
[1;34m[i] [1;33mhttps://book.hacktricks.xyz/linux-unix/privilege-escalation#open-shell-sessions
[0m[1;90mscreen Not Found
[0m
[1;33m[+] [1;32mSearching tmux sessions
[1;34m[i] [1;33mhttps://book.hacktricks.xyz/linux-unix/privilege-escalation#open-shell-sessions
[0m[1;90mtmux Not Found
[0m
[1;33m[+] [1;32mSearching Couchdb directory
[0m
[1;33m[+] [1;32mSearching redis.conf
[0m
[1;33m[+] [1;32mSearching dovecot files
[0m[1;90mdovecot credentials Not Found
[0m
[1;33m[+] [1;32mSearching mosquitto.conf
[0m
[1;33m[+] [1;32mSearching neo4j auth file
[0m
[1;33m[+] [1;32mSearching Cloud-Init conf file
[0m
[1;33m[+] [1;32mSearching Erlang cookie file
[0m
[1;33m[+] [1;32mSearching GVM auth file
[0m
[1;33m[+] [1;32mSearching IPSEC files
[0m
[1;33m[+] [1;32mSearching IRSSI files
[0m
[1;33m[+] [1;32mSearching Keyring files
[0mKeyring folder: [1;31m/usr/share/keyrings[0m
/usr/share/[1;31mkeyrings[0m:
total 20
-rw-r--r-- 1 root root 12335 May 18  2012 ubuntu-archive-keyring.gpg
-rw-r--r-- 1 root root     0 May 18  2012 ubuntu-archive-removed-keys.gpg
-rw-r--r-- 1 root root  1227 May 18  2012 ubuntu-master-keyring.gpg
Keyring folder: [1;31m/var/lib/apt/keyrings[0m
/var/lib/apt/[1;31mkeyrings[0m:
total 16
-rw-r--r-- 1 root root 12335 Feb 15  2017 ubuntu-archive-keyring.gpg

[1;33m[+] [1;32mSearching Filezilla sites file
[0m
[1;33m[+] [1;32mSearching backup-manager files
[0m
[1;33m[+] [1;32mSearching uncommon passwd files (splunk)
[0mpasswd file: [1;31m/etc/cron.daily/passwd[0m
passwd file: [1;31m/etc/pam.d/passwd[0m
passwd file: [1;31m/usr/bin/passwd[0m
passwd file: [1;31m/usr/share/bash-completion/completions/passwd[0m
passwd file: [1;31m/usr/share/lintian/overrides/passwd[0m

[1;33m[+] [1;32mSearching GitLab related files
[0m

[1;33m[+] [1;32mSearching PGP/GPG
[0mPGP/GPG software:
/usr/bin/gpg
[1;90mnetpgpkeys Not Found
[0m[1;90mnetpgp Not Found
[0m
[1;33m[+] [1;32mSearching vim files
[0m
[1;33m[+] [1;32mChecking if containerd(ctr) is available
[0m[1;34m[i] [1;33mhttps://book.hacktricks.xyz/linux-unix/privilege-escalation/containerd-ctr-privilege-escalation
[0m
[1;33m[+] [1;32mChecking if runc is available
[0m[1;34m[i] [1;33mhttps://book.hacktricks.xyz/linux-unix/privilege-escalation/runc-privilege-escalation
[0m
[1;33m[+] [1;32mSearching docker files
[0m[1;34m[i] [1;33mhttps://book.hacktricks.xyz/linux-unix/privilege-escalation#writable-docker-socket
[0m
[1;33m[+] [1;32mInteresting Firefox Files
[0m[1;34m[i] [1;33mhttps://book.hacktricks.xyz/forensics/basic-forensics-esp/browser-artifacts#firefox
[0m
[1;33m[+] [1;32mInteresting Chrome Files
[0m[1;34m[i] [1;33mhttps://book.hacktricks.xyz/forensics/basic-forensics-esp/browser-artifacts#firefox
[0m
[1;33m[+] [1;32mAutologin Files
[0m


[1;33m[+] [1;32mS/Key authentication
[0m
[1;33m[+] [1;32mYubiKey authentication
[0m
[1;33m[+] [1;32mPasswords inside pam.d
[0m

[1;34mâ•â•â•â•â•â•â•â•â•â•â•â•â•â•â•â•â•â•â•â•â•â•â•â•â•â•â•â•â•â•â•â•â•â•â•â•â•£ [1;32mInteresting Files[1;34m â• â•â•â•â•â•â•â•â•â•â•â•â•â•â•â•â•â•â•â•â•â•â•â•â•â•â•â•â•â•â•â•â•â•â•â•â•
[0m[1;33m[+] [1;32mSUID - Check easy privesc, exploits and write perms
[0m[1;34m[i] [1;33mhttps://book.hacktricks.xyz/linux-unix/privilege-escalation#sudo-and-suid
[0m[1;90mstrings Not Found
[0m-rwsr-xr-x 1 root root        10K Feb 25  2014 /usr/lib/eject[1;32m/dmcrypt-get-device[0m
-rwsr-xr-x 1 root root        44K May  7  2014 /bin[1;32m/ping6[0m
-rwsr-xr-x 1 root root        44K May  7  2014 /bin[1;32m/ping[0m
-rwsr-xr-x 1 root root        53K Mar 29  2016 /usr/bin[1;31m/passwd  --->  Apple_Mac_OSX(03-2006)/Solaris_8/9(12-2004)/SPARC_8/9/Sun_Solaris_2.3_to_2.5.1(02-1997)[0m
-rwsr-xr-x 1 root root        74K Mar 29  2016 /usr/bin[1;32m/gpasswd[0m
-rwsr-xr-x 1 root root        40K Mar 29  2016 /usr/bin[1;32m/chsh[0m
-rwsr-xr-x 1 root root        49K Mar 29  2016 /usr/bin[1;31m/chfn  --->  SuSE_9.3/10[0m
-rwsr-xr-x 1 root root        39K Mar 29  2016 /usr/bin[1;31m/newgrp  --->  HP-UX_10.20[0m
-rwsr-xr-x 1 root root        40K Mar 29  2016 /bin[1;32m/su[0m
-rwsr-xr-x 1 root root        31K Jul 12  2016 /bin[1;32m/fusermount[0m
-rwsr-xr-x 1 root root       419K Aug 11  2016 /usr/lib/openssh[1;32m/ssh-keysign[0m
-rwsr-xr-x 1 root root        27K Dec 16  2016 /bin[1;31m/umount  --->  BSD/Linux(08-1996)[0m
-rwsr-xr-x 1 root root        40K Dec 16  2016 /bin[1;31m/mount  --->  Apple_Mac_OSX(Lion)_Kernel_xnu-1699.32.7_except_xnu-1699.24.8[0m
-rwsr-xr-- 1 root messagebus  42K Jan 12  2017 /usr/lib/dbus-1.0[1;32m/dbus-daemon-launch-helper[0m
-rwsr-xr-x 1 root root       134K Jan 20  2017 /usr/bin[1;31m/sudo  --->  /sudo$[0m
-rwsr-xr-x 1 root root       139K Jan 28  2017 /bin[1;31m/ntfs-3g  --->  Debian9/8/7/Ubuntu/Gentoo/others/Ubuntu_Server_16.10_and_others(02-2017)[0m
-rwsr-xr-x 1 root root        11K Feb  9  2017 /usr/bin[1;32m/vmware-user-suid-wrapper[0m

[1;33m[+] [1;32mSGID
[0m[1;34m[i] [1;33mhttps://book.hacktricks.xyz/linux-unix/privilege-escalation#sudo-and-suid
[0m-rwxr-sr-x 1 root mlocate  39K Nov 17  2014 /usr/bin[1;32m/mlocate[0m
-rwxr-sr-x 1 root tty      15K Mar  1  2016 /usr/bin[1;32m/bsd-write[0m
-rwxr-sr-x 1 root shadow   35K Mar 16  2016 /sbin[1;32m/unix_chkpwd[0m
-rwxr-sr-x 1 root shadow   35K Mar 16  2016 /sbin[1;32m/pam_extrausers_chkpwd[0m
-rwxr-sr-x 1 root shadow   23K Mar 29  2016 /usr/bin[1;32m/expiry[0m
-rwxr-sr-x 1 root shadow   61K Mar 29  2016 /usr/bin[1;32m/chage[0m
-rwxr-sr-x 1 root crontab  36K Apr  5  2016 /usr/bin[1;32m/crontab[0m
-rwxr-sr-x 1 root ssh     351K Aug 11  2016 /usr/bin[1;32m/ssh-agent[0m
-rwxr-sr-x 1 root tty      27K Dec 16  2016 /usr/bin[1;32m/wall[0m

[1;33m[+] [1;32mChecking misconfigurations of ld.so
[0m[1;34m[i] [1;33mhttps://book.hacktricks.xyz/linux-unix/privilege-escalation#ld-so
[0m[3m/etc/ld.so.conf
[0minclude /etc/ld.so.conf.d/*.conf

[3m/etc/ld.so.conf.d
[0m[3m  /etc/ld.so.conf.d/libc.conf
[0m[1;32m/usr/local/lib[0m
[3m  /etc/ld.so.conf.d/x86_64-linux-gnu.conf
[0m[1;32m/lib/x86_64-linux-gnu[0m
[1;32m/usr/lib/x86_64-linux-gnu[0m

[1;33m[+] [1;32mCapabilities
[0m[1;34m[i] [1;33mhttps://book.hacktricks.xyz/linux-unix/privilege-escalation#capabilities
[0mCurrent capabilities:
Current: =
[1;32mCapInh:	0000000000000000[0m
[1;32mCapPrm:	0000000000000000[0m
[1;32mCapEff:	0000000000000000[0m
[1;32mCapBnd:	0000003fffffffff[0m
[1;32mCapAmb:	0000000000000000[0m

Shell capabilities:
0x0000000000000000=
[1;32mCapInh:	0000000000000000[0m
[1;32mCapPrm:	0000000000000000[0m
[1;32mCapEff:	0000000000000000[0m
[1;32mCapBnd:	0000003fffffffff[0m
[1;32mCapAmb:	0000000000000000[0m

Files with capabilities:
/usr/bin/systemd-detect-virt = [1;31mcap_dac_override[0m,cap_sys_ptrace+ep
/usr/bin[1;31m/mtr[0m = cap_net_raw+ep
/usr/bin/traceroute6.iputils = cap_net_raw+ep

[1;33m[+] [1;32mUsers with capabilities
[0m[1;34m[i] [1;33mhttps://book.hacktricks.xyz/linux-unix/privilege-escalation#capabilities
[0m[1;90m/etc/security/capability.conf Not Found
[0m
[1;33m[+] [1;32mFiles with ACLs
[0m[1;34m[i] [1;33mhttps://book.hacktricks.xyz/linux-unix/privilege-escalation#acls
[0m[1;90mfiles with acls in searched folders Not Found
[0m
[1;33m[+] [1;32m.sh files in path
[0m[1;34m[i] [1;33mhttps://book.hacktricks.xyz/linux-unix/privilege-escalation#script-binaries-in-path
[0m/usr/bin[1;32m/gettext.sh[0m

[1;33m[+] [1;32mUnexpected in root
[0m[1;31m/scripts[0m
[1;31m/lost+found[0m
[1;31m/initrd.img[0m
[1;31m/vmlinuz[0m

[1;33m[+] [1;32mFiles (scripts) in /etc/profile.d/
[0m[1;34m[i] [1;33mhttps://book.hacktricks.xyz/linux-unix/privilege-escalation#profiles-files
[0mtotal 16
drwxr-xr-x  2 root root 4096 Dec  4  2017 .
drwxr-xr-x 89 root root 4096 Dec  4  2017 ..
-rw-r--r--  1 root root  663 May 18  2016 [1;32mbash_completion.sh[0m
-rw-r--r--  1 root root 1003 Dec 29  2015 [1;32mcedilla-portuguese.sh[0m

[1;33m[+] [1;32mPermissions in init, init.d, systemd, and rc.d
[0m[1;34m[i] [1;33mhttps://book.hacktricks.xyz/linux-unix/privilege-escalation#init-init-d-systemd-and-rc-d
[0m
[1;33m[+] [1;32mHashes inside passwd file? ........... [0m[1;90mNo
[0m[1;33m[+] [1;32mWritable passwd file? ................ [0m[1;90mNo
[0m[1;33m[+] [1;32mCredentials in fstab/mtab? ........... [0m[1;90mNo
[0m[1;33m[+] [1;32mCan I read shadow files? ............. [0m[1;90mNo
[0m[1;33m[+] [1;32mCan I read opasswd file? ............. [0m[1;90mNo
[0m[1;33m[+] [1;32mCan I write in network-scripts? ...... [0m[1;90mNo
[0m[1;33m[+] [1;32mCan I read root folder? .............. [0m[1;90mNo
[0m
[1;33m[+] [1;32mSearching root files in home dirs (limit 30)
[0m/home/
/root/

[1;33m[+] [1;32mSearching folders owned by me containing others files on it
[0m
[1;33m[+] [1;32mReadable files belonging to root and readable by me but not world readable
[0m
[1;33m[+] [1;32mModified interesting files in the last 5mins (limit 100)
[0m/var/log/auth.log
/var/log/syslog
/var/log/kern.log

[1;33m[+] [1;32mWritable log files (logrotten) (limit 100)
[0m[1;34m[i] [1;33mhttps://book.hacktricks.xyz/linux-unix/privilege-escalation#logrotate-exploitation
[0m
[1;33m[+] [1;32mFiles inside /home/www-data (limit 20)
[0m
[1;33m[+] [1;32mFiles inside others home (limit 20)
[0m/home/scriptmanager/.profile
/home/scriptmanager/.bashrc
/home/scriptmanager/.bash_history
/home/scriptmanager/.bash_logout
/home/arrexel/.profile
/home/arrexel/.bashrc
/home/arrexel/user.txt
/home/arrexel/.bash_history
/home/arrexel/.bash_logout
/home/arrexel/.sudo_as_admin_successful

[1;33m[+] [1;32mSearching installed mail applications
[0m
[1;33m[+] [1;32mMails (limit 50)
[0m
[1;33m[+] [1;32mBackup folders
[0mdrwxr-xr-x 2 root root 4096 Dec  4  2017 /var/backups
total 12
-rw-r--r-- 1 root root 10612 Dec  4  2017 apt.extended_states.0

[1;33m[+] [1;32mBackup files
[0m-rw-r--r-- 1 root root 128 Dec  4  2017 /var/lib/sgml-base/supercatalog[1;31m.old[0m
-rw-r--r-- 1 root root 673 Dec  4  2017 /etc/xml/xml-core.xml[1;31m.old[0m
-rw-r--r-- 1 root root 610 Dec  4  2017 /etc/xml/catalog[1;31m.old[0m
-rw-r--r-- 1 root root 3024 Dec  4  2017 /etc/apt/sources[1;31m.bak[0m
-rw-r--r-- 1 root root 20 Feb  9  2017 /etc/vmware-tools/tools.conf[1;31m.old[0m
-rw-r--r-- 1 root root 298768 Dec 29  2015 /usr/share/doc/manpages/Changes[1;31m.old[0m.gz
-rw-r--r-- 1 root root 7867 May  6  2015 /usr/share/doc/telnet/README.telnet[1;31m.old[0m.gz
-rw-r--r-- 1 root root 1298 Jun 21  2016 /usr/share/help-langpack/en_CA/ubuntu-help/[1;31mbackup[0m-why.page
-rw-r--r-- 1 root root 2418 Jun 21  2016 /usr/share/help-langpack/en_CA/ubuntu-help/[1;31mbackup[0m-how.page
-rw-r--r-- 1 root root 1427 Jun 21  2016 /usr/share/help-langpack/en_CA/ubuntu-help/[1;31mbackup[0m-restore.page
-rw-r--r-- 1 root root 1732 Jun 21  2016 /usr/share/help-langpack/en_CA/ubuntu-help/[1;31mbackup[0m-check.page
-rw-r--r-- 1 root root 2530 Jun 21  2016 /usr/share/help-langpack/en_CA/ubuntu-help/[1;31mbackup[0m-what.page
-rw-r--r-- 1 root root 3094 Jun 21  2016 /usr/share/help-langpack/en_CA/ubuntu-help/[1;31mbackup[0m-thinkabout.page
-rw-r--r-- 1 root root 2034 Jun 21  2016 /usr/share/help-langpack/en_CA/ubuntu-help/[1;31mbackup[0m-frequency.page
-rw-r--r-- 1 root root 2308 Jun 21  2016 /usr/share/help-langpack/en_CA/ubuntu-help/[1;31mbackup[0m-where.page
-rw-r--r-- 1 root root 755 Apr  7  2016 /usr/share/help-langpack/en_AU/deja-dup/[1;31mbackup[0m-first.page
-rw-r--r-- 1 root root 974 Apr  7  2016 /usr/share/help-langpack/en_AU/deja-dup/[1;31mbackup[0m-auto.page
-rw-r--r-- 1 root root 1291 Jun 21  2016 /usr/share/help-langpack/en_AU/ubuntu-help/[1;31mbackup[0m-why.page
-rw-r--r-- 1 root root 2392 Jun 21  2016 /usr/share/help-langpack/en_AU/ubuntu-help/[1;31mbackup[0m-how.page
-rw-r--r-- 1 root root 1422 Jun 21  2016 /usr/share/help-langpack/en_AU/ubuntu-help/[1;31mbackup[0m-restore.page
-rw-r--r-- 1 root root 1720 Jun 21  2016 /usr/share/help-langpack/en_AU/ubuntu-help/[1;31mbackup[0m-check.page
-rw-r--r-- 1 root root 2500 Jun 21  2016 /usr/share/help-langpack/en_AU/ubuntu-help/[1;31mbackup[0m-what.page
-rw-r--r-- 1 root root 3073 Jun 21  2016 /usr/share/help-langpack/en_AU/ubuntu-help/[1;31mbackup[0m-thinkabout.page
-rw-r--r-- 1 root root 2018 Jun 21  2016 /usr/share/help-langpack/en_AU/ubuntu-help/[1;31mbackup[0m-frequency.page
-rw-r--r-- 1 root root 2295 Jun 21  2016 /usr/share/help-langpack/en_AU/ubuntu-help/[1;31mbackup[0m-where.page
-rw-r--r-- 1 root root 755 Apr  7  2016 /usr/share/help-langpack/en_GB/deja-dup/[1;31mbackup[0m-first.page
-rw-r--r-- 1 root root 974 Apr  7  2016 /usr/share/help-langpack/en_GB/deja-dup/[1;31mbackup[0m-auto.page
-rw-r--r-- 1 root root 1291 Jun 21  2016 /usr/share/help-langpack/en_GB/ubuntu-help/[1;31mbackup[0m-why.page
-rw-r--r-- 1 root root 2371 Jun 21  2016 /usr/share/help-langpack/en_GB/ubuntu-help/[1;31mbackup[0m-how.page
-rw-r--r-- 1 root root 1420 Jun 21  2016 /usr/share/help-langpack/en_GB/ubuntu-help/[1;31mbackup[0m-restore.page
-rw-r--r-- 1 root root 1720 Jun 21  2016 /usr/share/help-langpack/en_GB/ubuntu-help/[1;31mbackup[0m-check.page
-rw-r--r-- 1 root root 2503 Jun 21  2016 /usr/share/help-langpack/en_GB/ubuntu-help/[1;31mbackup[0m-what.page
-rw-r--r-- 1 root root 3067 Jun 21  2016 /usr/share/help-langpack/en_GB/ubuntu-help/[1;31mbackup[0m-thinkabout.page
-rw-r--r-- 1 root root 2020 Jun 21  2016 /usr/share/help-langpack/en_GB/ubuntu-help/[1;31mbackup[0m-frequency.page
-rw-r--r-- 1 root root 2289 Jun 21  2016 /usr/share/help-langpack/en_GB/ubuntu-help/[1;31mbackup[0m-where.page
-rw-r--r-- 1 root root 2543 Jun 24  2016 /usr/share/help-langpack/en_GB/evolution/[1;31mbackup[0m-restore.page
-rw-r--r-- 1 root root 11280 Dec  4  2017 /usr/share/info/dir[1;31m.old[0m
-rw-r--r-- 1 root root 0 Jan 18  2017 /usr/src/linux-headers-4.4.0-62-generic/include/config/wm831x/[1;31mbackup[0m.h
-rw-r--r-- 1 root root 0 Jan 18  2017 /usr/src/linux-headers-4.4.0-62-generic/include/config/net/team/mode/active[1;31mbackup[0m.h
-rw-r--r-- 1 root root 190058 Jan 18  2017 /usr/src/linux-headers-4.4.0-62-generic/.config[1;31m.old[0m
-rw-r--r-- 1 root root 31600 Feb  9  2017 /usr/lib/open-vm-tools/plugins/vmsvc/libvm[1;31mbackup[0m.so
-rw-r--r-- 1 root root 8710 Jan 18  2017 /lib/modules/4.4.0-62-generic/kernel/drivers/net/team/team_mode_active[1;31mbackup[0m.ko
-rw-r--r-- 1 root root 8990 Jan 18  2017 /lib/modules/4.4.0-62-generic/kernel/drivers/power/wm831x_[1;31mbackup[0m.ko

[1;33m[+] [1;32mSearching tables inside readable .db/.sql/.sqlite files (limit 100)
[0mFound: /var/lib/mlocate/mlocate[1;31m.db[0m: regular file, no read permission

[1;33m[+] [1;32mWeb files?(output limit)
[0m/var/www/:
total 12K
drwxr-xr-x  3 root root 4.0K Dec  4  2017 .
drwxr-xr-x 12 root root 4.0K Dec  4  2017 ..
drw-r-xr-x 10 root root 4.0K Dec  4  2017 html

/var/www/html:
total 116K
drw-r-xr-x 10 root root 4.0K Dec  4  2017 .
drwxr-xr-x  3 root root 4.0K Dec  4  2017 ..

[1;33m[+] [1;32mReadable hidden interesting files
[0m[1;34m[i] [1;33mhttps://book.hacktricks.xyz/linux-unix/privilege-escalation#read-sensitive-data
[0m-rw-r--r-- 1 [1;31mroot[0m [1;31mroot[0m 2188 Aug 31  2015 /etc/bash.bashrc
-rw-r--r-- 1 [1;31mroot[0m [1;31mroot[0m 3771 Aug 31  2015 /etc/skel/.bashrc
-rw-r--r-- 1 [1;31mroot[0m [1;31mroot[0m 655 Jun 24  2016 /etc/skel/.profile
-rw-r--r-- 1 [1;96marrexel[0m [1;96marrexel[0m 3786 Dec  4  2017 /home/[1;96marrexel[0m/.bashrc
-rw-r--r-- 1 [1;96marrexel[0m [1;96marrexel[0m 655 Dec  4  2017 /home/[1;96marrexel[0m/.profile
-rw-r--r-- 1 [1;96marrexel[0m [1;96marrexel[0m 0 Dec  4  2017 /home/[1;96marrexel[0m/.sudo_as_admin_successful
-rw-r--r-- 1 [1;96mscriptmanager[0m [1;96mscriptmanager[0m 3786 Dec  4  2017 /home/[1;96mscriptmanager[0m/.bashrc
-rw-r--r-- 1 [1;96mscriptmanager[0m [1;96mscriptmanager[0m 655 Dec  4  2017 /home/[1;96mscriptmanager[0m/.profile
-rw-r--r-- 1 [1;31mroot[0m [1;31mroot[0m 3106 Oct 22  2015 /usr/share/base-files/dot.bashrc
-rw-r--r-- 1 [1;31mroot[0m [1;31mroot[0m 870 Jul  2  2015 /usr/share/doc/adduser/examples/adduser.local.conf.examples/bash.bashrc
-rw-r--r-- 1 [1;31mroot[0m [1;31mroot[0m 1865 Jul  2  2015 /usr/share/doc/adduser/examples/adduser.local.conf.examples/skel/dot.bashrc

[1;33m[+] [1;32mAll hidden files (not in /sys/ or the ones listed in the previous check) (limit 70)
[0m-rw-r--r-- 1 scriptmanager scriptmanager 655 Dec  4  2017 /home/scriptmanager/.profile
-rw-r--r-- 1 scriptmanager scriptmanager 3786 Dec  4  2017 /home/scriptmanager/.bashrc
-rw------- 1 scriptmanager scriptmanager 2 Dec  4  2017 /home/scriptmanager/.bash_history
-rw-r--r-- 1 scriptmanager scriptmanager 220 Dec  4  2017 /home/scriptmanager/.bash_logout
-rw-r--r-- 1 arrexel arrexel 655 Dec  4  2017 /home/arrexel/.profile
-rw-r--r-- 1 arrexel arrexel 3786 Dec  4  2017 /home/arrexel/.bashrc
-rw------- 1 arrexel arrexel 1 Dec 23  2017 /home/arrexel/.bash_history
-rw-r--r-- 1 arrexel arrexel 220 Dec  4  2017 /home/arrexel/.bash_logout
-rw-r--r-- 1 arrexel arrexel 0 Dec  4  2017 /home/arrexel/.sudo_as_admin_successful
-rw-r--r-- 1 root root 1182 Dec  4  2017 /var/lib/apparmor/profiles/.apparmor.md5sums
-rw-r--r-- 1 root root 0 Mar 27 11:13 /run/network/.ifstate.lock
-rw-r--r-- 1 root root 655 Jun 24  2016 /etc/skel/.profile
-rw-r--r-- 1 root root 3771 Aug 31  2015 /etc/skel/.bashrc
-rw-r--r-- 1 root root 220 Aug 31  2015 /etc/skel/.bash_logout
-rw-r--r-- 1 root root 102 Apr  5  2016 /etc/cron.monthly/.placeholder
-rw-r--r-- 1 root root 102 Apr  5  2016 /etc/cron.weekly/.placeholder
-rw-r--r-- 1 root root 102 Apr  5  2016 /etc/cron.daily/.placeholder
-rw-r--r-- 1 root root 471 Dec  4  2017 /etc/init.d/.depend.start
-rw-r--r-- 1 root root 1355 Dec  4  2017 /etc/init.d/.depend.boot
-rw-r--r-- 1 root root 667 Dec  4  2017 /etc/init.d/.depend.stop
-rw-r--r-- 1 root root 102 Apr  5  2016 /etc/cron.d/.placeholder
-rw------- 1 root root 0 Feb 15  2017 /etc/.pwd.lock
-rw-r--r-- 1 root root 1391 Dec  4  2017 /etc/apparmor.d/cache/.features
-rw-r--r-- 1 root root 102 Apr  5  2016 /etc/cron.hourly/.placeholder
-rw-r--r-- 1 root root 42 Jan 10  2016 /usr/src/linux-headers-4.4.0-62/scripts/genksyms/.gitignore
-rw-r--r-- 1 root root 21 Jan 10  2016 /usr/src/linux-headers-4.4.0-62/scripts/selinux/mdp/.gitignore
-rw-r--r-- 1 root root 11 Jan 10  2016 /usr/src/linux-headers-4.4.0-62/scripts/selinux/genheaders/.gitignore
-rw-r--r-- 1 root root 167 Jan 10  2016 /usr/src/linux-headers-4.4.0-62/scripts/kconfig/.gitignore
-rw-r--r-- 1 root root 31 Jan 10  2016 /usr/src/linux-headers-4.4.0-62/scripts/kconfig/lxdialog/.gitignore
-rw-r--r-- 1 root root 54 Jan 10  2016 /usr/src/linux-headers-4.4.0-62/scripts/dtc/.gitignore
-rw-r--r-- 1 root root 12 Jan 10  2016 /usr/src/linux-headers-4.4.0-62/scripts/gdb/linux/.gitignore
-rw-r--r-- 1 root root 154 Jan 10  2016 /usr/src/linux-headers-4.4.0-62/scripts/.gitignore
-rw-r--r-- 1 root root 13 Jan 10  2016 /usr/src/linux-headers-4.4.0-62/scripts/basic/.gitignore
-rw-r--r-- 1 root root 55 Jan 10  2016 /usr/src/linux-headers-4.4.0-62/scripts/mod/.gitignore
-rw-r--r-- 1 root root 14210 Jan 18  2017 /usr/src/linux-headers-4.4.0-62-generic/kernel/.bounds.s.cmd
-rw-r--r-- 1 root root 3347 Jan 18  2017 /usr/src/linux-headers-4.4.0-62-generic/scripts/genksyms/.lex.lex.o.cmd
-rw-r--r-- 1 root root 153 Jan 18  2017 /usr/src/linux-headers-4.4.0-62-generic/scripts/genksyms/.genksyms.cmd
-rw-r--r-- 1 root root 2481 Jan 18  2017 /usr/src/linux-headers-4.4.0-62-generic/scripts/genksyms/.parse.tab.o.cmd
-rw-r--r-- 1 root root 2719 Jan 18  2017 /usr/src/linux-headers-4.4.0-62-generic/scripts/genksyms/.genksyms.o.cmd
-rw-r--r-- 1 root root 3568 Jan 18  2017 /usr/src/linux-headers-4.4.0-62-generic/scripts/.sortextable.cmd
-rw-r--r-- 1 root root 3972 Jan 18  2017 /usr/src/linux-headers-4.4.0-62-generic/scripts/.insert-sys-cert.cmd
-rw-r--r-- 1 root root 2839 Jan 18  2017 /usr/src/linux-headers-4.4.0-62-generic/scripts/selinux/mdp/.mdp.cmd
-rw-r--r-- 1 root root 3239 Jan 18  2017 /usr/src/linux-headers-4.4.0-62-generic/scripts/selinux/genheaders/.genheaders.cmd
-rw-r--r-- 1 root root 2391 Jan 18  2017 /usr/src/linux-headers-4.4.0-62-generic/scripts/.conmakehash.cmd
-rw-r--r-- 1 root root 4917 Jan 18  2017 /usr/src/linux-headers-4.4.0-62-generic/scripts/kconfig/.zconf.tab.o.cmd
-rw-r--r-- 1 root root 3755 Jan 18  2017 /usr/src/linux-headers-4.4.0-62-generic/scripts/kconfig/.conf.o.cmd
-rw-r--r-- 1 root root 110 Jan 18  2017 /usr/src/linux-headers-4.4.0-62-generic/scripts/kconfig/.conf.cmd
-rw-r--r-- 1 root root 2380 Jan 18  2017 /usr/src/linux-headers-4.4.0-62-generic/scripts/.kallsyms.cmd
-rw-r--r-- 1 root root 5133 Jan 18  2017 /usr/src/linux-headers-4.4.0-62-generic/scripts/.sign-file.cmd
-rw-r--r-- 1 root root 3387 Jan 18  2017 /usr/src/linux-headers-4.4.0-62-generic/scripts/.recordmcount.cmd
-rw-r--r-- 1 root root 1193 Jan 18  2017 /usr/src/linux-headers-4.4.0-62-generic/scripts/basic/.bin2c.cmd
-rw-r--r-- 1 root root 4268 Jan 18  2017 /usr/src/linux-headers-4.4.0-62-generic/scripts/basic/.fixdep.cmd
-rw-r--r-- 1 root root 4495 Jan 18  2017 /usr/src/linux-headers-4.4.0-62-generic/scripts/.extract-cert.cmd
-rw-r--r-- 1 root root 4451 Jan 18  2017 /usr/src/linux-headers-4.4.0-62-generic/scripts/mod/.sumversion.o.cmd
-rw-r--r-- 1 root root 104 Jan 18  2017 /usr/src/linux-headers-4.4.0-62-generic/scripts/mod/.elfconfig.h.cmd
-rw-r--r-- 1 root root 129 Jan 18  2017 /usr/src/linux-headers-4.4.0-62-generic/scripts/mod/.modpost.cmd
-rw-r--r-- 1 root root 2537 Jan 18  2017 /usr/src/linux-headers-4.4.0-62-generic/scripts/mod/.mk_elfconfig.cmd
-rw-r--r-- 1 root root 546 Jan 18  2017 /usr/src/linux-headers-4.4.0-62-generic/scripts/mod/.devicetable-offsets.h.cmd
-rw-r--r-- 1 root root 3485 Jan 18  2017 /usr/src/linux-headers-4.4.0-62-generic/scripts/mod/.file2alias.o.cmd
-rw-r--r-- 1 root root 5191 Jan 18  2017 /usr/src/linux-headers-4.4.0-62-generic/scripts/mod/.devicetable-offsets.s.cmd
-rw-r--r-- 1 root root 2289 Jan 18  2017 /usr/src/linux-headers-4.4.0-62-generic/scripts/mod/.empty.o.cmd
-rw-r--r-- 1 root root 4622 Jan 18  2017 /usr/src/linux-headers-4.4.0-62-generic/scripts/mod/.modpost.o.cmd
-rw-r--r-- 1 root root 3253 Jan 18  2017 /usr/src/linux-headers-4.4.0-62-generic/scripts/.asn1_compiler.cmd
-rw-r--r-- 1 root root 22 Jan 18  2017 /usr/src/linux-headers-4.4.0-62-generic/.17323.d
-rw-r--r-- 1 root root 292 Jan 18  2017 /usr/src/linux-headers-4.4.0-62-generic/arch/x86/include/generated/asm/.syscalls_32.h.cmd
-rw-r--r-- 1 root root 316 Jan 18  2017 /usr/src/linux-headers-4.4.0-62-generic/arch/x86/include/generated/asm/.unistd_64_x32.h.cmd
-rw-r--r-- 1 root root 402 Jan 18  2017 /usr/src/linux-headers-4.4.0-62-generic/arch/x86/include/generated/asm/.xen-hypercalls.h.cmd
-rw-r--r-- 1 root root 320 Jan 18  2017 /usr/src/linux-headers-4.4.0-62-generic/arch/x86/include/generated/asm/.unistd_32_ia32.h.cmd
-rw-r--r-- 1 root root 292 Jan 18  2017 /usr/src/linux-headers-4.4.0-62-generic/arch/x86/include/generated/asm/.syscalls_64.h.cmd
-rw-r--r-- 1 root root 340 Jan 18  2017 /usr/src/linux-headers-4.4.0-62-generic/arch/x86/include/generated/uapi/asm/.unistd_x32.h.cmd

[1;33m[+] [1;32mReadable files inside /tmp, /var/tmp, /private/tmp, /private/var/at/tmp, /private/var/tmp, and backup folders (limit 70)
[0m-rw-r--r-- 1 root root 10612 Dec  4  2017 /var/backups/apt.extended_states.0

[1;33m[+] [1;32mInteresting writable files owned by me or writable by everyone (not in Home) (max 500)
[0m[1;34m[i] [1;33mhttps://book.hacktricks.xyz/linux-unix/privilege-escalation#writable-files
[0m/dev/mqueue
/dev/shm
/dev/shm/linpeas.out
/dev/shm/linpeas[1;31m.sh[0m
/run/lock
/run/lock/apache2
/tmp
/tmp/.ICE-unix
/tmp/.Test-unix
/tmp/.X11-unix
/tmp/.XIM-unix
/tmp/.font-unix
[3m#)You_can_write_even_more_files_inside_last_directory
[0m
/var/cache/apache2/mod_cache_disk
/var[1;31m/lib/[0mphp/sessions
/var/tmp
/var/www/html/uploads
/var/www/html/uploads/index.html
/var/www/html/uploads/rev_shell.php

[1;33m[+] [1;32mInteresting GROUP writable files (not in Home) (max 500)
[0m[1;34m[i] [1;33mhttps://book.hacktricks.xyz/linux-unix/privilege-escalation#writable-files
[0m  Group [1;32mwww-data:
[0m/dev/shm/linpeas.out
/dev/shm/linpeas[1;31m.sh[0m

[1;33m[+] [1;32mSearching passwords in config PHP files
[0m
[1;33m[+] [1;32mChecking for TTY (sudo/su) passwords in audit logs
[0m
[1;33m[+] [1;32mFinding IPs inside logs (limit 70)
[0m     17 /var/log/dpkg.log:1.16.04.2
     14 /var/log/dpkg.log:1.16.04.3
      8 /var/log/vmware/rc.local.log:1.16.04.2
      4 /var/log/installer/status:1.2.3.3
      2 /var/log/apt/history.log:1.16.04.3
      2 /var/log/apt/history.log:1.16.04.2
      1 /var/log/installer/status:2.21.63.3

[1;33m[+] [1;32mFinding passwords inside logs (limit 70)
[0m/var/log/bootstrap.log: base-[1;31mpassw[0md depends on libc6 (>= 2.8); however:
/var/log/bootstrap.log: base-[1;31mpassw[0md depends on libdebconfclient0 (>= 0.145); however:
/var/log/bootstrap.log:Preparing to unpack .../base-[1;31mpassw[0md_3.5.39_amd64.deb ...
/var/log/bootstrap.log:Preparing to unpack .../[1;31mpassw[0md_1%3a4.2-3.1ubuntu5_amd64.deb ...
/var/log/bootstrap.log:Selecting previously unselected package base-[1;31mpassw[0md.
/var/log/bootstrap.log:Selecting previously unselected package [1;31mpassw[0md.
/var/log/bootstrap.log:Setting up base-[1;31mpassw[0md (3.5.39) ...
/var/log/bootstrap.log:Setting up [1;31mpassw[0md (1:4.2-3.1ubuntu5) ...
/var/log/bootstrap.log:Shadow [1;31mpassw[0mords are now on.
/var/log/bootstrap.log:Unpacking base-[1;31mpassw[0md (3.5.39) ...
/var/log/bootstrap.log:Unpacking base-[1;31mpassw[0md (3.5.39) over (3.5.39) ...
/var/log/bootstrap.log:Unpacking [1;31mpassw[0md (1:4.2-3.1ubuntu5) ...
/var/log/bootstrap.log:dpkg: base-[1;31mpassw[0md: dependency problems, but configuring anyway as you requested:
/var/log/dpkg.log:2017-02-15 20:19:39 configure base-[1;31mpassw[0md:amd64 3.5.39 3.5.39
/var/log/dpkg.log:2017-02-15 20:19:39 install base-[1;31mpassw[0md:amd64 <none> 3.5.39
/var/log/dpkg.log:2017-02-15 20:19:39 status half-configured base-[1;31mpassw[0md:amd64 3.5.39
/var/log/dpkg.log:2017-02-15 20:19:39 status half-installed base-[1;31mpassw[0md:amd64 3.5.39
/var/log/dpkg.log:2017-02-15 20:19:39 status installed base-[1;31mpassw[0md:amd64 3.5.39
/var/log/dpkg.log:2017-02-15 20:19:39 status unpacked base-[1;31mpassw[0md:amd64 3.5.39
/var/log/dpkg.log:2017-02-15 20:19:43 status half-configured base-[1;31mpassw[0md:amd64 3.5.39
/var/log/dpkg.log:2017-02-15 20:19:43 status half-installed base-[1;31mpassw[0md:amd64 3.5.39
/var/log/dpkg.log:2017-02-15 20:19:43 status unpacked base-[1;31mpassw[0md:amd64 3.5.39
/var/log/dpkg.log:2017-02-15 20:19:43 upgrade base-[1;31mpassw[0md:amd64 3.5.39 3.5.39
/var/log/dpkg.log:2017-02-15 20:19:56 install [1;31mpassw[0md:amd64 <none> 1:4.2-3.1ubuntu5
/var/log/dpkg.log:2017-02-15 20:19:56 status half-installed [1;31mpassw[0md:amd64 1:4.2-3.1ubuntu5
/var/log/dpkg.log:2017-02-15 20:19:56 status unpacked [1;31mpassw[0md:amd64 1:4.2-3.1ubuntu5
/var/log/dpkg.log:2017-02-15 20:20:12 configure base-[1;31mpassw[0md:amd64 3.5.39 <none>
/var/log/dpkg.log:2017-02-15 20:20:12 status half-configured base-[1;31mpassw[0md:amd64 3.5.39
/var/log/dpkg.log:2017-02-15 20:20:12 status unpacked base-[1;31mpassw[0md:amd64 3.5.39
/var/log/dpkg.log:2017-02-15 20:20:13 status installed base-[1;31mpassw[0md:amd64 3.5.39
/var/log/dpkg.log:2017-02-15 20:20:26 configure [1;31mpassw[0md:amd64 1:4.2-3.1ubuntu5 <none>
/var/log/dpkg.log:2017-02-15 20:20:26 status half-configured [1;31mpassw[0md:amd64 1:4.2-3.1ubuntu5
/var/log/dpkg.log:2017-02-15 20:20:26 status installed [1;31mpassw[0md:amd64 1:4.2-3.1ubuntu5
/var/log/dpkg.log:2017-02-15 20:20:26 status unpacked [1;31mpassw[0md:amd64 1:4.2-3.1ubuntu5
/var/log/installer/status:Description: Set up users and [1;31mpassw[0mords

[1;33m[+] [1;32mFinding emails inside logs (limit 70)
[0m[1;32m     58 /var/log/installer/status:ubuntu-devel-discuss@lists.ubuntu.com[0m
[1;32m     28 /var/log/installer/status:ubuntu-installer@lists.ubuntu.com[0m
[1;32m     17 /var/log/installer/status:kernel-team@lists.ubuntu.com[0m
[1;32m      4 /var/log/bootstrap.log:ftpmaster@ubuntu.com[0m

[1;33m[+] [1;32mFinding *password* or *credential* files in home (limit 70)
[0m
[1;33m[+] [1;32mFinding 'pwd' or 'passw' variables (and interesting php db definitions) inside key folders (limit 70) - only PHP files
[0m
[1;33m[+] [1;32mFinding 'pwd' or 'passw' variables (and interesting php db definitions) inside key folders (limit 70) - no PHP files
[0m/etc/apache2/sites-available/default-ssl.conf:		#	 file needs this [1;31mpassw[0mord: `xxj31ZMTZzkVA'.
/etc/bash_completion.d/grub:__grub_mk[1;31mpassw[0md_pbkdf2_program="grub-mk[1;31mpassw[0md-pbkdf2"
/etc/debconf.conf:#Bind[1;31mPassw[0md: secret
/etc/nsswitch.conf:[1;31mpassw[0md:         compat
/etc/pam.d/common-[1;31mpassw[0mord:[1;31mpassw[0mord	[success=1 default=ignore]	pam_unix.so obscure sha512
/etc/security/namespace.init:                gid=$(echo "$[1;31mpassw[0md" | cut -f4 -d":")
/etc/security/namespace.init:        homedir=$(echo "$[1;31mpassw[0md" | cut -f6 -d":")
/etc/security/namespace.init:        [1;31mpassw[0md=$(getent [1;31mpassw[0md "$user")
/etc/ssl/openssl.cnf:# input_[1;31mpassw[0mord = secret
/etc/ssl/openssl.cnf:# output_[1;31mpassw[0mord = secret
/etc/ssl/openssl.cnf:challenge[1;31mPassw[0mord		= A challenge [1;31mpassw[0mord
/etc/ssl/openssl.cnf:challenge[1;31mPassw[0mord_max		= 20
/etc/ssl/openssl.cnf:challenge[1;31mPassw[0mord_min		= 4
/etc/vmware-tools/vm-support:         sed 's/[1;31mpassw[0mord[[:space:]]\+\(.*\)[[:space:]]\+\(.*\)$/[1;31mpassw[0mord  xxxxxx/g' > \

[1;33m[+] [1;32mFinding possible password variables inside key folders (limit 140)
[0m
[1;33m[+] [1;32mFinding possible password in config files
[0m[3m /etc/nsswitch.conf[0m
[1;31mpassw[0md:         compat
[3m /etc/sysctl.d/10-ptrace.conf[0m
[1;31mcreden[0mtials that exist in memory (re-using existing SSH connections,
[3m /etc/adduser.conf[0m
[1;31mpassw[0md
[3m /etc/debconf.conf[0m
[1;31mpassw[0mords.
[1;31mpassw[0mord
[1;31mpassw[0mords.
[1;31mpassw[0mords
[1;31mpassw[0mord
[1;31mpassw[0mords.dat
[1;31mpassw[0mords and one for everything else.
[1;31mpassw[0mords
[1;31mpassw[0mord is really
[1;31mPassw[0md: secret
[3m /etc/init/passwd.conf[0m
[1;31mpassw[0md - clear locks on [1;31mpassw[0md and related files
[1;31mpassw[0md to avoid million duplicate bug reports
[1;31mpassw[0md locks"
[1;31mpassw[0md.lock /etc/group.lock /etc/subuid.lock /etc/subgid.lock
[3m /etc/apache2/apache2.conf[0m
[1;31mpassw[0md files from being

[1;33m[+] [1;32mFinding 'username' string inside key folders (limit 70)
[0m/var/www/html/dev/phpbash.php:                        [1;31musername[0m = parsedResponse[0];
/var/www/html/dev/phpbash.php:                <div class="[1;31musername[0m" id="[1;31musername[0m"></div>
/var/www/html/dev/phpbash.php:            var [1;31musername[0m = "";
/var/www/html/dev/phpbash.php:            var [1;31musername[0mElement = document.getElementById("[1;31musername[0m");

[1;33m[+] [1;32mSearching specific hashes inside files - less false positives (limit 70)
[0m
